<?xml version="1.0" encoding="UTF-8"?>
<coverage generated="1588164670006" clover="3.2.0">
  <project timestamp="1588164670006" name="All files">
    <metrics statements="14" coveredstatements="14" conditionals="0" coveredconditionals="0" methods="1" coveredmethods="1" elements="15" coveredelements="15" complexity="0" loc="14" ncloc="14" packages="1" files="2" classes="2"/>
    <file name="Logo.tsx" path="/home/oscar/work/storedsafe/browser_extension/storedsafe-browser-extension/src/components/Layout/Logo.tsx">
      <metrics statements="5" coveredstatements="5" conditionals="0" coveredconditionals="0" methods="1" coveredmethods="1"/>
      <line num="1" count="4" type="stmt"/>
      <line num="2" count="4" type="stmt"/>
      <line num="3" count="4" type="stmt"/>
      <line num="5" count="4" type="stmt"/>
      <line num="6" count="1" type="stmt"/>
    </file>
    <file name="index.ts" path="/home/oscar/work/storedsafe/browser_extension/storedsafe-browser-extension/src/components/Layout/index.ts">
      <metrics statements="9" coveredstatements="9" conditionals="0" coveredconditionals="0" methods="0" coveredmethods="0"/>
      <line num="1" count="3" type="stmt"/>
      <line num="2" count="3" type="stmt"/>
      <line num="3" count="3" type="stmt"/>
      <line num="4" count="3" type="stmt"/>
      <line num="5" count="3" type="stmt"/>
      <line num="6" count="3" type="stmt"/>
      <line num="7" count="3" type="stmt"/>
      <line num="8" count="3" type="stmt"/>
      <line num="9" count="3" type="stmt"/>
    </file>
  </project>
</coverage>
