{"/home/oscar/work/storedsafe/browser_extension/storedsafe-browser-extension/src/App.tsx": {"path":"/home/oscar/work/storedsafe/browser_extension/storedsafe-browser-extension/src/App.tsx","statementMap":{"0":{"start":{"line":1,"column":0},"end":{"line":1,"column":31}},"1":{"start":{"line":2,"column":0},"end":{"line":2,"column":37}},"2":{"start":{"line":3,"column":0},"end":{"line":3,"column":39}},"3":{"start":{"line":4,"column":0},"end":{"line":4,"column":45}},"4":{"start":{"line":5,"column":0},"end":{"line":5,"column":43}},"5":{"start":{"line":7,"column":0},"end":{"line":7,"column":null}},"6":{"start":{"line":8,"column":2},"end":{"line":8,"column":null}},"7":{"start":{"line":9,"column":4},"end":{"line":9,"column":null}},"8":{"start":{"line":12,"column":23},"end":{"line":45,"column":1}},"9":{"start":{"line":13,"column":26},"end":{"line":13,"column":60}},"10":{"start":{"line":15,"column":2},"end":{"line":27,"column":9}},"11":{"start":{"line":16,"column":17},"end":{"line":16,"column":51}},"12":{"start":{"line":17,"column":4},"end":{"line":25,"column":null}},"13":{"start":{"line":19,"column":8},"end":{"line":19,"column":28}},"14":{"start":{"line":20,"column":8},"end":{"line":20,"column":14}},"15":{"start":{"line":23,"column":8},"end":{"line":23,"column":30}},"16":{"start":{"line":29,"column":2},"end":{"line":44,"column":4}},"17":{"start":{"line":47,"column":0},"end":{"line":47,"column":19}}},"fnMap":{"0":{"name":"(anonymous_0)","decl":{"start":{"line":7,"column":0},"end":{"line":7,"column":5}},"loc":{"start":{"line":7,"column":9},"end":{"line":10,"column":1}}},"1":{"name":"(anonymous_1)","decl":{"start":{"line":12,"column":23},"end":{"line":12,"column":26}},"loc":{"start":{"line":12,"column":28},"end":{"line":45,"column":1}}},"2":{"name":"(anonymous_2)","decl":{"start":{"line":15,"column":18},"end":{"line":15,"column":21}},"loc":{"start":{"line":15,"column":23},"end":{"line":27,"column":3}}}},"branchMap":{"0":{"loc":{"start":{"line":7,"column":5},"end":{"line":7,"column":9}},"type":"binary-expr","locations":[{"start":{"line":7,"column":5},"end":{"line":7,"column":9}},{"start":{"line":7,"column":5},"end":{"line":7,"column":null}}]},"1":{"loc":{"start":{"line":18,"column":6},"end":{"line":21,"column":null}},"type":"switch","locations":[{"start":{"line":18,"column":6},"end":{"line":21,"column":null}},{"start":{"line":22,"column":6},"end":{"line":24,"column":null}}]},"2":{"loc":{"start":{"line":31,"column":7},"end":{"line":31,"column":26}},"type":"binary-expr","locations":[{"start":{"line":31,"column":7},"end":{"line":31,"column":26}},{"start":{"line":31,"column":30},"end":{"line":31,"column":39}}]}},"s":{"0":0,"1":0,"2":0,"3":0,"4":0,"5":0,"6":0,"7":0,"8":0,"9":0,"10":0,"11":0,"12":0,"13":0,"14":0,"15":0,"16":0,"17":0},"f":{"0":0,"1":0,"2":0},"b":{"0":[0,0],"1":[0,0],"2":[0,0]}}
,"/home/oscar/work/storedsafe/browser_extension/storedsafe-browser-extension/src/background.ts": {"path":"/home/oscar/work/storedsafe/browser_extension/storedsafe-browser-extension/src/background.ts","statementMap":{"0":{"start":{"line":2,"column":2},"end":{"line":2,"column":36}},"1":{"start":{"line":5,"column":0},"end":{"line":5,"column":53}}},"fnMap":{"0":{"name":"onInstalled","decl":{"start":{"line":1,"column":9},"end":{"line":1,"column":20}},"loc":{"start":{"line":1,"column":20},"end":{"line":3,"column":1}}}},"branchMap":{},"s":{"0":0,"1":0},"f":{"0":0},"b":{}}
,"/home/oscar/work/storedsafe/browser_extension/storedsafe-browser-extension/src/content_script.ts": {"path":"/home/oscar/work/storedsafe/browser_extension/storedsafe-browser-extension/src/content_script.ts","statementMap":{"0":{"start":{"line":1,"column":0},"end":{"line":1,"column":30}}},"fnMap":{},"branchMap":{},"s":{"0":0},"f":{},"b":{}}
,"/home/oscar/work/storedsafe/browser_extension/storedsafe-browser-extension/src/components/Auth/Auth.tsx": {"path":"/home/oscar/work/storedsafe/browser_extension/storedsafe-browser-extension/src/components/Auth/Auth.tsx","statementMap":{"0":{"start":{"line":1,"column":0},"end":{"line":1,"column":31}},"1":{"start":{"line":2,"column":0},"end":{"line":2,"column":59}},"2":{"start":{"line":3,"column":0},"end":{"line":3,"column":43}},"3":{"start":{"line":4,"column":0},"end":{"line":4,"column":49}},"4":{"start":{"line":5,"column":0},"end":{"line":5,"column":32}},"5":{"start":{"line":6,"column":0},"end":{"line":6,"column":42}},"6":{"start":{"line":7,"column":0},"end":{"line":7,"column":64}},"7":{"start":{"line":9,"column":13},"end":{"line":124,"column":null}},"8":{"start":{"line":10,"column":28},"end":{"line":10,"column":67}},"9":{"start":{"line":11,"column":34},"end":{"line":11,"column":78}},"10":{"start":{"line":12,"column":34},"end":{"line":12,"column":59}},"11":{"start":{"line":14,"column":2},"end":{"line":25,"column":9}},"12":{"start":{"line":15,"column":4},"end":{"line":24,"column":7}},"13":{"start":{"line":18,"column":20},"end":{"line":18,"column":39}},"14":{"start":{"line":19,"column":6},"end":{"line":19,"column":22}},"15":{"start":{"line":20,"column":6},"end":{"line":20,"column":28}},"16":{"start":{"line":21,"column":6},"end":{"line":23,"column":null}},"17":{"start":{"line":22,"column":8},"end":{"line":22,"column":78}},"18":{"start":{"line":22,"column":46},"end":{"line":22,"column":75}},"19":{"start":{"line":27,"column":26},"end":{"line":28,"column":null}},"20":{"start":{"line":28,"column":4},"end":{"line":28,"column":53}},"21":{"start":{"line":35,"column":16},"end":{"line":70,"column":3}},"22":{"start":{"line":36,"column":28},"end":{"line":36,"column":43}},"23":{"start":{"line":37,"column":42},"end":{"line":37,"column":48}},"24":{"start":{"line":38,"column":23},"end":{"line":38,"column":50}},"25":{"start":{"line":40,"column":4},"end":{"line":46,"column":null}},"26":{"start":{"line":41,"column":6},"end":{"line":41,"column":67}},"27":{"start":{"line":42,"column":11},"end":{"line":46,"column":null}},"28":{"start":{"line":43,"column":6},"end":{"line":43,"column":64}},"29":{"start":{"line":45,"column":6},"end":{"line":45,"column":65}},"30":{"start":{"line":48,"column":4},"end":{"line":69,"column":7}},"31":{"start":{"line":49,"column":6},"end":{"line":68,"column":null}},"32":{"start":{"line":50,"column":47},"end":{"line":62,"column":10}},"33":{"start":{"line":63,"column":8},"end":{"line":65,"column":11}},"34":{"start":{"line":64,"column":10},"end":{"line":64,"column":35}},"35":{"start":{"line":67,"column":8},"end":{"line":67,"column":74}},"36":{"start":{"line":72,"column":17},"end":{"line":86,"column":3}},"37":{"start":{"line":73,"column":28},"end":{"line":73,"column":40}},"38":{"start":{"line":74,"column":22},"end":{"line":74,"column":44}},"39":{"start":{"line":75,"column":23},"end":{"line":75,"column":57}},"40":{"start":{"line":76,"column":4},"end":{"line":85,"column":7}},"41":{"start":{"line":77,"column":26},"end":{"line":80,"column":8}},"42":{"start":{"line":81,"column":6},"end":{"line":81,"column":39}},"43":{"start":{"line":82,"column":6},"end":{"line":84,"column":9}},"44":{"start":{"line":83,"column":8},"end":{"line":83,"column":33}},"45":{"start":{"line":88,"column":23},"end":{"line":98,"column":3}},"46":{"start":{"line":89,"column":20},"end":{"line":89,"column":32}},"47":{"start":{"line":90,"column":24},"end":{"line":93,"column":6}},"48":{"start":{"line":94,"column":4},"end":{"line":96,"column":7}},"49":{"start":{"line":95,"column":6},"end":{"line":95,"column":31}},"50":{"start":{"line":97,"column":4},"end":{"line":97,"column":23}},"51":{"start":{"line":100,"column":2},"end":{"line":123,"column":4}},"52":{"start":{"line":112,"column":57},"end":{"line":112,"column":70}},"53":{"start":{"line":116,"column":71},"end":{"line":116,"column":79}}},"fnMap":{"0":{"name":"(anonymous_0)","decl":{"start":{"line":9,"column":30},"end":{"line":9,"column":33}},"loc":{"start":{"line":9,"column":35},"end":{"line":124,"column":1}}},"1":{"name":"(anonymous_1)","decl":{"start":{"line":14,"column":18},"end":{"line":14,"column":21}},"loc":{"start":{"line":14,"column":23},"end":{"line":25,"column":3}}},"2":{"name":"(anonymous_2)","decl":{"start":{"line":15,"column":65},"end":{"line":15,"column":66}},"loc":{"start":{"line":17,"column":9},"end":{"line":24,"column":5}}},"3":{"name":"(anonymous_3)","decl":{"start":{"line":22,"column":36},"end":{"line":22,"column":37}},"loc":{"start":{"line":22,"column":46},"end":{"line":22,"column":75}}},"4":{"name":"(anonymous_4)","decl":{"start":{"line":27,"column":26},"end":{"line":27,"column":27}},"loc":{"start":{"line":28,"column":4},"end":{"line":28,"column":53}}},"5":{"name":"(anonymous_5)","decl":{"start":{"line":35,"column":16},"end":{"line":35,"column":17}},"loc":{"start":{"line":35,"column":46},"end":{"line":70,"column":3}}},"6":{"name":"(anonymous_6)","decl":{"start":{"line":48,"column":18},"end":{"line":48,"column":19}},"loc":{"start":{"line":48,"column":26},"end":{"line":69,"column":5}}},"7":{"name":"(anonymous_7)","decl":{"start":{"line":63,"column":42},"end":{"line":63,"column":45}},"loc":{"start":{"line":63,"column":47},"end":{"line":65,"column":9}}},"8":{"name":"(anonymous_8)","decl":{"start":{"line":72,"column":17},"end":{"line":72,"column":18}},"loc":{"start":{"line":72,"column":52},"end":{"line":86,"column":3}}},"9":{"name":"(anonymous_9)","decl":{"start":{"line":76,"column":29},"end":{"line":76,"column":32}},"loc":{"start":{"line":76,"column":34},"end":{"line":85,"column":5}}},"10":{"name":"(anonymous_10)","decl":{"start":{"line":82,"column":40},"end":{"line":82,"column":43}},"loc":{"start":{"line":82,"column":45},"end":{"line":84,"column":7}}},"11":{"name":"(anonymous_11)","decl":{"start":{"line":88,"column":23},"end":{"line":88,"column":24}},"loc":{"start":{"line":88,"column":47},"end":{"line":98,"column":3}}},"12":{"name":"(anonymous_12)","decl":{"start":{"line":94,"column":38},"end":{"line":94,"column":41}},"loc":{"start":{"line":94,"column":43},"end":{"line":96,"column":5}}},"13":{"name":"(anonymous_13)","decl":{"start":{"line":112,"column":39},"end":{"line":112,"column":40}},"loc":{"start":{"line":112,"column":57},"end":{"line":112,"column":70}}},"14":{"name":"(anonymous_14)","decl":{"start":{"line":116,"column":59},"end":{"line":116,"column":68}},"loc":{"start":{"line":116,"column":71},"end":{"line":116,"column":79}}}},"branchMap":{"0":{"loc":{"start":{"line":21,"column":6},"end":{"line":23,"column":null}},"type":"if","locations":[{"start":{"line":21,"column":6},"end":{"line":23,"column":null}},{"start":{"line":21,"column":6},"end":{"line":23,"column":null}}]},"1":{"loc":{"start":{"line":27,"column":43},"end":{"line":27,"column":51}},"type":"default-arg","locations":[{"start":{"line":27,"column":43},"end":{"line":27,"column":51}}]},"2":{"loc":{"start":{"line":40,"column":4},"end":{"line":46,"column":null}},"type":"if","locations":[{"start":{"line":40,"column":4},"end":{"line":46,"column":null}},{"start":{"line":40,"column":4},"end":{"line":46,"column":null}}]},"3":{"loc":{"start":{"line":42,"column":11},"end":{"line":46,"column":null}},"type":"if","locations":[{"start":{"line":42,"column":11},"end":{"line":46,"column":null}},{"start":{"line":42,"column":11},"end":{"line":46,"column":null}}]},"4":{"loc":{"start":{"line":49,"column":6},"end":{"line":68,"column":null}},"type":"if","locations":[{"start":{"line":49,"column":6},"end":{"line":68,"column":null}},{"start":{"line":49,"column":6},"end":{"line":68,"column":null}}]},"5":{"loc":{"start":{"line":72,"column":34},"end":{"line":72,"column":42}},"type":"default-arg","locations":[{"start":{"line":72,"column":34},"end":{"line":72,"column":42}}]},"6":{"loc":{"start":{"line":102,"column":7},"end":{"line":102,"column":12}},"type":"binary-expr","locations":[{"start":{"line":102,"column":7},"end":{"line":102,"column":12}},{"start":{"line":102,"column":16},"end":{"line":102,"column":24}},{"start":{"line":102,"column":28},"end":{"line":102,"column":44}},{"start":{"line":103,"column":8},"end":{"line":118,"column":null}}]},"7":{"loc":{"start":{"line":111,"column":12},"end":{"line":112,"column":null}},"type":"cond-expr","locations":[{"start":{"line":111,"column":12},"end":{"line":112,"column":null}},{"start":{"line":115,"column":12},"end":{"line":116,"column":null}}]},"8":{"loc":{"start":{"line":121,"column":7},"end":{"line":121,"column":12}},"type":"binary-expr","locations":[{"start":{"line":121,"column":7},"end":{"line":121,"column":12}},{"start":{"line":121,"column":16},"end":{"line":121,"column":24}},{"start":{"line":121,"column":28},"end":{"line":121,"column":46}},{"start":{"line":121,"column":50},"end":{"line":121,"column":76}}]}},"s":{"0":0,"1":0,"2":0,"3":0,"4":0,"5":0,"6":0,"7":0,"8":0,"9":0,"10":0,"11":0,"12":0,"13":0,"14":0,"15":0,"16":0,"17":0,"18":0,"19":0,"20":0,"21":0,"22":0,"23":0,"24":0,"25":0,"26":0,"27":0,"28":0,"29":0,"30":0,"31":0,"32":0,"33":0,"34":0,"35":0,"36":0,"37":0,"38":0,"39":0,"40":0,"41":0,"42":0,"43":0,"44":0,"45":0,"46":0,"47":0,"48":0,"49":0,"50":0,"51":0,"52":0,"53":0},"f":{"0":0,"1":0,"2":0,"3":0,"4":0,"5":0,"6":0,"7":0,"8":0,"9":0,"10":0,"11":0,"12":0,"13":0,"14":0},"b":{"0":[0,0],"1":[0],"2":[0,0],"3":[0,0],"4":[0,0],"5":[0],"6":[0,0,0,0],"7":[0,0],"8":[0,0,0,0]}}
,"/home/oscar/work/storedsafe/browser_extension/storedsafe-browser-extension/src/components/Auth/Login/YubiKey.tsx": {"path":"/home/oscar/work/storedsafe/browser_extension/storedsafe-browser-extension/src/components/Auth/Login/YubiKey.tsx","statementMap":{"0":{"start":{"line":1,"column":0},"end":{"line":1,"column":31}},"1":{"start":{"line":2,"column":0},"end":{"line":2,"column":36}},"2":{"start":{"line":3,"column":0},"end":{"line":3,"column":35}},"3":{"start":{"line":12,"column":13},"end":{"line":71,"column":2}},"4":{"start":{"line":17,"column":41},"end":{"line":20,"column":4}},"5":{"start":{"line":22,"column":42},"end":{"line":30,"column":3}},"6":{"start":{"line":23,"column":28},"end":{"line":23,"column":32}},"7":{"start":{"line":24,"column":23},"end":{"line":24,"column":50}},"8":{"start":{"line":25,"column":41},"end":{"line":25,"column":47}},"9":{"start":{"line":26,"column":23},"end":{"line":26,"column":41}},"10":{"start":{"line":27,"column":16},"end":{"line":27,"column":31}},"11":{"start":{"line":28,"column":20},"end":{"line":28,"column":69}},"12":{"start":{"line":29,"column":4},"end":{"line":29,"column":31}},"13":{"start":{"line":32,"column":2},"end":{"line":70,"column":4}},"14":{"start":{"line":37,"column":8},"end":{"line":67,"column":null}},"15":{"start":{"line":73,"column":0},"end":{"line":75,"column":2}}},"fnMap":{"0":{"name":"(anonymous_0)","decl":{"start":{"line":12,"column":34},"end":{"line":12,"column":35}},"loc":{"start":{"line":16,"column":21},"end":{"line":71,"column":1}}},"1":{"name":"(anonymous_1)","decl":{"start":{"line":22,"column":42},"end":{"line":22,"column":43}},"loc":{"start":{"line":22,"column":68},"end":{"line":30,"column":3}}},"2":{"name":"(anonymous_2)","decl":{"start":{"line":36,"column":14},"end":{"line":36,"column":15}},"loc":{"start":{"line":37,"column":8},"end":{"line":67,"column":null}}}},"branchMap":{},"s":{"0":0,"1":0,"2":0,"3":0,"4":0,"5":0,"6":0,"7":0,"8":0,"9":0,"10":0,"11":0,"12":0,"13":0,"14":0,"15":0},"f":{"0":0,"1":0,"2":0},"b":{}}
,"/home/oscar/work/storedsafe/browser_extension/storedsafe-browser-extension/src/components/Form/Form.tsx": {"path":"/home/oscar/work/storedsafe/browser_extension/storedsafe-browser-extension/src/components/Form/Form.tsx","statementMap":{"0":{"start":{"line":1,"column":0},"end":{"line":1,"column":31}},"1":{"start":{"line":23,"column":16},"end":{"line":39,"column":1}},"2":{"start":{"line":28,"column":30},"end":{"line":28,"column":77}},"3":{"start":{"line":29,"column":37},"end":{"line":32,"column":3}},"4":{"start":{"line":30,"column":4},"end":{"line":30,"column":44}},"5":{"start":{"line":31,"column":4},"end":{"line":31,"column":42}},"6":{"start":{"line":33,"column":16},"end":{"line":36,"column":3}},"7":{"start":{"line":34,"column":4},"end":{"line":34,"column":29}},"8":{"start":{"line":35,"column":4},"end":{"line":35,"column":50}},"9":{"start":{"line":38,"column":2},"end":{"line":38,"column":37}},"10":{"start":{"line":61,"column":13},"end":{"line":90,"column":2}},"11":{"start":{"line":69,"column":38},"end":{"line":69,"column":87}},"12":{"start":{"line":71,"column":19},"end":{"line":76,"column":3}},"13":{"start":{"line":74,"column":4},"end":{"line":74,"column":27}},"14":{"start":{"line":75,"column":4},"end":{"line":75,"column":41}},"15":{"start":{"line":78,"column":18},"end":{"line":83,"column":3}},"16":{"start":{"line":81,"column":4},"end":{"line":81,"column":27}},"17":{"start":{"line":82,"column":4},"end":{"line":82,"column":12}},"18":{"start":{"line":85,"column":2},"end":{"line":89,"column":4}}},"fnMap":{"0":{"name":"(anonymous_0)","decl":{"start":{"line":23,"column":16},"end":{"line":23,"column":null}},"loc":{"start":{"line":27,"column":14},"end":{"line":39,"column":1}}},"1":{"name":"(anonymous_1)","decl":{"start":{"line":29,"column":37},"end":{"line":29,"column":38}},"loc":{"start":{"line":29,"column":53},"end":{"line":32,"column":3}}},"2":{"name":"(anonymous_2)","decl":{"start":{"line":33,"column":16},"end":{"line":33,"column":25}},"loc":{"start":{"line":33,"column":27},"end":{"line":36,"column":3}}},"3":{"name":"(anonymous_3)","decl":{"start":{"line":61,"column":41},"end":{"line":61,"column":42}},"loc":{"start":{"line":68,"column":16},"end":{"line":90,"column":1}}},"4":{"name":"(anonymous_4)","decl":{"start":{"line":71,"column":19},"end":{"line":71,"column":null}},"loc":{"start":{"line":73,"column":12},"end":{"line":76,"column":3}}},"5":{"name":"(anonymous_5)","decl":{"start":{"line":78,"column":18},"end":{"line":78,"column":null}},"loc":{"start":{"line":80,"column":12},"end":{"line":83,"column":3}}}},"branchMap":{"0":{"loc":{"start":{"line":28,"column":57},"end":{"line":28,"column":70}},"type":"binary-expr","locations":[{"start":{"line":28,"column":57},"end":{"line":28,"column":70}},{"start":{"line":28,"column":74},"end":{"line":28,"column":76}}]},"1":{"loc":{"start":{"line":31,"column":4},"end":{"line":31,"column":14}},"type":"binary-expr","locations":[{"start":{"line":31,"column":4},"end":{"line":31,"column":14}},{"start":{"line":31,"column":18},"end":{"line":31,"column":41}}]},"2":{"loc":{"start":{"line":35,"column":4},"end":{"line":35,"column":13}},"type":"binary-expr","locations":[{"start":{"line":35,"column":4},"end":{"line":35,"column":13}},{"start":{"line":35,"column":17},"end":{"line":35,"column":49}}]},"3":{"loc":{"start":{"line":75,"column":4},"end":{"line":75,"column":16}},"type":"binary-expr","locations":[{"start":{"line":75,"column":4},"end":{"line":75,"column":16}},{"start":{"line":75,"column":20},"end":{"line":75,"column":40}}]},"4":{"loc":{"start":{"line":87,"column":7},"end":{"line":87,"column":13}},"type":"binary-expr","locations":[{"start":{"line":87,"column":7},"end":{"line":87,"column":13}},{"start":{"line":87,"column":17},"end":{"line":87,"column":53}}]}},"s":{"0":0,"1":0,"2":0,"3":0,"4":0,"5":0,"6":0,"7":0,"8":0,"9":0,"10":0,"11":0,"12":0,"13":0,"14":0,"15":0,"16":0,"17":0,"18":0},"f":{"0":0,"1":0,"2":0,"3":0,"4":0,"5":0},"b":{"0":[0,0],"1":[0,0],"2":[0,0],"3":[0,0],"4":[0,0]}}
,"/home/oscar/work/storedsafe/browser_extension/storedsafe-browser-extension/src/components/Form/Field/Button.tsx": {"path":"/home/oscar/work/storedsafe/browser_extension/storedsafe-browser-extension/src/components/Form/Field/Button.tsx","statementMap":{"0":{"start":{"line":1,"column":0},"end":{"line":1,"column":31}},"1":{"start":{"line":3,"column":0},"end":{"line":3,"column":23}},"2":{"start":{"line":6,"column":13},"end":{"line":28,"column":2}},"3":{"start":{"line":11,"column":8},"end":{"line":11,"column":null}},"4":{"start":{"line":12,"column":2},"end":{"line":12,"column":15}},"5":{"start":{"line":13,"column":19},"end":{"line":28,"column":2}},"6":{"start":{"line":22,"column":8},"end":{"line":22,"column":38}}},"fnMap":{"0":{"name":"(anonymous_1)","decl":{"start":{"line":6,"column":64},"end":{"line":6,"column":65}},"loc":{"start":{"line":13,"column":18},"end":{"line":28,"column":2}}},"1":{"name":"(anonymous_2)","decl":{"start":{"line":21,"column":14},"end":{"line":21,"column":23}},"loc":{"start":{"line":21,"column":25},"end":{"line":23,"column":7}}}},"branchMap":{"0":{"loc":{"start":{"line":22,"column":8},"end":{"line":22,"column":14}},"type":"binary-expr","locations":[{"start":{"line":22,"column":8},"end":{"line":22,"column":14}},{"start":{"line":22,"column":18},"end":{"line":22,"column":37}}]}},"s":{"0":0,"1":0,"2":0,"3":0,"4":0,"5":0,"6":0},"f":{"0":0,"1":0},"b":{"0":[0,0]}}
,"/home/oscar/work/storedsafe/browser_extension/storedsafe-browser-extension/src/components/Form/Field/Checkbox.tsx": {"path":"/home/oscar/work/storedsafe/browser_extension/storedsafe-browser-extension/src/components/Form/Field/Checkbox.tsx","statementMap":{"0":{"start":{"line":1,"column":0},"end":{"line":1,"column":31}},"1":{"start":{"line":3,"column":0},"end":{"line":3,"column":25}},"2":{"start":{"line":6,"column":13},"end":{"line":37,"column":2}},"3":{"start":{"line":12,"column":8},"end":{"line":12,"column":null}},"4":{"start":{"line":13,"column":2},"end":{"line":13,"column":15}},"5":{"start":{"line":14,"column":21},"end":{"line":37,"column":2}},"6":{"start":{"line":25,"column":12},"end":{"line":25,"column":62}},"7":{"start":{"line":28,"column":12},"end":{"line":28,"column":58}},"8":{"start":{"line":39,"column":0},"end":{"line":42,"column":2}}},"fnMap":{"0":{"name":"(anonymous_1)","decl":{"start":{"line":6,"column":68},"end":{"line":6,"column":69}},"loc":{"start":{"line":14,"column":20},"end":{"line":37,"column":2}}},"1":{"name":"(anonymous_2)","decl":{"start":{"line":24,"column":20},"end":{"line":24,"column":21}},"loc":{"start":{"line":24,"column":78},"end":{"line":26,"column":11}}},"2":{"name":"(anonymous_3)","decl":{"start":{"line":27,"column":18},"end":{"line":27,"column":19}},"loc":{"start":{"line":27,"column":75},"end":{"line":29,"column":11}}}},"branchMap":{"0":{"loc":{"start":{"line":18,"column":9},"end":{"line":18,"column":28}},"type":"binary-expr","locations":[{"start":{"line":18,"column":9},"end":{"line":18,"column":28}},{"start":{"line":18,"column":33},"end":{"line":18,"column":77}}]},"1":{"loc":{"start":{"line":25,"column":12},"end":{"line":25,"column":20}},"type":"binary-expr","locations":[{"start":{"line":25,"column":12},"end":{"line":25,"column":20}},{"start":{"line":25,"column":24},"end":{"line":25,"column":61}}]},"2":{"loc":{"start":{"line":28,"column":12},"end":{"line":28,"column":18}},"type":"binary-expr","locations":[{"start":{"line":28,"column":12},"end":{"line":28,"column":18}},{"start":{"line":28,"column":22},"end":{"line":28,"column":57}}]},"3":{"loc":{"start":{"line":33,"column":9},"end":{"line":33,"column":29}},"type":"binary-expr","locations":[{"start":{"line":33,"column":9},"end":{"line":33,"column":29}},{"start":{"line":33,"column":34},"end":{"line":33,"column":78}}]}},"s":{"0":0,"1":0,"2":0,"3":0,"4":0,"5":0,"6":0,"7":0,"8":0},"f":{"0":0,"1":0,"2":0},"b":{"0":[0,0],"1":[0,0],"2":[0,0],"3":[0,0]}}
,"/home/oscar/work/storedsafe/browser_extension/storedsafe-browser-extension/src/components/Form/Field/Field.tsx": {"path":"/home/oscar/work/storedsafe/browser_extension/storedsafe-browser-extension/src/components/Form/Field/Field.tsx","statementMap":{"0":{"start":{"line":1,"column":0},"end":{"line":1,"column":31}},"1":{"start":{"line":3,"column":0},"end":{"line":3,"column":32}},"2":{"start":{"line":4,"column":0},"end":{"line":4,"column":38}},"3":{"start":{"line":5,"column":0},"end":{"line":5,"column":34}},"4":{"start":{"line":6,"column":0},"end":{"line":6,"column":38}},"5":{"start":{"line":7,"column":0},"end":{"line":7,"column":32}},"6":{"start":{"line":8,"column":0},"end":{"line":8,"column":34}},"7":{"start":{"line":9,"column":0},"end":{"line":9,"column":22}},"8":{"start":{"line":32,"column":13},"end":{"line":67,"column":2}},"9":{"start":{"line":33,"column":6},"end":{"line":33,"column":null}},"10":{"start":{"line":34,"column":2},"end":{"line":34,"column":15}},"11":{"start":{"line":36,"column":2},"end":{"line":40,"column":null}},"12":{"start":{"line":37,"column":4},"end":{"line":39,"column":7}},"13":{"start":{"line":41,"column":2},"end":{"line":45,"column":null}},"14":{"start":{"line":42,"column":4},"end":{"line":44,"column":null}},"15":{"start":{"line":46,"column":2},"end":{"line":50,"column":null}},"16":{"start":{"line":47,"column":4},"end":{"line":49,"column":null}},"17":{"start":{"line":51,"column":2},"end":{"line":55,"column":null}},"18":{"start":{"line":52,"column":4},"end":{"line":54,"column":null}},"19":{"start":{"line":56,"column":2},"end":{"line":61,"column":null}},"20":{"start":{"line":57,"column":4},"end":{"line":60,"column":null}},"21":{"start":{"line":63,"column":2},"end":{"line":66,"column":5}},"22":{"start":{"line":69,"column":0},"end":{"line":71,"column":null}}},"fnMap":{"0":{"name":"(anonymous_1)","decl":{"start":{"line":32,"column":62},"end":{"line":32,"column":63}},"loc":{"start":{"line":35,"column":17},"end":{"line":67,"column":1}}}},"branchMap":{"0":{"loc":{"start":{"line":36,"column":2},"end":{"line":40,"column":null}},"type":"if","locations":[{"start":{"line":36,"column":2},"end":{"line":40,"column":null}},{"start":{"line":36,"column":2},"end":{"line":40,"column":null}}]},"1":{"loc":{"start":{"line":41,"column":2},"end":{"line":45,"column":null}},"type":"if","locations":[{"start":{"line":41,"column":2},"end":{"line":45,"column":null}},{"start":{"line":41,"column":2},"end":{"line":45,"column":null}}]},"2":{"loc":{"start":{"line":46,"column":2},"end":{"line":50,"column":null}},"type":"if","locations":[{"start":{"line":46,"column":2},"end":{"line":50,"column":null}},{"start":{"line":46,"column":2},"end":{"line":50,"column":null}}]},"3":{"loc":{"start":{"line":51,"column":2},"end":{"line":55,"column":null}},"type":"if","locations":[{"start":{"line":51,"column":2},"end":{"line":55,"column":null}},{"start":{"line":51,"column":2},"end":{"line":55,"column":null}}]},"4":{"loc":{"start":{"line":56,"column":2},"end":{"line":61,"column":null}},"type":"if","locations":[{"start":{"line":56,"column":2},"end":{"line":61,"column":null}},{"start":{"line":56,"column":2},"end":{"line":61,"column":null}}]}},"s":{"0":0,"1":0,"2":0,"3":0,"4":0,"5":0,"6":0,"7":0,"8":0,"9":0,"10":0,"11":0,"12":0,"13":0,"14":0,"15":0,"16":0,"17":0,"18":0,"19":0,"20":0,"21":0,"22":0},"f":{"0":0},"b":{"0":[0,0],"1":[0,0],"2":[0,0],"3":[0,0],"4":[0,0]}}
,"/home/oscar/work/storedsafe/browser_extension/storedsafe-browser-extension/src/components/Form/Field/Input.tsx": {"path":"/home/oscar/work/storedsafe/browser_extension/storedsafe-browser-extension/src/components/Form/Field/Input.tsx","statementMap":{"0":{"start":{"line":1,"column":0},"end":{"line":1,"column":31}},"1":{"start":{"line":3,"column":0},"end":{"line":3,"column":22}},"2":{"start":{"line":6,"column":13},"end":{"line":44,"column":2}},"3":{"start":{"line":12,"column":8},"end":{"line":12,"column":null}},"4":{"start":{"line":13,"column":2},"end":{"line":13,"column":15}},"5":{"start":{"line":14,"column":18},"end":{"line":44,"column":2}},"6":{"start":{"line":26,"column":12},"end":{"line":30,"column":null}},"7":{"start":{"line":27,"column":14},"end":{"line":27,"column":63}},"8":{"start":{"line":29,"column":14},"end":{"line":29,"column":55}},"9":{"start":{"line":33,"column":12},"end":{"line":37,"column":null}},"10":{"start":{"line":34,"column":14},"end":{"line":34,"column":59}},"11":{"start":{"line":36,"column":14},"end":{"line":36,"column":51}},"12":{"start":{"line":46,"column":0},"end":{"line":49,"column":null}}},"fnMap":{"0":{"name":"(anonymous_1)","decl":{"start":{"line":6,"column":62},"end":{"line":6,"column":63}},"loc":{"start":{"line":14,"column":17},"end":{"line":44,"column":2}}},"1":{"name":"(anonymous_2)","decl":{"start":{"line":25,"column":20},"end":{"line":25,"column":21}},"loc":{"start":{"line":25,"column":78},"end":{"line":31,"column":11}}},"2":{"name":"(anonymous_3)","decl":{"start":{"line":32,"column":18},"end":{"line":32,"column":19}},"loc":{"start":{"line":32,"column":75},"end":{"line":38,"column":11}}}},"branchMap":{"0":{"loc":{"start":{"line":24,"column":80},"end":{"line":24,"column":82}},"type":"cond-expr","locations":[{"start":{"line":24,"column":80},"end":{"line":24,"column":82}},{"start":{"line":24,"column":85},"end":{"line":24,"column":109}}]},"1":{"loc":{"start":{"line":24,"column":17},"end":{"line":24,"column":51}},"type":"binary-expr","locations":[{"start":{"line":24,"column":17},"end":{"line":24,"column":51}},{"start":{"line":24,"column":55},"end":{"line":24,"column":77}}]},"2":{"loc":{"start":{"line":26,"column":12},"end":{"line":30,"column":null}},"type":"if","locations":[{"start":{"line":26,"column":12},"end":{"line":30,"column":null}},{"start":{"line":26,"column":12},"end":{"line":30,"column":null}}]},"3":{"loc":{"start":{"line":27,"column":14},"end":{"line":27,"column":22}},"type":"binary-expr","locations":[{"start":{"line":27,"column":14},"end":{"line":27,"column":22}},{"start":{"line":27,"column":26},"end":{"line":27,"column":62}}]},"4":{"loc":{"start":{"line":29,"column":14},"end":{"line":29,"column":22}},"type":"binary-expr","locations":[{"start":{"line":29,"column":14},"end":{"line":29,"column":22}},{"start":{"line":29,"column":26},"end":{"line":29,"column":54}}]},"5":{"loc":{"start":{"line":33,"column":12},"end":{"line":37,"column":null}},"type":"if","locations":[{"start":{"line":33,"column":12},"end":{"line":37,"column":null}},{"start":{"line":33,"column":12},"end":{"line":37,"column":null}}]},"6":{"loc":{"start":{"line":34,"column":14},"end":{"line":34,"column":20}},"type":"binary-expr","locations":[{"start":{"line":34,"column":14},"end":{"line":34,"column":20}},{"start":{"line":34,"column":24},"end":{"line":34,"column":58}}]},"7":{"loc":{"start":{"line":36,"column":14},"end":{"line":36,"column":20}},"type":"binary-expr","locations":[{"start":{"line":36,"column":14},"end":{"line":36,"column":20}},{"start":{"line":36,"column":24},"end":{"line":36,"column":50}}]}},"s":{"0":0,"1":0,"2":0,"3":0,"4":0,"5":0,"6":0,"7":0,"8":0,"9":0,"10":0,"11":0,"12":0},"f":{"0":0,"1":0,"2":0},"b":{"0":[0,0],"1":[0,0],"2":[0,0],"3":[0,0],"4":[0,0],"5":[0,0],"6":[0,0],"7":[0,0]}}
,"/home/oscar/work/storedsafe/browser_extension/storedsafe-browser-extension/src/components/Form/Field/Radio.tsx": {"path":"/home/oscar/work/storedsafe/browser_extension/storedsafe-browser-extension/src/components/Form/Field/Radio.tsx","statementMap":{"0":{"start":{"line":1,"column":0},"end":{"line":1,"column":31}},"1":{"start":{"line":3,"column":0},"end":{"line":3,"column":22}},"2":{"start":{"line":6,"column":13},"end":{"line":44,"column":2}},"3":{"start":{"line":13,"column":8},"end":{"line":13,"column":null}},"4":{"start":{"line":14,"column":2},"end":{"line":14,"column":15}},"5":{"start":{"line":15,"column":18},"end":{"line":44,"column":2}},"6":{"start":{"line":21,"column":10},"end":{"line":38,"column":null}},"7":{"start":{"line":30,"column":16},"end":{"line":30,"column":57}},"8":{"start":{"line":33,"column":16},"end":{"line":33,"column":53}},"9":{"start":{"line":46,"column":0},"end":{"line":49,"column":2}}},"fnMap":{"0":{"name":"(anonymous_1)","decl":{"start":{"line":6,"column":62},"end":{"line":6,"column":63}},"loc":{"start":{"line":15,"column":17},"end":{"line":44,"column":2}}},"1":{"name":"(anonymous_2)","decl":{"start":{"line":20,"column":21},"end":{"line":20,"column":22}},"loc":{"start":{"line":21,"column":10},"end":{"line":38,"column":null}}},"2":{"name":"(anonymous_3)","decl":{"start":{"line":29,"column":24},"end":{"line":29,"column":25}},"loc":{"start":{"line":29,"column":82},"end":{"line":31,"column":15}}},"3":{"name":"(anonymous_4)","decl":{"start":{"line":32,"column":22},"end":{"line":32,"column":23}},"loc":{"start":{"line":32,"column":79},"end":{"line":34,"column":15}}}},"branchMap":{"0":{"loc":{"start":{"line":22,"column":13},"end":{"line":22,"column":32}},"type":"binary-expr","locations":[{"start":{"line":22,"column":13},"end":{"line":22,"column":32}},{"start":{"line":22,"column":36},"end":{"line":22,"column":48}}]},"1":{"loc":{"start":{"line":30,"column":16},"end":{"line":30,"column":24}},"type":"binary-expr","locations":[{"start":{"line":30,"column":16},"end":{"line":30,"column":24}},{"start":{"line":30,"column":28},"end":{"line":30,"column":56}}]},"2":{"loc":{"start":{"line":33,"column":16},"end":{"line":33,"column":22}},"type":"binary-expr","locations":[{"start":{"line":33,"column":16},"end":{"line":33,"column":22}},{"start":{"line":33,"column":26},"end":{"line":33,"column":52}}]},"3":{"loc":{"start":{"line":38,"column":13},"end":{"line":38,"column":33}},"type":"binary-expr","locations":[{"start":{"line":38,"column":13},"end":{"line":38,"column":33}},{"start":{"line":38,"column":37},"end":{"line":38,"column":49}}]}},"s":{"0":0,"1":0,"2":0,"3":0,"4":0,"5":0,"6":0,"7":0,"8":0,"9":0},"f":{"0":0,"1":0,"2":0,"3":0},"b":{"0":[0,0],"1":[0,0],"2":[0,0],"3":[0,0]}}
,"/home/oscar/work/storedsafe/browser_extension/storedsafe-browser-extension/src/components/Form/Field/Select.tsx": {"path":"/home/oscar/work/storedsafe/browser_extension/storedsafe-browser-extension/src/components/Form/Field/Select.tsx","statementMap":{"0":{"start":{"line":1,"column":0},"end":{"line":1,"column":31}},"1":{"start":{"line":3,"column":0},"end":{"line":3,"column":23}},"2":{"start":{"line":6,"column":13},"end":{"line":42,"column":2}},"3":{"start":{"line":12,"column":8},"end":{"line":12,"column":null}},"4":{"start":{"line":13,"column":2},"end":{"line":13,"column":15}},"5":{"start":{"line":14,"column":19},"end":{"line":42,"column":2}},"6":{"start":{"line":26,"column":14},"end":{"line":26,"column":55}},"7":{"start":{"line":29,"column":14},"end":{"line":29,"column":51}},"8":{"start":{"line":33,"column":14},"end":{"line":34,"column":null}},"9":{"start":{"line":44,"column":0},"end":{"line":46,"column":2}}},"fnMap":{"0":{"name":"(anonymous_1)","decl":{"start":{"line":6,"column":64},"end":{"line":6,"column":65}},"loc":{"start":{"line":14,"column":18},"end":{"line":42,"column":2}}},"1":{"name":"(anonymous_2)","decl":{"start":{"line":25,"column":22},"end":{"line":25,"column":23}},"loc":{"start":{"line":25,"column":81},"end":{"line":27,"column":13}}},"2":{"name":"(anonymous_3)","decl":{"start":{"line":28,"column":20},"end":{"line":28,"column":21}},"loc":{"start":{"line":28,"column":78},"end":{"line":30,"column":13}}},"3":{"name":"(anonymous_4)","decl":{"start":{"line":32,"column":25},"end":{"line":32,"column":26}},"loc":{"start":{"line":33,"column":14},"end":{"line":34,"column":null}}}},"branchMap":{"0":{"loc":{"start":{"line":26,"column":14},"end":{"line":26,"column":22}},"type":"binary-expr","locations":[{"start":{"line":26,"column":14},"end":{"line":26,"column":22}},{"start":{"line":26,"column":26},"end":{"line":26,"column":54}}]},"1":{"loc":{"start":{"line":29,"column":14},"end":{"line":29,"column":20}},"type":"binary-expr","locations":[{"start":{"line":29,"column":14},"end":{"line":29,"column":20}},{"start":{"line":29,"column":24},"end":{"line":29,"column":50}}]}},"s":{"0":0,"1":0,"2":0,"3":0,"4":0,"5":0,"6":0,"7":0,"8":0,"9":0},"f":{"0":0,"1":0,"2":0,"3":0},"b":{"0":[0,0],"1":[0,0]}}
,"/home/oscar/work/storedsafe/browser_extension/storedsafe-browser-extension/src/components/Form/Field/TextArea.tsx": {"path":"/home/oscar/work/storedsafe/browser_extension/storedsafe-browser-extension/src/components/Form/Field/TextArea.tsx","statementMap":{"0":{"start":{"line":1,"column":0},"end":{"line":1,"column":31}},"1":{"start":{"line":3,"column":0},"end":{"line":3,"column":25}},"2":{"start":{"line":6,"column":13},"end":{"line":34,"column":2}},"3":{"start":{"line":11,"column":8},"end":{"line":11,"column":null}},"4":{"start":{"line":12,"column":2},"end":{"line":12,"column":15}},"5":{"start":{"line":13,"column":21},"end":{"line":34,"column":2}},"6":{"start":{"line":24,"column":12},"end":{"line":24,"column":53}},"7":{"start":{"line":27,"column":12},"end":{"line":27,"column":49}}},"fnMap":{"0":{"name":"(anonymous_1)","decl":{"start":{"line":6,"column":68},"end":{"line":6,"column":69}},"loc":{"start":{"line":13,"column":20},"end":{"line":34,"column":2}}},"1":{"name":"(anonymous_2)","decl":{"start":{"line":23,"column":20},"end":{"line":23,"column":21}},"loc":{"start":{"line":23,"column":81},"end":{"line":25,"column":11}}},"2":{"name":"(anonymous_3)","decl":{"start":{"line":26,"column":18},"end":{"line":26,"column":19}},"loc":{"start":{"line":26,"column":78},"end":{"line":28,"column":11}}}},"branchMap":{"0":{"loc":{"start":{"line":24,"column":12},"end":{"line":24,"column":20}},"type":"binary-expr","locations":[{"start":{"line":24,"column":12},"end":{"line":24,"column":20}},{"start":{"line":24,"column":24},"end":{"line":24,"column":52}}]},"1":{"loc":{"start":{"line":27,"column":12},"end":{"line":27,"column":18}},"type":"binary-expr","locations":[{"start":{"line":27,"column":12},"end":{"line":27,"column":18}},{"start":{"line":27,"column":22},"end":{"line":27,"column":48}}]}},"s":{"0":0,"1":0,"2":0,"3":0,"4":0,"5":0,"6":0,"7":0},"f":{"0":0,"1":0,"2":0},"b":{"0":[0,0],"1":[0,0]}}
,"/home/oscar/work/storedsafe/browser_extension/storedsafe-browser-extension/src/components/Layout/Card.tsx": {"path":"/home/oscar/work/storedsafe/browser_extension/storedsafe-browser-extension/src/components/Layout/Card.tsx","statementMap":{"0":{"start":{"line":1,"column":0},"end":{"line":1,"column":31}},"1":{"start":{"line":2,"column":0},"end":{"line":2,"column":21}},"2":{"start":{"line":9,"column":13},"end":{"line":12,"column":null}},"3":{"start":{"line":12,"column":17},"end":{"line":12,"column":78}}},"fnMap":{"0":{"name":"(anonymous_0)","decl":{"start":{"line":9,"column":41},"end":{"line":9,"column":42}},"loc":{"start":{"line":12,"column":17},"end":{"line":12,"column":78}}}},"branchMap":{"0":{"loc":{"start":{"line":11,"column":14},"end":{"line":11,"column":16}},"type":"default-arg","locations":[{"start":{"line":11,"column":14},"end":{"line":11,"column":16}}]}},"s":{"0":0,"1":0,"2":0,"3":0},"f":{"0":0},"b":{"0":[0]}}
,"/home/oscar/work/storedsafe/browser_extension/storedsafe-browser-extension/src/components/Layout/Message.tsx": {"path":"/home/oscar/work/storedsafe/browser_extension/storedsafe-browser-extension/src/components/Layout/Message.tsx","statementMap":{"0":{"start":{"line":1,"column":0},"end":{"line":1,"column":31}},"1":{"start":{"line":2,"column":0},"end":{"line":2,"column":24}},"2":{"start":{"line":11,"column":13},"end":{"line":20,"column":null}},"3":{"start":{"line":15,"column":2},"end":{"line":19,"column":4}},"4":{"start":{"line":22,"column":0},"end":{"line":24,"column":null}}},"fnMap":{"0":{"name":"(anonymous_0)","decl":{"start":{"line":11,"column":47},"end":{"line":11,"column":48}},"loc":{"start":{"line":14,"column":19},"end":{"line":20,"column":1}}}},"branchMap":{},"s":{"0":0,"1":0,"2":0,"3":0,"4":0},"f":{"0":0},"b":{}}
,"/home/oscar/work/storedsafe/browser_extension/storedsafe-browser-extension/src/components/Popup/Popup.tsx": {"path":"/home/oscar/work/storedsafe/browser_extension/storedsafe-browser-extension/src/components/Popup/Popup.tsx","statementMap":{"0":{"start":{"line":1,"column":0},"end":{"line":1,"column":31}},"1":{"start":{"line":2,"column":0},"end":{"line":2,"column":33}},"2":{"start":{"line":4,"column":13},"end":{"line":4,"column":null}},"3":{"start":{"line":4,"column":37},"end":{"line":4,"column":64}}},"fnMap":{"0":{"name":"(anonymous_0)","decl":{"start":{"line":4,"column":31},"end":{"line":4,"column":34}},"loc":{"start":{"line":4,"column":37},"end":{"line":4,"column":64}}}},"branchMap":{},"s":{"0":0,"1":0,"2":0,"3":0},"f":{"0":0},"b":{}}
,"/home/oscar/work/storedsafe/browser_extension/storedsafe-browser-extension/src/components/Settings/Settings.tsx": {"path":"/home/oscar/work/storedsafe/browser_extension/storedsafe-browser-extension/src/components/Settings/Settings.tsx","statementMap":{"0":{"start":{"line":1,"column":0},"end":{"line":1,"column":31}},"1":{"start":{"line":2,"column":0},"end":{"line":2,"column":42}},"2":{"start":{"line":3,"column":0},"end":{"line":3,"column":25}},"3":{"start":{"line":5,"column":13},"end":{"line":12,"column":null}},"4":{"start":{"line":6,"column":2},"end":{"line":11,"column":4}}},"fnMap":{"0":{"name":"(anonymous_0)","decl":{"start":{"line":5,"column":34},"end":{"line":5,"column":37}},"loc":{"start":{"line":5,"column":39},"end":{"line":12,"column":1}}}},"branchMap":{},"s":{"0":0,"1":0,"2":0,"3":0,"4":0},"f":{"0":0},"b":{}}
,"/home/oscar/work/storedsafe/browser_extension/storedsafe-browser-extension/src/components/Settings/SettingsForm/SettingsForm.tsx": {"path":"/home/oscar/work/storedsafe/browser_extension/storedsafe-browser-extension/src/components/Settings/SettingsForm/SettingsForm.tsx","statementMap":{"0":{"start":{"line":1,"column":0},"end":{"line":1,"column":31}},"1":{"start":{"line":2,"column":0},"end":{"line":2,"column":59}},"2":{"start":{"line":3,"column":0},"end":{"line":3,"column":35}},"3":{"start":{"line":11,"column":13},"end":{"line":48,"column":null}},"4":{"start":{"line":16,"column":41},"end":{"line":16,"column":43}},"5":{"start":{"line":17,"column":2},"end":{"line":17,"column":89}},"6":{"start":{"line":17,"column":43},"end":{"line":17,"column":87}},"7":{"start":{"line":19,"column":2},"end":{"line":47,"column":4}},"8":{"start":{"line":25,"column":8},"end":{"line":44,"column":null}},"9":{"start":{"line":28,"column":14},"end":{"line":30,"column":72}},"10":{"start":{"line":32,"column":12},"end":{"line":42,"column":14}}},"fnMap":{"0":{"name":"(anonymous_0)","decl":{"start":{"line":11,"column":57},"end":{"line":11,"column":58}},"loc":{"start":{"line":15,"column":24},"end":{"line":48,"column":1}}},"1":{"name":"(anonymous_1)","decl":{"start":{"line":17,"column":32},"end":{"line":17,"column":33}},"loc":{"start":{"line":17,"column":43},"end":{"line":17,"column":87}}},"2":{"name":"(anonymous_2)","decl":{"start":{"line":24,"column":14},"end":{"line":24,"column":15}},"loc":{"start":{"line":25,"column":8},"end":{"line":44,"column":null}}},"3":{"name":"(anonymous_3)","decl":{"start":{"line":26,"column":35},"end":{"line":26,"column":36}},"loc":{"start":{"line":26,"column":45},"end":{"line":43,"column":11}}}},"branchMap":{"0":{"loc":{"start":{"line":29,"column":18},"end":{"line":29,"column":55}},"type":"cond-expr","locations":[{"start":{"line":29,"column":18},"end":{"line":29,"column":55}},{"start":{"line":30,"column":18},"end":{"line":30,"column":72}}]}},"s":{"0":0,"1":0,"2":0,"3":0,"4":0,"5":0,"6":0,"7":0,"8":0,"9":0,"10":0},"f":{"0":0,"1":0,"2":0,"3":0},"b":{"0":[0,0]}}
,"/home/oscar/work/storedsafe/browser_extension/storedsafe-browser-extension/src/components/Settings/SettingsForm/SettingsFormContainer.tsx": {"path":"/home/oscar/work/storedsafe/browser_extension/storedsafe-browser-extension/src/components/Settings/SettingsForm/SettingsFormContainer.tsx","statementMap":{"0":{"start":{"line":1,"column":0},"end":{"line":1,"column":31}},"1":{"start":{"line":2,"column":0},"end":{"line":2,"column":52}},"2":{"start":{"line":3,"column":0},"end":{"line":3,"column":46}},"3":{"start":{"line":9,"column":13},"end":{"line":65,"column":null}},"4":{"start":{"line":10,"column":34},"end":{"line":10,"column":78}},"5":{"start":{"line":11,"column":32},"end":{"line":11,"column":62}},"6":{"start":{"line":16,"column":2},"end":{"line":20,"column":9}},"7":{"start":{"line":17,"column":4},"end":{"line":19,"column":7}},"8":{"start":{"line":18,"column":6},"end":{"line":18,"column":33}},"9":{"start":{"line":25,"column":41},"end":{"line":37,"column":3}},"10":{"start":{"line":26,"column":21},"end":{"line":27,"column":null}},"11":{"start":{"line":29,"column":4},"end":{"line":35,"column":7}},"12":{"start":{"line":30,"column":6},"end":{"line":34,"column":null}},"13":{"start":{"line":31,"column":8},"end":{"line":31,"column":46}},"14":{"start":{"line":33,"column":8},"end":{"line":33,"column":70}},"15":{"start":{"line":36,"column":4},"end":{"line":36,"column":63}},"16":{"start":{"line":36,"column":44},"end":{"line":36,"column":61}},"17":{"start":{"line":42,"column":41},"end":{"line":44,"column":3}},"18":{"start":{"line":43,"column":4},"end":{"line":43,"column":21}},"19":{"start":{"line":46,"column":2},"end":{"line":64,"column":4}}},"fnMap":{"0":{"name":"(anonymous_0)","decl":{"start":{"line":9,"column":47},"end":{"line":9,"column":50}},"loc":{"start":{"line":9,"column":52},"end":{"line":65,"column":1}}},"1":{"name":"(anonymous_1)","decl":{"start":{"line":16,"column":18},"end":{"line":16,"column":21}},"loc":{"start":{"line":16,"column":23},"end":{"line":20,"column":3}}},"2":{"name":"(anonymous_2)","decl":{"start":{"line":17,"column":32},"end":{"line":17,"column":33}},"loc":{"start":{"line":17,"column":50},"end":{"line":19,"column":5}}},"3":{"name":"(anonymous_3)","decl":{"start":{"line":25,"column":41},"end":{"line":25,"column":42}},"loc":{"start":{"line":25,"column":52},"end":{"line":37,"column":3}}},"4":{"name":"(anonymous_4)","decl":{"start":{"line":29,"column":32},"end":{"line":29,"column":33}},"loc":{"start":{"line":29,"column":42},"end":{"line":35,"column":5}}},"5":{"name":"(anonymous_5)","decl":{"start":{"line":36,"column":38},"end":{"line":36,"column":41}},"loc":{"start":{"line":36,"column":44},"end":{"line":36,"column":61}}},"6":{"name":"(anonymous_6)","decl":{"start":{"line":42,"column":41},"end":{"line":42,"column":50}},"loc":{"start":{"line":42,"column":52},"end":{"line":44,"column":3}}}},"branchMap":{"0":{"loc":{"start":{"line":30,"column":6},"end":{"line":34,"column":null}},"type":"if","locations":[{"start":{"line":30,"column":6},"end":{"line":34,"column":null}},{"start":{"line":30,"column":6},"end":{"line":34,"column":null}}]},"1":{"loc":{"start":{"line":48,"column":7},"end":{"line":48,"column":15}},"type":"binary-expr","locations":[{"start":{"line":48,"column":7},"end":{"line":48,"column":15}},{"start":{"line":49,"column":8},"end":{"line":52,"column":null}}]},"2":{"loc":{"start":{"line":56,"column":7},"end":{"line":56,"column":14}},"type":"binary-expr","locations":[{"start":{"line":56,"column":7},"end":{"line":56,"column":14}},{"start":{"line":57,"column":8},"end":{"line":57,"column":30}}]},"3":{"loc":{"start":{"line":60,"column":7},"end":{"line":60,"column":16}},"type":"binary-expr","locations":[{"start":{"line":60,"column":7},"end":{"line":60,"column":16}},{"start":{"line":61,"column":8},"end":{"line":61,"column":25}}]}},"s":{"0":0,"1":0,"2":0,"3":0,"4":0,"5":0,"6":0,"7":0,"8":0,"9":0,"10":0,"11":0,"12":0,"13":0,"14":0,"15":0,"16":0,"17":0,"18":0,"19":0},"f":{"0":0,"1":0,"2":0,"3":0,"4":0,"5":0,"6":0},"b":{"0":[0,0],"1":[0,0],"2":[0,0],"3":[0,0]}}
,"/home/oscar/work/storedsafe/browser_extension/storedsafe-browser-extension/src/components/Settings/SitesForm/SitesContainer.tsx": {"path":"/home/oscar/work/storedsafe/browser_extension/storedsafe-browser-extension/src/components/Settings/SitesForm/SitesContainer.tsx","statementMap":{"0":{"start":{"line":1,"column":0},"end":{"line":1,"column":31}},"1":{"start":{"line":2,"column":0},"end":{"line":2,"column":72}},"2":{"start":{"line":11,"column":13},"end":{"line":35,"column":null}},"3":{"start":{"line":14,"column":28},"end":{"line":14,"column":69}},"4":{"start":{"line":15,"column":32},"end":{"line":15,"column":61}},"5":{"start":{"line":17,"column":2},"end":{"line":23,"column":9}},"6":{"start":{"line":18,"column":4},"end":{"line":18,"column":21}},"7":{"start":{"line":19,"column":4},"end":{"line":22,"column":7}},"8":{"start":{"line":20,"column":6},"end":{"line":20,"column":null}},"9":{"start":{"line":21,"column":6},"end":{"line":21,"column":24}},"10":{"start":{"line":25,"column":23},"end":{"line":28,"column":3}},"11":{"start":{"line":26,"column":4},"end":{"line":26,"column":21}},"12":{"start":{"line":27,"column":4},"end":{"line":27,"column":51}},"13":{"start":{"line":27,"column":32},"end":{"line":27,"column":49}},"14":{"start":{"line":30,"column":2},"end":{"line":34,"column":4}}},"fnMap":{"0":{"name":"(anonymous_0)","decl":{"start":{"line":11,"column":60},"end":{"line":11,"column":61}},"loc":{"start":{"line":13,"column":25},"end":{"line":35,"column":1}}},"1":{"name":"(anonymous_1)","decl":{"start":{"line":17,"column":18},"end":{"line":17,"column":21}},"loc":{"start":{"line":17,"column":23},"end":{"line":23,"column":3}}},"2":{"name":"(anonymous_2)","decl":{"start":{"line":19,"column":20},"end":{"line":19,"column":21}},"loc":{"start":{"line":19,"column":37},"end":{"line":22,"column":5}}},"3":{"name":"(anonymous_3)","decl":{"start":{"line":25,"column":23},"end":{"line":25,"column":24}},"loc":{"start":{"line":25,"column":58},"end":{"line":28,"column":3}}},"4":{"name":"(anonymous_4)","decl":{"start":{"line":27,"column":26},"end":{"line":27,"column":29}},"loc":{"start":{"line":27,"column":32},"end":{"line":27,"column":49}}}},"branchMap":{"0":{"loc":{"start":{"line":32,"column":17},"end":{"line":32,"column":44}},"type":"cond-expr","locations":[{"start":{"line":32,"column":17},"end":{"line":32,"column":44}},{"start":{"line":32,"column":47},"end":{"line":32,"column":64}}]}},"s":{"0":0,"1":0,"2":0,"3":0,"4":0,"5":0,"6":0,"7":0,"8":0,"9":0,"10":0,"11":0,"12":0,"13":0,"14":0},"f":{"0":0,"1":0,"2":0,"3":0,"4":0},"b":{"0":[0,0]}}
,"/home/oscar/work/storedsafe/browser_extension/storedsafe-browser-extension/src/model/Auth.ts": {"path":"/home/oscar/work/storedsafe/browser_extension/storedsafe-browser-extension/src/model/Auth.ts","statementMap":{"0":{"start":{"line":14,"column":13},"end":{"line":25,"column":2}},"1":{"start":{"line":15,"column":2},"end":{"line":24,"column":4}},"2":{"start":{"line":16,"column":4},"end":{"line":22,"column":null}},"3":{"start":{"line":17,"column":38},"end":{"line":17,"column":42}},"4":{"start":{"line":18,"column":6},"end":{"line":21,"column":8}},"5":{"start":{"line":23,"column":4},"end":{"line":23,"column":null}},"6":{"start":{"line":31,"column":13},"end":{"line":33,"column":2}},"7":{"start":{"line":32,"column":2},"end":{"line":32,"column":37}}},"fnMap":{"0":{"name":"(anonymous_0)","decl":{"start":{"line":14,"column":23},"end":{"line":14,"column":41}},"loc":{"start":{"line":15,"column":2},"end":{"line":24,"column":4}}},"1":{"name":"(anonymous_1)","decl":{"start":{"line":15,"column":41},"end":{"line":15,"column":42}},"loc":{"start":{"line":15,"column":54},"end":{"line":24,"column":3}}},"2":{"name":"(anonymous_2)","decl":{"start":{"line":31,"column":22},"end":{"line":31,"column":23}},"loc":{"start":{"line":32,"column":2},"end":{"line":32,"column":37}}}},"branchMap":{"0":{"loc":{"start":{"line":16,"column":4},"end":{"line":22,"column":null}},"type":"if","locations":[{"start":{"line":16,"column":4},"end":{"line":22,"column":null}},{"start":{"line":16,"column":4},"end":{"line":22,"column":null}}]},"1":{"loc":{"start":{"line":19,"column":19},"end":{"line":19,"column":28}},"type":"binary-expr","locations":[{"start":{"line":19,"column":19},"end":{"line":19,"column":28}},{"start":{"line":19,"column":32},"end":{"line":19,"column":34}}]}},"s":{"0":1,"1":3,"2":1,"3":0,"4":0,"5":1,"6":1,"7":1},"f":{"0":3,"1":1,"2":1},"b":{"0":[0,1],"1":[0,0]}}
,"/home/oscar/work/storedsafe/browser_extension/storedsafe-browser-extension/src/model/Sessions.ts": {"path":"/home/oscar/work/storedsafe/browser_extension/storedsafe-browser-extension/src/model/Sessions.ts","statementMap":{"0":{"start":{"line":25,"column":13},"end":{"line":39,"column":null}},"1":{"start":{"line":26,"column":2},"end":{"line":38,"column":4}},"2":{"start":{"line":28,"column":4},"end":{"line":33,"column":null}},"3":{"start":{"line":29,"column":6},"end":{"line":32,"column":null}},"4":{"start":{"line":34,"column":4},"end":{"line":37,"column":6}},"5":{"start":{"line":45,"column":13},"end":{"line":47,"column":null}},"6":{"start":{"line":46,"column":2},"end":{"line":46,"column":49}}},"fnMap":{"0":{"name":"(anonymous_0)","decl":{"start":{"line":25,"column":27},"end":{"line":25,"column":49}},"loc":{"start":{"line":26,"column":2},"end":{"line":38,"column":4}}},"1":{"name":"(anonymous_1)","decl":{"start":{"line":27,"column":8},"end":{"line":27,"column":9}},"loc":{"start":{"line":27,"column":25},"end":{"line":38,"column":3}}},"2":{"name":"(anonymous_2)","decl":{"start":{"line":45,"column":22},"end":{"line":45,"column":23}},"loc":{"start":{"line":45,"column":60},"end":{"line":47,"column":1}}}},"branchMap":{"0":{"loc":{"start":{"line":28,"column":4},"end":{"line":33,"column":null}},"type":"if","locations":[{"start":{"line":28,"column":4},"end":{"line":33,"column":null}},{"start":{"line":28,"column":4},"end":{"line":33,"column":null}}]},"1":{"loc":{"start":{"line":30,"column":50},"end":{"line":30,"column":66}},"type":"cond-expr","locations":[{"start":{"line":30,"column":50},"end":{"line":30,"column":66}},{"start":{"line":30,"column":69},"end":{"line":30,"column":73}}]},"2":{"loc":{"start":{"line":31,"column":18},"end":{"line":31,"column":35}},"type":"binary-expr","locations":[{"start":{"line":31,"column":18},"end":{"line":31,"column":35}},{"start":{"line":31,"column":39},"end":{"line":31,"column":41}}]}},"s":{"0":0,"1":0,"2":0,"3":0,"4":0,"5":0,"6":0},"f":{"0":0,"1":0,"2":0},"b":{"0":[0,0],"1":[0,0],"2":[0,0]}}
,"/home/oscar/work/storedsafe/browser_extension/storedsafe-browser-extension/src/model/Settings.ts": {"path":"/home/oscar/work/storedsafe/browser_extension/storedsafe-browser-extension/src/model/Settings.ts","statementMap":{"0":{"start":{"line":14,"column":13},"end":{"line":18,"column":2}},"1":{"start":{"line":29,"column":13},"end":{"line":54,"column":null}},"2":{"start":{"line":62,"column":17},"end":{"line":72,"column":1}},"3":{"start":{"line":67,"column":2},"end":{"line":71,"column":5}},"4":{"start":{"line":68,"column":4},"end":{"line":70,"column":null}},"5":{"start":{"line":69,"column":6},"end":{"line":69,"column":54}},"6":{"start":{"line":80,"column":13},"end":{"line":96,"column":null}},"7":{"start":{"line":81,"column":29},"end":{"line":81,"column":31}},"8":{"start":{"line":82,"column":2},"end":{"line":95,"column":5}},"9":{"start":{"line":83,"column":4},"end":{"line":85,"column":null}},"10":{"start":{"line":84,"column":6},"end":{"line":84,"column":48}},"11":{"start":{"line":86,"column":4},"end":{"line":94,"column":7}},"12":{"start":{"line":87,"column":6},"end":{"line":89,"column":null}},"13":{"start":{"line":88,"column":8},"end":{"line":88,"column":33}},"14":{"start":{"line":90,"column":6},"end":{"line":92,"column":null}},"15":{"start":{"line":91,"column":8},"end":{"line":91,"column":44}},"16":{"start":{"line":93,"column":6},"end":{"line":93,"column":42}},"17":{"start":{"line":102,"column":13},"end":{"line":110,"column":null}},"18":{"start":{"line":103,"column":29},"end":{"line":103,"column":31}},"19":{"start":{"line":104,"column":2},"end":{"line":108,"column":5}},"20":{"start":{"line":105,"column":4},"end":{"line":107,"column":null}},"21":{"start":{"line":106,"column":6},"end":{"line":106,"column":50}},"22":{"start":{"line":109,"column":2},"end":{"line":109,"column":62}}},"fnMap":{"0":{"name":"(anonymous_0)","decl":{"start":{"line":62,"column":17},"end":{"line":62,"column":null}},"loc":{"start":{"line":66,"column":10},"end":{"line":72,"column":1}}},"1":{"name":"(anonymous_1)","decl":{"start":{"line":67,"column":30},"end":{"line":67,"column":31}},"loc":{"start":{"line":67,"column":38},"end":{"line":71,"column":3}}},"2":{"name":"(anonymous_2)","decl":{"start":{"line":80,"column":27},"end":{"line":80,"column":49}},"loc":{"start":{"line":80,"column":51},"end":{"line":96,"column":1}}},"3":{"name":"(anonymous_3)","decl":{"start":{"line":82,"column":54},"end":{"line":82,"column":55}},"loc":{"start":{"line":82,"column":79},"end":{"line":95,"column":3}}},"4":{"name":"(anonymous_4)","decl":{"start":{"line":86,"column":53},"end":{"line":86,"column":54}},"loc":{"start":{"line":86,"column":76},"end":{"line":94,"column":5}}},"5":{"name":"(anonymous_5)","decl":{"start":{"line":102,"column":22},"end":{"line":102,"column":23}},"loc":{"start":{"line":102,"column":60},"end":{"line":110,"column":1}}},"6":{"name":"(anonymous_6)","decl":{"start":{"line":104,"column":32},"end":{"line":104,"column":33}},"loc":{"start":{"line":104,"column":42},"end":{"line":108,"column":3}}}},"branchMap":{"0":{"loc":{"start":{"line":65,"column":12},"end":{"line":65,"column":17}},"type":"default-arg","locations":[{"start":{"line":65,"column":12},"end":{"line":65,"column":17}}]},"1":{"loc":{"start":{"line":68,"column":4},"end":{"line":70,"column":null}},"type":"if","locations":[{"start":{"line":68,"column":4},"end":{"line":70,"column":null}},{"start":{"line":68,"column":4},"end":{"line":70,"column":null}}]},"2":{"loc":{"start":{"line":83,"column":4},"end":{"line":85,"column":null}},"type":"if","locations":[{"start":{"line":83,"column":4},"end":{"line":85,"column":null}},{"start":{"line":83,"column":4},"end":{"line":85,"column":null}}]},"3":{"loc":{"start":{"line":83,"column":8},"end":{"line":83,"column":14}},"type":"binary-expr","locations":[{"start":{"line":83,"column":8},"end":{"line":83,"column":14}},{"start":{"line":83,"column":18},"end":{"line":83,"column":33}}]},"4":{"loc":{"start":{"line":87,"column":6},"end":{"line":89,"column":null}},"type":"if","locations":[{"start":{"line":87,"column":6},"end":{"line":89,"column":null}},{"start":{"line":87,"column":6},"end":{"line":89,"column":null}}]},"5":{"loc":{"start":{"line":90,"column":6},"end":{"line":92,"column":null}},"type":"if","locations":[{"start":{"line":90,"column":6},"end":{"line":92,"column":null}},{"start":{"line":90,"column":6},"end":{"line":92,"column":null}}]},"6":{"loc":{"start":{"line":90,"column":10},"end":{"line":90,"column":16}},"type":"binary-expr","locations":[{"start":{"line":90,"column":10},"end":{"line":90,"column":16}},{"start":{"line":90,"column":20},"end":{"line":90,"column":35}}]},"7":{"loc":{"start":{"line":105,"column":4},"end":{"line":107,"column":null}},"type":"if","locations":[{"start":{"line":105,"column":4},"end":{"line":107,"column":null}},{"start":{"line":105,"column":4},"end":{"line":107,"column":null}}]}},"s":{"0":0,"1":0,"2":0,"3":0,"4":0,"5":0,"6":0,"7":0,"8":0,"9":0,"10":0,"11":0,"12":0,"13":0,"14":0,"15":0,"16":0,"17":0,"18":0,"19":0,"20":0,"21":0,"22":0},"f":{"0":0,"1":0,"2":0,"3":0,"4":0,"5":0,"6":0},"b":{"0":[0],"1":[0,0],"2":[0,0],"3":[0,0],"4":[0,0],"5":[0,0],"6":[0,0],"7":[0,0]}}
,"/home/oscar/work/storedsafe/browser_extension/storedsafe-browser-extension/src/model/Sites.ts": {"path":"/home/oscar/work/storedsafe/browser_extension/storedsafe-browser-extension/src/model/Sites.ts","statementMap":{"0":{"start":{"line":22,"column":13},"end":{"line":29,"column":null}},"1":{"start":{"line":23,"column":2},"end":{"line":28,"column":5}},"2":{"start":{"line":27,"column":4},"end":{"line":27,"column":54}},"3":{"start":{"line":35,"column":13},"end":{"line":37,"column":null}},"4":{"start":{"line":36,"column":2},"end":{"line":36,"column":57}}},"fnMap":{"0":{"name":"(anonymous_0)","decl":{"start":{"line":22,"column":24},"end":{"line":22,"column":52}},"loc":{"start":{"line":22,"column":54},"end":{"line":29,"column":1}}},"1":{"name":"(anonymous_1)","decl":{"start":{"line":26,"column":10},"end":{"line":26,"column":11}},"loc":{"start":{"line":26,"column":51},"end":{"line":28,"column":3}}},"2":{"name":"(anonymous_2)","decl":{"start":{"line":35,"column":22},"end":{"line":35,"column":23}},"loc":{"start":{"line":35,"column":63},"end":{"line":37,"column":1}}}},"branchMap":{"0":{"loc":{"start":{"line":27,"column":21},"end":{"line":27,"column":27}},"type":"binary-expr","locations":[{"start":{"line":27,"column":21},"end":{"line":27,"column":27}},{"start":{"line":27,"column":31},"end":{"line":27,"column":33}}]},"1":{"loc":{"start":{"line":27,"column":41},"end":{"line":27,"column":45}},"type":"binary-expr","locations":[{"start":{"line":27,"column":41},"end":{"line":27,"column":45}},{"start":{"line":27,"column":49},"end":{"line":27,"column":51}}]}},"s":{"0":0,"1":0,"2":0,"3":0,"4":0},"f":{"0":0,"1":0,"2":0},"b":{"0":[0,0],"1":[0,0]}}
}
