{"/home/oscar/work/storedsafe/browser_extension/storedsafe-browser-extension-refactor/src/components/common/Banner.tsx": {"path":"/home/oscar/work/storedsafe/browser_extension/storedsafe-browser-extension-refactor/src/components/common/Banner.tsx","statementMap":{"0":{"start":{"line":1,"column":0},"end":{"line":1,"column":25}},"1":{"start":{"line":2,"column":0},"end":{"line":2,"column":29}},"2":{"start":{"line":3,"column":0},"end":{"line":3,"column":22}},"3":{"start":{"line":9,"column":13},"end":{"line":16,"column":null}},"4":{"start":{"line":12,"column":2},"end":{"line":14,"column":null}}},"fnMap":{"0":{"name":"(anonymous_1)","decl":{"start":{"line":9,"column":60},"end":{"line":9,"column":61}},"loc":{"start":{"line":12,"column":2},"end":{"line":14,"column":null}}}},"branchMap":{},"s":{"0":1,"1":1,"2":1,"3":1,"4":1},"f":{"0":1},"b":{}}
,"/home/oscar/work/storedsafe/browser_extension/storedsafe-browser-extension-refactor/src/components/common/Button.tsx": {"path":"/home/oscar/work/storedsafe/browser_extension/storedsafe-browser-extension-refactor/src/components/common/Button.tsx","statementMap":{"0":{"start":{"line":1,"column":0},"end":{"line":1,"column":25}},"1":{"start":{"line":2,"column":0},"end":{"line":2,"column":22}},"2":{"start":{"line":13,"column":13},"end":{"line":28,"column":null}},"3":{"start":{"line":17,"column":11},"end":{"line":17,"column":null}},"4":{"start":{"line":18,"column":10},"end":{"line":19,"column":14}},"5":{"start":{"line":20,"column":21},"end":{"line":20,"column":125}},"6":{"start":{"line":22,"column":2},"end":{"line":27,"column":null}},"7":{"start":{"line":30,"column":0},"end":{"line":35,"column":null}}},"fnMap":{"0":{"name":"(anonymous_2)","decl":{"start":{"line":13,"column":60},"end":{"line":13,"column":61}},"loc":{"start":{"line":19,"column":18},"end":{"line":28,"column":1}}}},"branchMap":{"0":{"loc":{"start":{"line":20,"column":58},"end":{"line":20,"column":75}},"type":"cond-expr","locations":[{"start":{"line":20,"column":58},"end":{"line":20,"column":75}},{"start":{"line":20,"column":78},"end":{"line":20,"column":80}}]},"1":{"loc":{"start":{"line":20,"column":102},"end":{"line":20,"column":104}},"type":"cond-expr","locations":[{"start":{"line":20,"column":102},"end":{"line":20,"column":104}},{"start":{"line":20,"column":107},"end":{"line":20,"column":123}}]}},"s":{"0":1,"1":1,"2":1,"3":8,"4":8,"5":8,"6":8,"7":1},"f":{"0":8},"b":{"0":[1,7],"1":[7,1]}}
,"/home/oscar/work/storedsafe/browser_extension/storedsafe-browser-extension-refactor/src/components/common/Checkbox.tsx": {"path":"/home/oscar/work/storedsafe/browser_extension/storedsafe-browser-extension-refactor/src/components/common/Checkbox.tsx","statementMap":{"0":{"start":{"line":1,"column":0},"end":{"line":1,"column":30}},"1":{"start":{"line":2,"column":0},"end":{"line":2,"column":24}},"2":{"start":{"line":5,"column":13},"end":{"line":12,"column":null}},"3":{"start":{"line":6,"column":2},"end":{"line":10,"column":null}}},"fnMap":{"0":{"name":"(anonymous_6)","decl":{"start":{"line":5,"column":50},"end":{"line":5,"column":51}},"loc":{"start":{"line":6,"column":2},"end":{"line":10,"column":null}}}},"branchMap":{},"s":{"0":1,"1":1,"2":1,"3":2},"f":{"0":2},"b":{}}
,"/home/oscar/work/storedsafe/browser_extension/storedsafe-browser-extension-refactor/src/components/common/ListView.tsx": {"path":"/home/oscar/work/storedsafe/browser_extension/storedsafe-browser-extension-refactor/src/components/common/ListView.tsx","statementMap":{"0":{"start":{"line":1,"column":0},"end":{"line":1,"column":50}},"1":{"start":{"line":2,"column":0},"end":{"line":2,"column":24}},"2":{"start":{"line":15,"column":13},"end":{"line":56,"column":null}},"3":{"start":{"line":19,"column":34},"end":{"line":19,"column":67}},"4":{"start":{"line":21,"column":2},"end":{"line":23,"column":null}},"5":{"start":{"line":22,"column":4},"end":{"line":22,"column":null}},"6":{"start":{"line":25,"column":22},"end":{"line":25,"column":44}},"7":{"start":{"line":27,"column":15},"end":{"line":49,"column":4}},"8":{"start":{"line":28,"column":23},"end":{"line":28,"column":44}},"9":{"start":{"line":29,"column":21},"end":{"line":35,"column":5}},"10":{"start":{"line":30,"column":6},"end":{"line":34,"column":null}},"11":{"start":{"line":31,"column":8},"end":{"line":31,"column":null}},"12":{"start":{"line":33,"column":8},"end":{"line":33,"column":null}},"13":{"start":{"line":36,"column":4},"end":{"line":48,"column":null}},"14":{"start":{"line":51,"column":2},"end":{"line":55,"column":null}}},"fnMap":{"0":{"name":"(anonymous_6)","decl":{"start":{"line":15,"column":64},"end":{"line":15,"column":65}},"loc":{"start":{"line":18,"column":20},"end":{"line":56,"column":1}}},"1":{"name":"(anonymous_7)","decl":{"start":{"line":21,"column":12},"end":{"line":21,"column":15}},"loc":{"start":{"line":21,"column":17},"end":{"line":23,"column":3}}},"2":{"name":"(anonymous_8)","decl":{"start":{"line":27,"column":25},"end":{"line":27,"column":29}},"loc":{"start":{"line":27,"column":32},"end":{"line":49,"column":3}}},"3":{"name":"(anonymous_9)","decl":{"start":{"line":29,"column":21},"end":{"line":29,"column":30}},"loc":{"start":{"line":29,"column":32},"end":{"line":35,"column":5}}}},"branchMap":{"0":{"loc":{"start":{"line":30,"column":6},"end":{"line":34,"column":null}},"type":"if","locations":[{"start":{"line":30,"column":6},"end":{"line":34,"column":null}},{"start":{"line":30,"column":6},"end":{"line":34,"column":null}}]},"1":{"loc":{"start":{"line":38,"column":49},"end":{"line":38,"column":60}},"type":"cond-expr","locations":[{"start":{"line":38,"column":49},"end":{"line":38,"column":60}},{"start":{"line":38,"column":63},"end":{"line":38,"column":65}}]},"2":{"loc":{"start":{"line":39,"column":39},"end":{"line":39,"column":48}},"type":"cond-expr","locations":[{"start":{"line":39,"column":39},"end":{"line":39,"column":48}},{"start":{"line":39,"column":51},"end":{"line":39,"column":null}}]},"3":{"loc":{"start":{"line":39,"column":10},"end":{"line":39,"column":21}},"type":"binary-expr","locations":[{"start":{"line":39,"column":10},"end":{"line":39,"column":21}},{"start":{"line":39,"column":25},"end":{"line":39,"column":36}}]},"4":{"loc":{"start":{"line":52,"column":50},"end":{"line":52,"column":65}},"type":"cond-expr","locations":[{"start":{"line":52,"column":50},"end":{"line":52,"column":65}},{"start":{"line":52,"column":68},"end":{"line":52,"column":70}}]}},"s":{"0":1,"1":1,"2":1,"3":6,"4":6,"5":3,"6":6,"7":6,"8":10,"9":10,"10":3,"11":1,"12":2,"13":10,"14":6},"f":{"0":6,"1":3,"2":10,"3":3},"b":{"0":[1,2],"1":[2,8],"2":[2,8],"3":[10,4],"4":[2,4]}}
,"/home/oscar/work/storedsafe/browser_extension/storedsafe-browser-extension-refactor/src/components/common/LoadingComponent.tsx": {"path":"/home/oscar/work/storedsafe/browser_extension/storedsafe-browser-extension-refactor/src/components/common/LoadingComponent.tsx","statementMap":{"0":{"start":{"line":1,"column":0},"end":{"line":1,"column":25}},"1":{"start":{"line":2,"column":0},"end":{"line":2,"column":49}},"2":{"start":{"line":3,"column":0},"end":{"line":3,"column":32}},"3":{"start":{"line":5,"column":13},"end":{"line":9,"column":null}},"4":{"start":{"line":6,"column":2},"end":{"line":7,"column":null}}},"fnMap":{"0":{"name":"(anonymous_1)","decl":{"start":{"line":5,"column":57},"end":{"line":5,"column":60}},"loc":{"start":{"line":6,"column":2},"end":{"line":7,"column":null}}}},"branchMap":{},"s":{"0":1,"1":1,"2":1,"3":1,"4":1},"f":{"0":1},"b":{}}
,"/home/oscar/work/storedsafe/browser_extension/storedsafe-browser-extension-refactor/src/components/common/LoadingSpinner.tsx": {"path":"/home/oscar/work/storedsafe/browser_extension/storedsafe-browser-extension-refactor/src/components/common/LoadingSpinner.tsx","statementMap":{"0":{"start":{"line":1,"column":0},"end":{"line":1,"column":25}},"1":{"start":{"line":2,"column":0},"end":{"line":2,"column":30}},"2":{"start":{"line":8,"column":13},"end":{"line":14,"column":null}},"3":{"start":{"line":11,"column":2},"end":{"line":12,"column":null}},"4":{"start":{"line":16,"column":0},"end":{"line":18,"column":null}}},"fnMap":{"0":{"name":"(anonymous_1)","decl":{"start":{"line":8,"column":76},"end":{"line":8,"column":77}},"loc":{"start":{"line":11,"column":2},"end":{"line":12,"column":null}}}},"branchMap":{},"s":{"0":2,"1":2,"2":2,"3":6,"4":2},"f":{"0":6},"b":{}}
,"/home/oscar/work/storedsafe/browser_extension/storedsafe-browser-extension-refactor/src/components/common/Logo.tsx": {"path":"/home/oscar/work/storedsafe/browser_extension/storedsafe-browser-extension-refactor/src/components/common/Logo.tsx","statementMap":{"0":{"start":{"line":4,"column":0},"end":{"line":4,"column":25}},"1":{"start":{"line":5,"column":0},"end":{"line":5,"column":29}},"2":{"start":{"line":6,"column":0},"end":{"line":6,"column":20}},"3":{"start":{"line":8,"column":13},"end":{"line":10,"column":null}},"4":{"start":{"line":9,"column":2},"end":{"line":9,"column":54}}},"fnMap":{"0":{"name":"(anonymous_1)","decl":{"start":{"line":8,"column":45},"end":{"line":8,"column":48}},"loc":{"start":{"line":9,"column":2},"end":{"line":9,"column":54}}}},"branchMap":{},"s":{"0":2,"1":2,"2":2,"3":2,"4":2},"f":{"0":2},"b":{}}
,"/home/oscar/work/storedsafe/browser_extension/storedsafe-browser-extension-refactor/src/components/common/MenuButton.tsx": {"path":"/home/oscar/work/storedsafe/browser_extension/storedsafe-browser-extension-refactor/src/components/common/MenuButton.tsx","statementMap":{"0":{"start":{"line":1,"column":0},"end":{"line":1,"column":25}},"1":{"start":{"line":2,"column":0},"end":{"line":2,"column":26}},"2":{"start":{"line":11,"column":13},"end":{"line":21,"column":null}},"3":{"start":{"line":17,"column":2},"end":{"line":19,"column":null}},"4":{"start":{"line":23,"column":0},"end":{"line":25,"column":null}}},"fnMap":{"0":{"name":"(anonymous_1)","decl":{"start":{"line":11,"column":68},"end":{"line":11,"column":69}},"loc":{"start":{"line":17,"column":2},"end":{"line":19,"column":null}}}},"branchMap":{"0":{"loc":{"start":{"line":18,"column":53},"end":{"line":18,"column":64}},"type":"cond-expr","locations":[{"start":{"line":18,"column":53},"end":{"line":18,"column":64}},{"start":{"line":18,"column":67},"end":{"line":18,"column":69}}]}},"s":{"0":1,"1":1,"2":1,"3":4,"4":1},"f":{"0":4},"b":{"0":[1,3]}}
,"/home/oscar/work/storedsafe/browser_extension/storedsafe-browser-extension-refactor/src/components/common/Message.tsx": {"path":"/home/oscar/work/storedsafe/browser_extension/storedsafe-browser-extension-refactor/src/components/common/Message.tsx","statementMap":{"0":{"start":{"line":1,"column":0},"end":{"line":1,"column":25}},"1":{"start":{"line":2,"column":0},"end":{"line":2,"column":23}},"2":{"start":{"line":9,"column":13},"end":{"line":18,"column":null}},"3":{"start":{"line":13,"column":2},"end":{"line":17,"column":null}},"4":{"start":{"line":20,"column":0},"end":{"line":22,"column":null}}},"fnMap":{"0":{"name":"(anonymous_1)","decl":{"start":{"line":9,"column":62},"end":{"line":9,"column":63}},"loc":{"start":{"line":12,"column":19},"end":{"line":18,"column":1}}}},"branchMap":{},"s":{"0":1,"1":1,"2":1,"3":5,"4":1},"f":{"0":5},"b":{}}
,"/home/oscar/work/storedsafe/browser_extension/storedsafe-browser-extension-refactor/src/components/common/OnlineIndicator.tsx": {"path":"/home/oscar/work/storedsafe/browser_extension/storedsafe-browser-extension-refactor/src/components/common/OnlineIndicator.tsx","statementMap":{"0":{"start":{"line":1,"column":0},"end":{"line":1,"column":25}},"1":{"start":{"line":2,"column":0},"end":{"line":2,"column":31}},"2":{"start":{"line":8,"column":13},"end":{"line":14,"column":null}},"3":{"start":{"line":11,"column":2},"end":{"line":12,"column":null}}},"fnMap":{"0":{"name":"(anonymous_1)","decl":{"start":{"line":8,"column":78},"end":{"line":8,"column":79}},"loc":{"start":{"line":11,"column":2},"end":{"line":12,"column":null}}}},"branchMap":{"0":{"loc":{"start":{"line":11,"column":47},"end":{"line":11,"column":55}},"type":"cond-expr","locations":[{"start":{"line":11,"column":47},"end":{"line":11,"column":55}},{"start":{"line":11,"column":58},"end":{"line":11,"column":67}}]}},"s":{"0":1,"1":1,"2":1,"3":2},"f":{"0":2},"b":{"0":[1,1]}}
,"/home/oscar/work/storedsafe/browser_extension/storedsafe-browser-extension-refactor/src/components/common/Radio.tsx": {"path":"/home/oscar/work/storedsafe/browser_extension/storedsafe-browser-extension-refactor/src/components/common/Radio.tsx","statementMap":{"0":{"start":{"line":1,"column":0},"end":{"line":1,"column":30}},"1":{"start":{"line":2,"column":0},"end":{"line":2,"column":21}},"2":{"start":{"line":6,"column":13},"end":{"line":13,"column":null}},"3":{"start":{"line":7,"column":2},"end":{"line":11,"column":null}}},"fnMap":{"0":{"name":"(anonymous_6)","decl":{"start":{"line":6,"column":44},"end":{"line":6,"column":45}},"loc":{"start":{"line":7,"column":2},"end":{"line":11,"column":null}}}},"branchMap":{},"s":{"0":1,"1":1,"2":1,"3":2},"f":{"0":2},"b":{}}
,"/home/oscar/work/storedsafe/browser_extension/storedsafe-browser-extension-refactor/src/components/common/Select.tsx": {"path":"/home/oscar/work/storedsafe/browser_extension/storedsafe-browser-extension-refactor/src/components/common/Select.tsx","statementMap":{"0":{"start":{"line":1,"column":0},"end":{"line":1,"column":25}},"1":{"start":{"line":2,"column":0},"end":{"line":2,"column":22}},"2":{"start":{"line":6,"column":13},"end":{"line":16,"column":null}},"3":{"start":{"line":7,"column":10},"end":{"line":7,"column":15}},"4":{"start":{"line":7,"column":20},"end":{"line":8,"column":14}},"5":{"start":{"line":8,"column":19},"end":{"line":16,"column":null}}},"fnMap":{"0":{"name":"(anonymous_2)","decl":{"start":{"line":6,"column":60},"end":{"line":6,"column":61}},"loc":{"start":{"line":8,"column":18},"end":{"line":16,"column":null}}}},"branchMap":{},"s":{"0":1,"1":1,"2":1,"3":1,"4":1,"5":1},"f":{"0":1},"b":{}}
,"/home/oscar/work/storedsafe/browser_extension/storedsafe-browser-extension-refactor/src/model/storage/Blacklist.ts": {"path":"/home/oscar/work/storedsafe/browser_extension/storedsafe-browser-extension-refactor/src/model/storage/Blacklist.ts","statementMap":{"0":{"start":{"line":8,"column":20},"end":{"line":8,"column":40}},"1":{"start":{"line":15,"column":2},"end":{"line":21,"column":null}},"2":{"start":{"line":16,"column":26},"end":{"line":16,"column":60}},"3":{"start":{"line":17,"column":4},"end":{"line":17,"column":null}},"4":{"start":{"line":19,"column":4},"end":{"line":19,"column":null}},"5":{"start":{"line":20,"column":4},"end":{"line":20,"column":null}},"6":{"start":{"line":29,"column":2},"end":{"line":33,"column":null}},"7":{"start":{"line":30,"column":4},"end":{"line":30,"column":null}},"8":{"start":{"line":32,"column":4},"end":{"line":32,"column":null}},"9":{"start":{"line":45,"column":20},"end":{"line":45,"column":31}},"10":{"start":{"line":46,"column":2},"end":{"line":48,"column":null}},"11":{"start":{"line":47,"column":4},"end":{"line":47,"column":null}},"12":{"start":{"line":49,"column":23},"end":{"line":49,"column":37}},"13":{"start":{"line":50,"column":2},"end":{"line":50,"column":null}},"14":{"start":{"line":51,"column":2},"end":{"line":51,"column":null}},"15":{"start":{"line":60,"column":20},"end":{"line":60,"column":31}},"16":{"start":{"line":61,"column":23},"end":{"line":61,"column":74}},"17":{"start":{"line":61,"column":54},"end":{"line":61,"column":73}},"18":{"start":{"line":62,"column":2},"end":{"line":62,"column":null}},"19":{"start":{"line":70,"column":2},"end":{"line":70,"column":null}},"20":{"start":{"line":73,"column":13},"end":{"line":78,"column":null}}},"fnMap":{"0":{"name":"get","decl":{"start":{"line":14,"column":15},"end":{"line":14,"column":18}},"loc":{"start":{"line":14,"column":18},"end":{"line":22,"column":null}}},"1":{"name":"set","decl":{"start":{"line":28,"column":15},"end":{"line":28,"column":18}},"loc":{"start":{"line":28,"column":40},"end":{"line":34,"column":null}}},"2":{"name":"add","decl":{"start":{"line":44,"column":15},"end":{"line":44,"column":18}},"loc":{"start":{"line":44,"column":32},"end":{"line":52,"column":null}}},"3":{"name":"remove","decl":{"start":{"line":59,"column":15},"end":{"line":59,"column":21}},"loc":{"start":{"line":59,"column":35},"end":{"line":63,"column":null}}},"4":{"name":"(anonymous_15)","decl":{"start":{"line":61,"column":40},"end":{"line":61,"column":50}},"loc":{"start":{"line":61,"column":54},"end":{"line":61,"column":73}}},"5":{"name":"clear","decl":{"start":{"line":69,"column":15},"end":{"line":69,"column":20}},"loc":{"start":{"line":69,"column":20},"end":{"line":71,"column":null}}}},"branchMap":{"0":{"loc":{"start":{"line":17,"column":37},"end":{"line":17,"column":39}},"type":"cond-expr","locations":[{"start":{"line":17,"column":37},"end":{"line":17,"column":39}},{"start":{"line":17,"column":42},"end":{"line":17,"column":51}}]},"1":{"loc":{"start":{"line":46,"column":2},"end":{"line":48,"column":null}},"type":"if","locations":[{"start":{"line":46,"column":2},"end":{"line":48,"column":null}},{"start":{"line":46,"column":2},"end":{"line":48,"column":null}}]}},"s":{"0":1,"1":12,"2":12,"3":10,"4":2,"5":2,"6":4,"7":4,"8":1,"9":3,"10":3,"11":1,"12":2,"13":2,"14":2,"15":1,"16":1,"17":3,"18":1,"19":1,"20":1},"f":{"0":12,"1":4,"2":3,"3":1,"4":3,"5":1},"b":{"0":[1,9],"1":[1,2]}}
,"/home/oscar/work/storedsafe/browser_extension/storedsafe-browser-extension-refactor/src/model/storage/Preferences.ts": {"path":"/home/oscar/work/storedsafe/browser_extension/storedsafe-browser-extension-refactor/src/model/storage/Preferences.ts","statementMap":{"0":{"start":{"line":14,"column":2},"end":{"line":20,"column":null}},"1":{"start":{"line":15,"column":28},"end":{"line":15,"column":74}},"2":{"start":{"line":16,"column":4},"end":{"line":16,"column":null}},"3":{"start":{"line":18,"column":4},"end":{"line":18,"column":null}},"4":{"start":{"line":19,"column":4},"end":{"line":19,"column":null}},"5":{"start":{"line":28,"column":2},"end":{"line":32,"column":null}},"6":{"start":{"line":29,"column":4},"end":{"line":29,"column":null}},"7":{"start":{"line":31,"column":4},"end":{"line":31,"column":null}},"8":{"start":{"line":44,"column":22},"end":{"line":44,"column":33}},"9":{"start":{"line":45,"column":2},"end":{"line":45,"column":null}},"10":{"start":{"line":59,"column":22},"end":{"line":59,"column":33}},"11":{"start":{"line":60,"column":26},"end":{"line":64,"column":null}},"12":{"start":{"line":67,"column":2},"end":{"line":67,"column":null}},"13":{"start":{"line":75,"column":2},"end":{"line":75,"column":null}},"14":{"start":{"line":78,"column":13},"end":{"line":83,"column":null}}},"fnMap":{"0":{"name":"get","decl":{"start":{"line":13,"column":15},"end":{"line":13,"column":18}},"loc":{"start":{"line":13,"column":18},"end":{"line":21,"column":null}}},"1":{"name":"set","decl":{"start":{"line":27,"column":15},"end":{"line":27,"column":18}},"loc":{"start":{"line":27,"column":44},"end":{"line":33,"column":null}}},"2":{"name":"setLastUsedSite","decl":{"start":{"line":43,"column":15},"end":{"line":43,"column":30}},"loc":{"start":{"line":43,"column":44},"end":{"line":46,"column":null}}},"3":{"name":"updateSitePreferences","decl":{"start":{"line":55,"column":15},"end":{"line":55,"column":36}},"loc":{"start":{"line":57,"column":34},"end":{"line":68,"column":null}}},"4":{"name":"clear","decl":{"start":{"line":74,"column":15},"end":{"line":74,"column":20}},"loc":{"start":{"line":74,"column":20},"end":{"line":76,"column":null}}}},"branchMap":{"0":{"loc":{"start":{"line":16,"column":39},"end":{"line":16,"column":52}},"type":"cond-expr","locations":[{"start":{"line":16,"column":39},"end":{"line":16,"column":52}},{"start":{"line":16,"column":55},"end":{"line":16,"column":66}}]}},"s":{"0":11,"1":11,"2":9,"3":2,"4":2,"5":4,"6":4,"7":1,"8":2,"9":2,"10":1,"11":1,"12":1,"13":1,"14":1},"f":{"0":11,"1":4,"2":2,"3":1,"4":1},"b":{"0":[3,6]}}
,"/home/oscar/work/storedsafe/browser_extension/storedsafe-browser-extension-refactor/src/model/storage/Sessions.ts": {"path":"/home/oscar/work/storedsafe/browser_extension/storedsafe-browser-extension-refactor/src/model/storage/Sessions.ts","statementMap":{"0":{"start":{"line":15,"column":2},"end":{"line":21,"column":null}},"1":{"start":{"line":16,"column":25},"end":{"line":16,"column":68}},"2":{"start":{"line":17,"column":4},"end":{"line":17,"column":null}},"3":{"start":{"line":19,"column":4},"end":{"line":19,"column":null}},"4":{"start":{"line":20,"column":4},"end":{"line":20,"column":null}},"5":{"start":{"line":30,"column":2},"end":{"line":36,"column":null}},"6":{"start":{"line":31,"column":4},"end":{"line":33,"column":null}},"7":{"start":{"line":35,"column":4},"end":{"line":35,"column":null}},"8":{"start":{"line":49,"column":19},"end":{"line":49,"column":30}},"9":{"start":{"line":50,"column":22},"end":{"line":50,"column":61}},"10":{"start":{"line":51,"column":2},"end":{"line":51,"column":null}},"11":{"start":{"line":60,"column":19},"end":{"line":60,"column":30}},"12":{"start":{"line":61,"column":22},"end":{"line":61,"column":39}},"13":{"start":{"line":62,"column":2},"end":{"line":64,"column":null}},"14":{"start":{"line":63,"column":4},"end":{"line":63,"column":null}},"15":{"start":{"line":65,"column":2},"end":{"line":65,"column":null}},"16":{"start":{"line":73,"column":2},"end":{"line":73,"column":null}},"17":{"start":{"line":76,"column":13},"end":{"line":81,"column":null}}},"fnMap":{"0":{"name":"get","decl":{"start":{"line":14,"column":15},"end":{"line":14,"column":18}},"loc":{"start":{"line":14,"column":18},"end":{"line":22,"column":null}}},"1":{"name":"set","decl":{"start":{"line":29,"column":15},"end":{"line":29,"column":18}},"loc":{"start":{"line":29,"column":38},"end":{"line":37,"column":null}}},"2":{"name":"add","decl":{"start":{"line":48,"column":15},"end":{"line":48,"column":18}},"loc":{"start":{"line":48,"column":50},"end":{"line":52,"column":null}}},"3":{"name":"remove","decl":{"start":{"line":59,"column":15},"end":{"line":59,"column":21}},"loc":{"start":{"line":59,"column":41},"end":{"line":66,"column":null}}},"4":{"name":"clear","decl":{"start":{"line":72,"column":15},"end":{"line":72,"column":20}},"loc":{"start":{"line":72,"column":20},"end":{"line":74,"column":null}}}},"branchMap":{"0":{"loc":{"start":{"line":17,"column":44},"end":{"line":17,"column":46}},"type":"cond-expr","locations":[{"start":{"line":17,"column":44},"end":{"line":17,"column":46}},{"start":{"line":17,"column":49},"end":{"line":17,"column":57}}]}},"s":{"0":49,"1":49,"2":47,"3":2,"4":2,"5":12,"6":12,"7":1,"8":5,"9":5,"10":5,"11":5,"12":5,"13":5,"14":5,"15":5,"16":2,"17":5},"f":{"0":49,"1":12,"2":5,"3":5,"4":2},"b":{"0":[4,43]}}
,"/home/oscar/work/storedsafe/browser_extension/storedsafe-browser-extension-refactor/src/model/storage/Settings.ts": {"path":"/home/oscar/work/storedsafe/browser_extension/storedsafe-browser-extension-refactor/src/model/storage/Settings.ts","statementMap":{"0":{"start":{"line":23,"column":22},"end":{"line":23,"column":45}},"1":{"start":{"line":24,"column":20},"end":{"line":24,"column":40}},"2":{"start":{"line":39,"column":13},"end":{"line":43,"column":null}},"3":{"start":{"line":64,"column":13},"end":{"line":91,"column":null}},"4":{"start":{"line":99,"column":17},"end":{"line":109,"column":1}},"5":{"start":{"line":104,"column":2},"end":{"line":108,"column":null}},"6":{"start":{"line":105,"column":4},"end":{"line":107,"column":null}},"7":{"start":{"line":106,"column":6},"end":{"line":106,"column":null}},"8":{"start":{"line":118,"column":29},"end":{"line":118,"column":38}},"9":{"start":{"line":119,"column":2},"end":{"line":134,"column":null}},"10":{"start":{"line":120,"column":41},"end":{"line":120,"column":76}},"11":{"start":{"line":121,"column":4},"end":{"line":123,"column":null}},"12":{"start":{"line":122,"column":6},"end":{"line":122,"column":null}},"13":{"start":{"line":124,"column":39},"end":{"line":124,"column":72}},"14":{"start":{"line":125,"column":4},"end":{"line":127,"column":null}},"15":{"start":{"line":126,"column":6},"end":{"line":126,"column":null}},"16":{"start":{"line":128,"column":4},"end":{"line":130,"column":null}},"17":{"start":{"line":129,"column":6},"end":{"line":129,"column":null}},"18":{"start":{"line":131,"column":4},"end":{"line":131,"column":null}},"19":{"start":{"line":133,"column":4},"end":{"line":133,"column":null}},"20":{"start":{"line":135,"column":2},"end":{"line":135,"column":null}},"21":{"start":{"line":143,"column":39},"end":{"line":143,"column":41}},"22":{"start":{"line":144,"column":2},"end":{"line":148,"column":null}},"23":{"start":{"line":145,"column":4},"end":{"line":147,"column":null}},"24":{"start":{"line":146,"column":6},"end":{"line":146,"column":null}},"25":{"start":{"line":149,"column":2},"end":{"line":153,"column":null}},"26":{"start":{"line":150,"column":4},"end":{"line":150,"column":null}},"27":{"start":{"line":152,"column":4},"end":{"line":152,"column":null}},"28":{"start":{"line":162,"column":19},"end":{"line":162,"column":30}},"29":{"start":{"line":163,"column":22},"end":{"line":163,"column":64}},"30":{"start":{"line":164,"column":2},"end":{"line":164,"column":null}},"31":{"start":{"line":167,"column":13},"end":{"line":170,"column":null}}},"fnMap":{"0":{"name":"(anonymous_7)","decl":{"start":{"line":99,"column":17},"end":{"line":99,"column":null}},"loc":{"start":{"line":103,"column":10},"end":{"line":109,"column":1}}},"1":{"name":"(anonymous_8)","decl":{"start":{"line":104,"column":30},"end":{"line":104,"column":33}},"loc":{"start":{"line":104,"column":36},"end":{"line":108,"column":3}}},"2":{"name":"get","decl":{"start":{"line":117,"column":15},"end":{"line":117,"column":18}},"loc":{"start":{"line":117,"column":18},"end":{"line":136,"column":null}}},"3":{"name":"set","decl":{"start":{"line":142,"column":15},"end":{"line":142,"column":18}},"loc":{"start":{"line":142,"column":38},"end":{"line":154,"column":null}}},"4":{"name":"update","decl":{"start":{"line":161,"column":15},"end":{"line":161,"column":21}},"loc":{"start":{"line":161,"column":48},"end":{"line":165,"column":null}}}},"branchMap":{"0":{"loc":{"start":{"line":102,"column":12},"end":{"line":102,"column":17}},"type":"default-arg","locations":[{"start":{"line":102,"column":12},"end":{"line":102,"column":17}}]},"1":{"loc":{"start":{"line":105,"column":4},"end":{"line":107,"column":null}},"type":"if","locations":[{"start":{"line":105,"column":4},"end":{"line":107,"column":null}},{"start":{"line":105,"column":4},"end":{"line":107,"column":null}}]},"2":{"loc":{"start":{"line":121,"column":4},"end":{"line":123,"column":null}},"type":"if","locations":[{"start":{"line":121,"column":4},"end":{"line":123,"column":null}},{"start":{"line":121,"column":4},"end":{"line":123,"column":null}}]},"3":{"loc":{"start":{"line":121,"column":22},"end":{"line":121,"column":24}},"type":"cond-expr","locations":[{"start":{"line":121,"column":22},"end":{"line":121,"column":24}},{"start":{"line":121,"column":8},"end":{"line":121,"column":32}}]},"4":{"loc":{"start":{"line":121,"column":8},"end":{"line":121,"column":24}},"type":"binary-expr","locations":[{"start":{"line":121,"column":8},"end":{"line":121,"column":24}},{"start":{"line":121,"column":8},"end":{"line":121,"column":24}}]},"5":{"loc":{"start":{"line":125,"column":4},"end":{"line":127,"column":null}},"type":"if","locations":[{"start":{"line":125,"column":4},"end":{"line":127,"column":null}},{"start":{"line":125,"column":4},"end":{"line":127,"column":null}}]},"6":{"loc":{"start":{"line":128,"column":4},"end":{"line":130,"column":null}},"type":"if","locations":[{"start":{"line":128,"column":4},"end":{"line":130,"column":null}},{"start":{"line":128,"column":4},"end":{"line":130,"column":null}}]},"7":{"loc":{"start":{"line":128,"column":22},"end":{"line":128,"column":24}},"type":"cond-expr","locations":[{"start":{"line":128,"column":22},"end":{"line":128,"column":24}},{"start":{"line":128,"column":8},"end":{"line":128,"column":32}}]},"8":{"loc":{"start":{"line":128,"column":8},"end":{"line":128,"column":24}},"type":"binary-expr","locations":[{"start":{"line":128,"column":8},"end":{"line":128,"column":24}},{"start":{"line":128,"column":8},"end":{"line":128,"column":24}}]},"9":{"loc":{"start":{"line":145,"column":4},"end":{"line":147,"column":null}},"type":"if","locations":[{"start":{"line":145,"column":4},"end":{"line":147,"column":null}},{"start":{"line":145,"column":4},"end":{"line":147,"column":null}}]}},"s":{"0":1,"1":1,"2":1,"3":1,"4":1,"5":27,"6":55,"7":49,"8":16,"9":16,"10":16,"11":16,"12":2,"13":16,"14":14,"15":9,"16":14,"17":2,"18":14,"19":2,"20":16,"21":5,"22":5,"23":16,"24":14,"25":5,"26":5,"27":1,"28":5,"29":5,"30":5,"31":1},"f":{"0":27,"1":55,"2":16,"3":5,"4":5},"b":{"0":[25],"1":[49,6],"2":[2,14],"3":[6,10],"4":[16,16],"5":[9,5],"6":[2,12],"7":[6,8],"8":[14,14],"9":[14,2]}}
,"/home/oscar/work/storedsafe/browser_extension/storedsafe-browser-extension-refactor/src/model/storage/Sites.ts": {"path":"/home/oscar/work/storedsafe/browser_extension/storedsafe-browser-extension-refactor/src/model/storage/Sites.ts","statementMap":{"0":{"start":{"line":12,"column":22},"end":{"line":12,"column":45}},"1":{"start":{"line":13,"column":20},"end":{"line":13,"column":40}},"2":{"start":{"line":28,"column":2},"end":{"line":31,"column":null}},"3":{"start":{"line":39,"column":2},"end":{"line":48,"column":null}},"4":{"start":{"line":40,"column":35},"end":{"line":40,"column":67}},"5":{"start":{"line":41,"column":33},"end":{"line":41,"column":63}},"6":{"start":{"line":42,"column":19},"end":{"line":42,"column":63}},"7":{"start":{"line":43,"column":17},"end":{"line":43,"column":57}},"8":{"start":{"line":44,"column":4},"end":{"line":44,"column":null}},"9":{"start":{"line":46,"column":4},"end":{"line":46,"column":null}},"10":{"start":{"line":47,"column":4},"end":{"line":47,"column":null}},"11":{"start":{"line":56,"column":2},"end":{"line":60,"column":null}},"12":{"start":{"line":57,"column":4},"end":{"line":57,"column":null}},"13":{"start":{"line":59,"column":4},"end":{"line":59,"column":null}},"14":{"start":{"line":72,"column":16},"end":{"line":72,"column":27}},"15":{"start":{"line":73,"column":36},"end":{"line":76,"column":null}},"16":{"start":{"line":77,"column":2},"end":{"line":79,"column":null}},"17":{"start":{"line":78,"column":15},"end":{"line":78,"column":null}},"18":{"start":{"line":78,"column":16},"end":{"line":78,"column":null}},"19":{"start":{"line":78,"column":39},"end":{"line":78,"column":69}},"20":{"start":{"line":88,"column":16},"end":{"line":88,"column":27}},"21":{"start":{"line":89,"column":19},"end":{"line":92,"column":null}},"22":{"start":{"line":91,"column":46},"end":{"line":91,"column":59}},"23":{"start":{"line":93,"column":2},"end":{"line":95,"column":null}},"24":{"start":{"line":94,"column":15},"end":{"line":94,"column":null}},"25":{"start":{"line":94,"column":16},"end":{"line":94,"column":null}},"26":{"start":{"line":94,"column":42},"end":{"line":94,"column":69}},"27":{"start":{"line":103,"column":2},"end":{"line":103,"column":null}},"28":{"start":{"line":103,"column":35},"end":{"line":103,"column":62}},"29":{"start":{"line":106,"column":13},"end":{"line":110,"column":null}}},"fnMap":{"0":{"name":"sitesFromCollections","decl":{"start":{"line":27,"column":9},"end":{"line":27,"column":29}},"loc":{"start":{"line":27,"column":63},"end":{"line":32,"column":1}}},"1":{"name":"get","decl":{"start":{"line":38,"column":15},"end":{"line":38,"column":18}},"loc":{"start":{"line":38,"column":18},"end":{"line":49,"column":null}}},"2":{"name":"set","decl":{"start":{"line":55,"column":15},"end":{"line":55,"column":18}},"loc":{"start":{"line":55,"column":52},"end":{"line":61,"column":null}}},"3":{"name":"add","decl":{"start":{"line":71,"column":15},"end":{"line":71,"column":18}},"loc":{"start":{"line":71,"column":30},"end":{"line":80,"column":null}}},"4":{"name":"(anonymous_14)","decl":{"start":{"line":78,"column":4},"end":{"line":78,"column":13}},"loc":{"start":{"line":78,"column":15},"end":{"line":78,"column":null}}},"5":{"name":"(anonymous_15)","decl":{"start":{"line":78,"column":15},"end":{"line":78,"column":16}},"loc":{"start":{"line":78,"column":15},"end":{"line":78,"column":null}}},"6":{"name":"(anonymous_16)","decl":{"start":{"line":78,"column":33},"end":{"line":78,"column":36}},"loc":{"start":{"line":78,"column":39},"end":{"line":78,"column":69}}},"7":{"name":"remove","decl":{"start":{"line":87,"column":15},"end":{"line":87,"column":21}},"loc":{"start":{"line":87,"column":33},"end":{"line":96,"column":null}}},"8":{"name":"(anonymous_19)","decl":{"start":{"line":91,"column":28},"end":{"line":91,"column":29}},"loc":{"start":{"line":91,"column":46},"end":{"line":91,"column":59}}},"9":{"name":"(anonymous_20)","decl":{"start":{"line":94,"column":4},"end":{"line":94,"column":13}},"loc":{"start":{"line":94,"column":15},"end":{"line":94,"column":null}}},"10":{"name":"(anonymous_21)","decl":{"start":{"line":94,"column":15},"end":{"line":94,"column":16}},"loc":{"start":{"line":94,"column":15},"end":{"line":94,"column":null}}},"11":{"name":"(anonymous_22)","decl":{"start":{"line":94,"column":33},"end":{"line":94,"column":38}},"loc":{"start":{"line":94,"column":42},"end":{"line":94,"column":69}}},"12":{"name":"fetch","decl":{"start":{"line":102,"column":15},"end":{"line":102,"column":20}},"loc":{"start":{"line":102,"column":20},"end":{"line":104,"column":null}}},"13":{"name":"(anonymous_25)","decl":{"start":{"line":103,"column":26},"end":{"line":103,"column":31}},"loc":{"start":{"line":103,"column":35},"end":{"line":103,"column":62}}}},"branchMap":{"0":{"loc":{"start":{"line":42,"column":47},"end":{"line":42,"column":49}},"type":"cond-expr","locations":[{"start":{"line":42,"column":47},"end":{"line":42,"column":49}},{"start":{"line":42,"column":52},"end":{"line":42,"column":63}}]},"1":{"loc":{"start":{"line":43,"column":43},"end":{"line":43,"column":45}},"type":"cond-expr","locations":[{"start":{"line":43,"column":43},"end":{"line":43,"column":45}},{"start":{"line":43,"column":48},"end":{"line":43,"column":57}}]}},"s":{"0":1,"1":1,"2":8,"3":11,"4":11,"5":11,"6":9,"7":9,"8":9,"9":2,"10":2,"11":3,"12":3,"13":1,"14":2,"15":2,"16":2,"17":2,"18":2,"19":2,"20":1,"21":1,"22":3,"23":1,"24":1,"25":1,"26":1,"27":5,"28":5,"29":1},"f":{"0":8,"1":11,"2":3,"3":2,"4":2,"5":2,"6":2,"7":1,"8":3,"9":1,"10":1,"11":1,"12":5,"13":5},"b":{"0":[7,2],"1":[3,6]}}
,"/home/oscar/work/storedsafe/browser_extension/storedsafe-browser-extension-refactor/src/model/storage/TabResults.ts": {"path":"/home/oscar/work/storedsafe/browser_extension/storedsafe-browser-extension-refactor/src/model/storage/TabResults.ts","statementMap":{"0":{"start":{"line":15,"column":2},"end":{"line":26,"column":null}},"1":{"start":{"line":16,"column":27},"end":{"line":16,"column":72}},"2":{"start":{"line":18,"column":6},"end":{"line":18,"column":48}},"3":{"start":{"line":20,"column":4},"end":{"line":22,"column":null}},"4":{"start":{"line":21,"column":43},"end":{"line":21,"column":58}},"5":{"start":{"line":24,"column":4},"end":{"line":24,"column":null}},"6":{"start":{"line":25,"column":4},"end":{"line":25,"column":null}},"7":{"start":{"line":34,"column":2},"end":{"line":41,"column":null}},"8":{"start":{"line":35,"column":4},"end":{"line":38,"column":null}},"9":{"start":{"line":37,"column":57},"end":{"line":37,"column":75}},"10":{"start":{"line":40,"column":4},"end":{"line":40,"column":null}},"11":{"start":{"line":57,"column":25},"end":{"line":57,"column":36}},"12":{"start":{"line":58,"column":24},"end":{"line":58,"column":70}},"13":{"start":{"line":59,"column":2},"end":{"line":59,"column":null}},"14":{"start":{"line":68,"column":22},"end":{"line":68,"column":33}},"15":{"start":{"line":69,"column":21},"end":{"line":69,"column":41}},"16":{"start":{"line":70,"column":2},"end":{"line":70,"column":null}},"17":{"start":{"line":71,"column":2},"end":{"line":71,"column":null}},"18":{"start":{"line":79,"column":25},"end":{"line":79,"column":36}},"19":{"start":{"line":80,"column":24},"end":{"line":80,"column":47}},"20":{"start":{"line":81,"column":2},"end":{"line":87,"column":null}},"21":{"start":{"line":82,"column":4},"end":{"line":86,"column":null}},"22":{"start":{"line":83,"column":6},"end":{"line":85,"column":null}},"23":{"start":{"line":84,"column":8},"end":{"line":84,"column":null}},"24":{"start":{"line":88,"column":2},"end":{"line":88,"column":null}},"25":{"start":{"line":96,"column":2},"end":{"line":96,"column":null}},"26":{"start":{"line":104,"column":13},"end":{"line":110,"column":null}}},"fnMap":{"0":{"name":"get","decl":{"start":{"line":14,"column":15},"end":{"line":14,"column":18}},"loc":{"start":{"line":14,"column":18},"end":{"line":27,"column":null}}},"1":{"name":"(anonymous_9)","decl":{"start":{"line":21,"column":31},"end":{"line":21,"column":32}},"loc":{"start":{"line":21,"column":43},"end":{"line":21,"column":58}}},"2":{"name":"set","decl":{"start":{"line":33,"column":15},"end":{"line":33,"column":18}},"loc":{"start":{"line":33,"column":42},"end":{"line":42,"column":null}}},"3":{"name":"(anonymous_12)","decl":{"start":{"line":37,"column":45},"end":{"line":37,"column":46}},"loc":{"start":{"line":37,"column":57},"end":{"line":37,"column":75}}},"4":{"name":"setTabResults","decl":{"start":{"line":53,"column":15},"end":{"line":53,"column":28}},"loc":{"start":{"line":55,"column":18},"end":{"line":60,"column":null}}},"5":{"name":"removeTabResults","decl":{"start":{"line":67,"column":15},"end":{"line":67,"column":31}},"loc":{"start":{"line":67,"column":46},"end":{"line":72,"column":null}}},"6":{"name":"purgeHost","decl":{"start":{"line":78,"column":15},"end":{"line":78,"column":24}},"loc":{"start":{"line":78,"column":38},"end":{"line":89,"column":null}}},"7":{"name":"clear","decl":{"start":{"line":95,"column":15},"end":{"line":95,"column":20}},"loc":{"start":{"line":95,"column":20},"end":{"line":97,"column":null}}}},"branchMap":{"0":{"loc":{"start":{"line":18,"column":33},"end":{"line":18,"column":35}},"type":"cond-expr","locations":[{"start":{"line":18,"column":33},"end":{"line":18,"column":35}},{"start":{"line":18,"column":38},"end":{"line":18,"column":48}}]},"1":{"loc":{"start":{"line":83,"column":6},"end":{"line":85,"column":null}},"type":"if","locations":[{"start":{"line":83,"column":6},"end":{"line":85,"column":null}},{"start":{"line":83,"column":6},"end":{"line":85,"column":null}}]}},"s":{"0":15,"1":15,"2":13,"3":13,"4":11,"5":2,"6":2,"7":6,"8":6,"9":6,"10":1,"11":3,"12":3,"13":3,"14":1,"15":1,"16":1,"17":1,"18":1,"19":1,"20":1,"21":2,"22":3,"23":2,"24":1,"25":1,"26":5},"f":{"0":15,"1":11,"2":6,"3":6,"4":3,"5":1,"6":1,"7":1},"b":{"0":[3,10],"1":[2,1]}}
,"/home/oscar/work/storedsafe/browser_extension/storedsafe-browser-extension-refactor/src/model/storedsafe/AuthHandler.ts": {"path":"/home/oscar/work/storedsafe/browser_extension/storedsafe-browser-extension-refactor/src/model/storedsafe/AuthHandler.ts","statementMap":{"0":{"start":{"line":25,"column":16},"end":{"line":38,"column":4}},"1":{"start":{"line":25,"column":46},"end":{"line":38,"column":4}},"2":{"start":{"line":27,"column":4},"end":{"line":36,"column":null}},"3":{"start":{"line":28,"column":33},"end":{"line":28,"column":56}},"4":{"start":{"line":29,"column":25},"end":{"line":29,"column":43}},"5":{"start":{"line":30,"column":18},"end":{"line":30,"column":33}},"6":{"start":{"line":31,"column":6},"end":{"line":31,"column":null}},"7":{"start":{"line":34,"column":44},"end":{"line":34,"column":64}},"8":{"start":{"line":35,"column":6},"end":{"line":35,"column":null}},"9":{"start":{"line":37,"column":4},"end":{"line":37,"column":null}},"10":{"start":{"line":39,"column":36},"end":{"line":39,"column":49}},"11":{"start":{"line":40,"column":21},"end":{"line":40,"column":76}},"12":{"start":{"line":41,"column":19},"end":{"line":41,"column":70}},"13":{"start":{"line":42,"column":2},"end":{"line":48,"column":null}},"14":{"start":{"line":57,"column":2},"end":{"line":57,"column":null}},"15":{"start":{"line":57,"column":32},"end":{"line":57,"column":56}},"16":{"start":{"line":57,"column":33},"end":{"line":57,"column":56}},"17":{"start":{"line":66,"column":2},"end":{"line":74,"column":null}},"18":{"start":{"line":67,"column":4},"end":{"line":67,"column":null}},"19":{"start":{"line":67,"column":34},"end":{"line":67,"column":57}},"20":{"start":{"line":67,"column":35},"end":{"line":67,"column":57}},"21":{"start":{"line":68,"column":4},"end":{"line":68,"column":null}},"22":{"start":{"line":70,"column":4},"end":{"line":72,"column":null}},"23":{"start":{"line":71,"column":6},"end":{"line":71,"column":null}},"24":{"start":{"line":73,"column":4},"end":{"line":73,"column":null}},"25":{"start":{"line":77,"column":13},"end":{"line":81,"column":null}}},"fnMap":{"0":{"name":"login","decl":{"start":{"line":21,"column":15},"end":{"line":21,"column":20}},"loc":{"start":{"line":23,"column":21},"end":{"line":49,"column":null}}},"1":{"name":"(anonymous_9)","decl":{"start":{"line":25,"column":30},"end":{"line":25,"column":36}},"loc":{"start":{"line":25,"column":46},"end":{"line":38,"column":4}}},"2":{"name":"(anonymous_10)","decl":{"start":{"line":25,"column":46},"end":{"line":25,"column":null}},"loc":{"start":{"line":25,"column":46},"end":{"line":38,"column":3}}},"3":{"name":"logout","decl":{"start":{"line":56,"column":15},"end":{"line":56,"column":21}},"loc":{"start":{"line":56,"column":53},"end":{"line":58,"column":null}}},"4":{"name":"(anonymous_13)","decl":{"start":{"line":57,"column":16},"end":{"line":57,"column":22}},"loc":{"start":{"line":57,"column":32},"end":{"line":57,"column":56}}},"5":{"name":"(anonymous_14)","decl":{"start":{"line":57,"column":32},"end":{"line":57,"column":33}},"loc":{"start":{"line":57,"column":32},"end":{"line":57,"column":56}}},"6":{"name":"check","decl":{"start":{"line":65,"column":15},"end":{"line":65,"column":20}},"loc":{"start":{"line":65,"column":52},"end":{"line":75,"column":null}}},"7":{"name":"(anonymous_17)","decl":{"start":{"line":67,"column":18},"end":{"line":67,"column":24}},"loc":{"start":{"line":67,"column":34},"end":{"line":67,"column":57}}},"8":{"name":"(anonymous_18)","decl":{"start":{"line":67,"column":34},"end":{"line":67,"column":35}},"loc":{"start":{"line":67,"column":34},"end":{"line":67,"column":57}}}},"branchMap":{"0":{"loc":{"start":{"line":27,"column":4},"end":{"line":36,"column":null}},"type":"if","locations":[{"start":{"line":27,"column":4},"end":{"line":36,"column":null}},{"start":{"line":27,"column":4},"end":{"line":36,"column":null}}]},"1":{"loc":{"start":{"line":40,"column":55},"end":{"line":40,"column":57}},"type":"cond-expr","locations":[{"start":{"line":40,"column":55},"end":{"line":40,"column":57}},{"start":{"line":40,"column":60},"end":{"line":40,"column":76}}]},"2":{"loc":{"start":{"line":41,"column":51},"end":{"line":41,"column":53}},"type":"cond-expr","locations":[{"start":{"line":41,"column":51},"end":{"line":41,"column":53}},{"start":{"line":41,"column":56},"end":{"line":41,"column":70}}]},"3":{"loc":{"start":{"line":70,"column":4},"end":{"line":72,"column":null}},"type":"if","locations":[{"start":{"line":70,"column":4},"end":{"line":72,"column":null}},{"start":{"line":70,"column":4},"end":{"line":72,"column":null}}]}},"s":{"0":3,"1":3,"2":3,"3":1,"4":1,"5":1,"6":1,"7":2,"8":2,"9":3,"10":3,"11":3,"12":3,"13":3,"14":4,"15":3,"16":3,"17":6,"18":6,"19":6,"20":6,"21":2,"22":4,"23":2,"24":2,"25":4},"f":{"0":3,"1":3,"2":3,"3":4,"4":3,"5":3,"6":6,"7":6,"8":6},"b":{"0":[1,2],"1":[2,1],"2":[2,1],"3":[2,2]}}
,"/home/oscar/work/storedsafe/browser_extension/storedsafe-browser-extension-refactor/src/model/storedsafe/MiscHandler.ts": {"path":"/home/oscar/work/storedsafe/browser_extension/storedsafe-browser-extension-refactor/src/model/storedsafe/MiscHandler.ts","statementMap":{"0":{"start":{"line":27,"column":2},"end":{"line":34,"column":null}},"1":{"start":{"line":28,"column":4},"end":{"line":30,"column":null}},"2":{"start":{"line":29,"column":22},"end":{"line":29,"column":null}},"3":{"start":{"line":29,"column":23},"end":{"line":29,"column":null}},"4":{"start":{"line":33,"column":4},"end":{"line":33,"column":null}},"5":{"start":{"line":35,"column":2},"end":{"line":39,"column":null}},"6":{"start":{"line":35,"column":35},"end":{"line":39,"column":4}},"7":{"start":{"line":50,"column":16},"end":{"line":51,"column":null}},"8":{"start":{"line":51,"column":20},"end":{"line":51,"column":null}},"9":{"start":{"line":51,"column":21},"end":{"line":51,"column":null}},"10":{"start":{"line":53,"column":34},"end":{"line":53,"column":36}},"11":{"start":{"line":54,"column":2},"end":{"line":71,"column":null}},"12":{"start":{"line":56,"column":4},"end":{"line":56,"column":50}},"13":{"start":{"line":56,"column":42},"end":{"line":56,"column":50}},"14":{"start":{"line":57,"column":4},"end":{"line":70,"column":null}},"15":{"start":{"line":62,"column":22},"end":{"line":62,"column":51}},"16":{"start":{"line":63,"column":8},"end":{"line":68,"column":null}},"17":{"start":{"line":72,"column":2},"end":{"line":72,"column":null}},"18":{"start":{"line":94,"column":16},"end":{"line":95,"column":null}},"19":{"start":{"line":95,"column":20},"end":{"line":95,"column":null}},"20":{"start":{"line":95,"column":21},"end":{"line":95,"column":null}},"21":{"start":{"line":97,"column":2},"end":{"line":97,"column":null}},"22":{"start":{"line":100,"column":13},"end":{"line":104,"column":null}}},"fnMap":{"0":{"name":"getVaults","decl":{"start":{"line":25,"column":15},"end":{"line":25,"column":24}},"loc":{"start":{"line":25,"column":56},"end":{"line":40,"column":null}}},"1":{"name":"(anonymous_9)","decl":{"start":{"line":29,"column":6},"end":{"line":29,"column":12}},"loc":{"start":{"line":29,"column":22},"end":{"line":29,"column":null}}},"2":{"name":"(anonymous_10)","decl":{"start":{"line":29,"column":22},"end":{"line":29,"column":23}},"loc":{"start":{"line":29,"column":22},"end":{"line":29,"column":null}}},"3":{"name":"(anonymous_11)","decl":{"start":{"line":35,"column":25},"end":{"line":35,"column":30}},"loc":{"start":{"line":35,"column":35},"end":{"line":39,"column":4}}},"4":{"name":"getTemplates","decl":{"start":{"line":47,"column":15},"end":{"line":47,"column":27}},"loc":{"start":{"line":48,"column":32},"end":{"line":73,"column":null}}},"5":{"name":"(anonymous_14)","decl":{"start":{"line":51,"column":4},"end":{"line":51,"column":10}},"loc":{"start":{"line":51,"column":20},"end":{"line":51,"column":null}}},"6":{"name":"(anonymous_15)","decl":{"start":{"line":51,"column":20},"end":{"line":51,"column":21}},"loc":{"start":{"line":51,"column":20},"end":{"line":51,"column":null}}},"7":{"name":"(anonymous_16)","decl":{"start":{"line":61,"column":53},"end":{"line":61,"column":62}},"loc":{"start":{"line":61,"column":65},"end":{"line":69,"column":7}}},"8":{"name":"generatePassword","decl":{"start":{"line":81,"column":15},"end":{"line":81,"column":31}},"loc":{"start":{"line":92,"column":3},"end":{"line":98,"column":null}}},"9":{"name":"(anonymous_19)","decl":{"start":{"line":95,"column":4},"end":{"line":95,"column":10}},"loc":{"start":{"line":95,"column":20},"end":{"line":95,"column":null}}},"10":{"name":"(anonymous_20)","decl":{"start":{"line":95,"column":20},"end":{"line":95,"column":21}},"loc":{"start":{"line":95,"column":20},"end":{"line":95,"column":null}}}},"branchMap":{"0":{"loc":{"start":{"line":56,"column":4},"end":{"line":56,"column":50}},"type":"if","locations":[{"start":{"line":56,"column":4},"end":{"line":56,"column":50}},{"start":{"line":56,"column":4},"end":{"line":56,"column":50}}]}},"s":{"0":2,"1":2,"2":2,"3":2,"4":1,"5":2,"6":1,"7":2,"8":2,"9":2,"10":2,"11":2,"12":4,"13":2,"14":2,"15":6,"16":6,"17":2,"18":1,"19":1,"20":1,"21":1,"22":4},"f":{"0":2,"1":2,"2":2,"3":1,"4":2,"5":2,"6":2,"7":6,"8":1,"9":1,"10":1},"b":{"0":[2,2]}}
,"/home/oscar/work/storedsafe/browser_extension/storedsafe-browser-extension-refactor/src/model/storedsafe/ObjectHandler.ts": {"path":"/home/oscar/work/storedsafe/browser_extension/storedsafe-browser-extension-refactor/src/model/storedsafe/ObjectHandler.ts","statementMap":{"0":{"start":{"line":26,"column":26},"end":{"line":67,"column":1}},"1":{"start":{"line":34,"column":15},"end":{"line":34,"column":34}},"2":{"start":{"line":35,"column":59},"end":{"line":35,"column":67}},"3":{"start":{"line":36,"column":36},"end":{"line":36,"column":51}},"4":{"start":{"line":37,"column":28},"end":{"line":37,"column":30}},"5":{"start":{"line":40,"column":2},"end":{"line":63,"column":null}},"6":{"start":{"line":46,"column":8},"end":{"line":46,"column":13}},"7":{"start":{"line":49,"column":18},"end":{"line":53,"column":40}},"8":{"start":{"line":56,"column":4},"end":{"line":62,"column":null}},"9":{"start":{"line":66,"column":2},"end":{"line":66,"column":null}},"10":{"start":{"line":79,"column":16},"end":{"line":80,"column":null}},"11":{"start":{"line":80,"column":20},"end":{"line":80,"column":null}},"12":{"start":{"line":80,"column":21},"end":{"line":80,"column":null}},"13":{"start":{"line":82,"column":30},"end":{"line":82,"column":32}},"14":{"start":{"line":83,"column":2},"end":{"line":93,"column":null}},"15":{"start":{"line":83,"column":15},"end":{"line":83,"column":16}},"16":{"start":{"line":84,"column":21},"end":{"line":84,"column":35}},"17":{"start":{"line":85,"column":23},"end":{"line":86,"column":null}},"18":{"start":{"line":86,"column":18},"end":{"line":86,"column":53}},"19":{"start":{"line":88,"column":19},"end":{"line":88,"column":53}},"20":{"start":{"line":89,"column":4},"end":{"line":91,"column":null}},"21":{"start":{"line":90,"column":6},"end":{"line":90,"column":14}},"22":{"start":{"line":92,"column":4},"end":{"line":92,"column":null}},"23":{"start":{"line":94,"column":2},"end":{"line":94,"column":null}},"24":{"start":{"line":107,"column":16},"end":{"line":108,"column":null}},"25":{"start":{"line":108,"column":20},"end":{"line":108,"column":null}},"26":{"start":{"line":108,"column":21},"end":{"line":108,"column":null}},"27":{"start":{"line":110,"column":19},"end":{"line":110,"column":63}},"28":{"start":{"line":110,"column":43},"end":{"line":110,"column":62}},"29":{"start":{"line":111,"column":21},"end":{"line":112,"column":null}},"30":{"start":{"line":112,"column":16},"end":{"line":112,"column":51}},"31":{"start":{"line":114,"column":2},"end":{"line":114,"column":null}},"32":{"start":{"line":126,"column":2},"end":{"line":126,"column":null}},"33":{"start":{"line":126,"column":32},"end":{"line":126,"column":68}},"34":{"start":{"line":126,"column":33},"end":{"line":126,"column":68}},"35":{"start":{"line":129,"column":13},"end":{"line":133,"column":null}}},"fnMap":{"0":{"name":"(anonymous_7)","decl":{"start":{"line":26,"column":26},"end":{"line":26,"column":null}},"loc":{"start":{"line":30,"column":14},"end":{"line":67,"column":1}}},"1":{"name":"(anonymous_8)","decl":{"start":{"line":40,"column":31},"end":{"line":40,"column":36}},"loc":{"start":{"line":40,"column":39},"end":{"line":63,"column":3}}},"2":{"name":"find","decl":{"start":{"line":75,"column":15},"end":{"line":75,"column":19}},"loc":{"start":{"line":77,"column":16},"end":{"line":95,"column":null}}},"3":{"name":"(anonymous_11)","decl":{"start":{"line":80,"column":4},"end":{"line":80,"column":10}},"loc":{"start":{"line":80,"column":20},"end":{"line":80,"column":null}}},"4":{"name":"(anonymous_12)","decl":{"start":{"line":80,"column":20},"end":{"line":80,"column":21}},"loc":{"start":{"line":80,"column":20},"end":{"line":80,"column":null}}},"5":{"name":"(anonymous_13)","decl":{"start":{"line":86,"column":6},"end":{"line":86,"column":14}},"loc":{"start":{"line":86,"column":18},"end":{"line":86,"column":53}}},"6":{"name":"decrypt","decl":{"start":{"line":103,"column":15},"end":{"line":103,"column":22}},"loc":{"start":{"line":105,"column":18},"end":{"line":115,"column":null}}},"7":{"name":"(anonymous_16)","decl":{"start":{"line":108,"column":4},"end":{"line":108,"column":10}},"loc":{"start":{"line":108,"column":20},"end":{"line":108,"column":null}}},"8":{"name":"(anonymous_17)","decl":{"start":{"line":108,"column":20},"end":{"line":108,"column":21}},"loc":{"start":{"line":108,"column":20},"end":{"line":108,"column":null}}},"9":{"name":"(anonymous_18)","decl":{"start":{"line":110,"column":36},"end":{"line":110,"column":39}},"loc":{"start":{"line":110,"column":43},"end":{"line":110,"column":62}}},"10":{"name":"(anonymous_19)","decl":{"start":{"line":112,"column":4},"end":{"line":112,"column":12}},"loc":{"start":{"line":112,"column":16},"end":{"line":112,"column":51}}},"11":{"name":"add","decl":{"start":{"line":122,"column":15},"end":{"line":122,"column":18}},"loc":{"start":{"line":124,"column":16},"end":{"line":127,"column":null}}},"12":{"name":"(anonymous_22)","decl":{"start":{"line":126,"column":16},"end":{"line":126,"column":22}},"loc":{"start":{"line":126,"column":32},"end":{"line":126,"column":68}}},"13":{"name":"(anonymous_23)","decl":{"start":{"line":126,"column":32},"end":{"line":126,"column":33}},"loc":{"start":{"line":126,"column":32},"end":{"line":126,"column":68}}}},"branchMap":{"0":{"loc":{"start":{"line":29,"column":16},"end":{"line":29,"column":21}},"type":"default-arg","locations":[{"start":{"line":29,"column":16},"end":{"line":29,"column":21}}]},"1":{"loc":{"start":{"line":50,"column":8},"end":{"line":52,"column":19}},"type":"cond-expr","locations":[{"start":{"line":50,"column":8},"end":{"line":52,"column":19}},{"start":{"line":53,"column":8},"end":{"line":53,"column":40}}]},"2":{"loc":{"start":{"line":51,"column":10},"end":{"line":51,"column":43}},"type":"cond-expr","locations":[{"start":{"line":51,"column":10},"end":{"line":51,"column":43}},{"start":{"line":52,"column":10},"end":{"line":52,"column":19}}]},"3":{"loc":{"start":{"line":89,"column":4},"end":{"line":91,"column":null}},"type":"if","locations":[{"start":{"line":89,"column":4},"end":{"line":91,"column":null}},{"start":{"line":89,"column":4},"end":{"line":91,"column":null}}]}},"s":{"0":4,"1":3,"2":3,"3":3,"4":3,"5":3,"6":9,"7":9,"8":9,"9":3,"10":4,"11":2,"12":2,"13":2,"14":2,"15":2,"16":4,"17":4,"18":6,"19":4,"20":4,"21":2,"22":2,"23":2,"24":1,"25":1,"26":1,"27":1,"28":1,"29":1,"30":1,"31":1,"32":1,"33":1,"34":1,"35":4},"f":{"0":3,"1":9,"2":4,"3":2,"4":2,"5":6,"6":1,"7":1,"8":1,"9":1,"10":1,"11":1,"12":1,"13":1},"b":{"0":[2],"1":[3,6],"2":[1,2],"3":[2,2]}}
,"/home/oscar/work/storedsafe/browser_extension/storedsafe-browser-extension-refactor/src/model/storedsafe/StoredSafe.ts": {"path":"/home/oscar/work/storedsafe/browser_extension/storedsafe-browser-extension-refactor/src/model/storedsafe/StoredSafe.ts","statementMap":{"0":{"start":{"line":8,"column":0},"end":{"line":8,"column":74}},"1":{"start":{"line":9,"column":0},"end":{"line":9,"column":64}},"2":{"start":{"line":10,"column":0},"end":{"line":10,"column":68}},"3":{"start":{"line":11,"column":0},"end":{"line":11,"column":58}},"4":{"start":{"line":12,"column":0},"end":{"line":12,"column":54}},"5":{"start":{"line":13,"column":0},"end":{"line":13,"column":54}},"6":{"start":{"line":43,"column":2},"end":{"line":63,"column":null}},"7":{"start":{"line":44,"column":21},"end":{"line":44,"column":34}},"8":{"start":{"line":45,"column":4},"end":{"line":45,"column":null}},"9":{"start":{"line":47,"column":4},"end":{"line":60,"column":null}},"10":{"start":{"line":48,"column":6},"end":{"line":51,"column":null}},"11":{"start":{"line":49,"column":23},"end":{"line":49,"column":71}},"12":{"start":{"line":50,"column":8},"end":{"line":50,"column":null}},"13":{"start":{"line":53,"column":6},"end":{"line":53,"column":null}},"14":{"start":{"line":54,"column":11},"end":{"line":60,"column":null}},"15":{"start":{"line":55,"column":37},"end":{"line":55,"column":null}},"16":{"start":{"line":59,"column":6},"end":{"line":59,"column":null}},"17":{"start":{"line":61,"column":20},"end":{"line":61,"column":43}},"18":{"start":{"line":62,"column":4},"end":{"line":62,"column":null}},"19":{"start":{"line":72,"column":19},"end":{"line":72,"column":48}},"20":{"start":{"line":73,"column":2},"end":{"line":75,"column":null}},"21":{"start":{"line":74,"column":4},"end":{"line":74,"column":null}},"22":{"start":{"line":76,"column":20},"end":{"line":76,"column":38}},"23":{"start":{"line":77,"column":2},"end":{"line":77,"column":null}},"24":{"start":{"line":86,"column":2},"end":{"line":89,"column":null}},"25":{"start":{"line":86,"column":20},"end":{"line":89,"column":null}},"26":{"start":{"line":87,"column":4},"end":{"line":89,"column":null}},"27":{"start":{"line":88,"column":44},"end":{"line":88,"column":63}},"28":{"start":{"line":88,"column":45},"end":{"line":88,"column":63}},"29":{"start":{"line":105,"column":18},"end":{"line":105,"column":50}},"30":{"start":{"line":106,"column":41},"end":{"line":107,"column":null}},"31":{"start":{"line":106,"column":52},"end":{"line":107,"column":null}},"32":{"start":{"line":107,"column":4},"end":{"line":107,"column":null}},"33":{"start":{"line":108,"column":18},"end":{"line":108,"column":58}},"34":{"start":{"line":109,"column":2},"end":{"line":109,"column":null}},"35":{"start":{"line":119,"column":2},"end":{"line":123,"column":null}},"36":{"start":{"line":120,"column":4},"end":{"line":120,"column":null}},"37":{"start":{"line":122,"column":4},"end":{"line":122,"column":null}},"38":{"start":{"line":124,"column":2},"end":{"line":124,"column":null}},"39":{"start":{"line":133,"column":19},"end":{"line":133,"column":48}},"40":{"start":{"line":134,"column":3},"end":{"line":138,"column":null}},"41":{"start":{"line":135,"column":4},"end":{"line":137,"column":null}},"42":{"start":{"line":136,"column":6},"end":{"line":136,"column":null}},"43":{"start":{"line":139,"column":2},"end":{"line":139,"column":null}},"44":{"start":{"line":148,"column":18},"end":{"line":148,"column":60}},"45":{"start":{"line":149,"column":2},"end":{"line":151,"column":null}},"46":{"start":{"line":159,"column":19},"end":{"line":159,"column":48}},"47":{"start":{"line":160,"column":33},"end":{"line":160,"column":35}},"48":{"start":{"line":161,"column":2},"end":{"line":166,"column":null}},"49":{"start":{"line":162,"column":20},"end":{"line":162,"column":62}},"50":{"start":{"line":163,"column":4},"end":{"line":165,"column":null}},"51":{"start":{"line":164,"column":6},"end":{"line":164,"column":null}},"52":{"start":{"line":167,"column":2},"end":{"line":167,"column":null}},"53":{"start":{"line":180,"column":2},"end":{"line":180,"column":null}},"54":{"start":{"line":190,"column":2},"end":{"line":190,"column":null}},"55":{"start":{"line":199,"column":2},"end":{"line":199,"column":null}},"56":{"start":{"line":210,"column":19},"end":{"line":210,"column":48}},"57":{"start":{"line":211,"column":16},"end":{"line":211,"column":36}},"58":{"start":{"line":212,"column":47},"end":{"line":221,"column":4}},"59":{"start":{"line":212,"column":70},"end":{"line":221,"column":4}},"60":{"start":{"line":213,"column":4},"end":{"line":220,"column":null}},"61":{"start":{"line":214,"column":6},"end":{"line":214,"column":null}},"62":{"start":{"line":217,"column":6},"end":{"line":217,"column":null}},"63":{"start":{"line":219,"column":6},"end":{"line":219,"column":null}},"64":{"start":{"line":222,"column":22},"end":{"line":222,"column":49}},"65":{"start":{"line":223,"column":27},"end":{"line":223,"column":36}},"66":{"start":{"line":224,"column":2},"end":{"line":226,"column":null}},"67":{"start":{"line":224,"column":15},"end":{"line":224,"column":16}},"68":{"start":{"line":225,"column":4},"end":{"line":225,"column":null}},"69":{"start":{"line":227,"column":2},"end":{"line":227,"column":null}},"70":{"start":{"line":239,"column":18},"end":{"line":239,"column":40}},"71":{"start":{"line":240,"column":41},"end":{"line":241,"column":null}},"72":{"start":{"line":240,"column":52},"end":{"line":241,"column":null}},"73":{"start":{"line":241,"column":4},"end":{"line":241,"column":null}},"74":{"start":{"line":242,"column":17},"end":{"line":242,"column":53}},"75":{"start":{"line":243,"column":20},"end":{"line":243,"column":59}},"76":{"start":{"line":244,"column":2},"end":{"line":244,"column":null}},"77":{"start":{"line":266,"column":2},"end":{"line":266,"column":null}},"78":{"start":{"line":269,"column":13},"end":{"line":281,"column":null}}},"fnMap":{"0":{"name":"handleErrors","decl":{"start":{"line":40,"column":15},"end":{"line":40,"column":27}},"loc":{"start":{"line":41,"column":44},"end":{"line":64,"column":null}}},"1":{"name":"getHandler","decl":{"start":{"line":71,"column":15},"end":{"line":71,"column":25}},"loc":{"start":{"line":71,"column":39},"end":{"line":78,"column":null}}},"2":{"name":"makeRequest","decl":{"start":{"line":85,"column":9},"end":{"line":85,"column":20}},"loc":{"start":{"line":85,"column":34},"end":{"line":90,"column":1}}},"3":{"name":"(anonymous_13)","decl":{"start":{"line":86,"column":9},"end":{"line":86,"column":15}},"loc":{"start":{"line":86,"column":20},"end":{"line":89,"column":null}}},"4":{"name":"(anonymous_14)","decl":{"start":{"line":86,"column":20},"end":{"line":86,"column":null}},"loc":{"start":{"line":86,"column":20},"end":{"line":89,"column":null}}},"5":{"name":"(anonymous_15)","decl":{"start":{"line":88,"column":28},"end":{"line":88,"column":34}},"loc":{"start":{"line":88,"column":44},"end":{"line":88,"column":63}}},"6":{"name":"(anonymous_16)","decl":{"start":{"line":88,"column":44},"end":{"line":88,"column":45}},"loc":{"start":{"line":88,"column":44},"end":{"line":88,"column":63}}},"7":{"name":"login","decl":{"start":{"line":101,"column":15},"end":{"line":101,"column":20}},"loc":{"start":{"line":103,"column":21},"end":{"line":110,"column":null}}},"8":{"name":"(anonymous_19)","decl":{"start":{"line":106,"column":41},"end":{"line":106,"column":47}},"loc":{"start":{"line":106,"column":52},"end":{"line":107,"column":null}}},"9":{"name":"(anonymous_20)","decl":{"start":{"line":106,"column":52},"end":{"line":106,"column":null}},"loc":{"start":{"line":106,"column":52},"end":{"line":107,"column":null}}},"10":{"name":"logout","decl":{"start":{"line":118,"column":15},"end":{"line":118,"column":21}},"loc":{"start":{"line":118,"column":35},"end":{"line":125,"column":null}}},"11":{"name":"logoutAll","decl":{"start":{"line":132,"column":15},"end":{"line":132,"column":24}},"loc":{"start":{"line":132,"column":24},"end":{"line":140,"column":null}}},"12":{"name":"(anonymous_25)","decl":{"start":{"line":134,"column":32},"end":{"line":134,"column":36}},"loc":{"start":{"line":134,"column":39},"end":{"line":138,"column":3}}},"13":{"name":"(anonymous_26)","decl":{"start":{"line":135,"column":48},"end":{"line":135,"column":53}},"loc":{"start":{"line":135,"column":56},"end":{"line":137,"column":5}}},"14":{"name":"check","decl":{"start":{"line":147,"column":15},"end":{"line":147,"column":20}},"loc":{"start":{"line":147,"column":34},"end":{"line":152,"column":null}}},"15":{"name":"checkAll","decl":{"start":{"line":158,"column":15},"end":{"line":158,"column":23}},"loc":{"start":{"line":158,"column":23},"end":{"line":168,"column":null}}},"16":{"name":"find","decl":{"start":{"line":179,"column":15},"end":{"line":179,"column":19}},"loc":{"start":{"line":179,"column":49},"end":{"line":181,"column":null}}},"17":{"name":"decrypt","decl":{"start":{"line":189,"column":15},"end":{"line":189,"column":22}},"loc":{"start":{"line":189,"column":54},"end":{"line":191,"column":null}}},"18":{"name":"addObject","decl":{"start":{"line":198,"column":15},"end":{"line":198,"column":24}},"loc":{"start":{"line":198,"column":54},"end":{"line":200,"column":null}}},"19":{"name":"tabFind","decl":{"start":{"line":209,"column":15},"end":{"line":209,"column":22}},"loc":{"start":{"line":209,"column":53},"end":{"line":228,"column":null}}},"20":{"name":"(anonymous_39)","decl":{"start":{"line":212,"column":57},"end":{"line":212,"column":63}},"loc":{"start":{"line":212,"column":70},"end":{"line":221,"column":4}}},"21":{"name":"(anonymous_40)","decl":{"start":{"line":212,"column":70},"end":{"line":212,"column":null}},"loc":{"start":{"line":212,"column":70},"end":{"line":221,"column":3}}},"22":{"name":"getSiteInfo","decl":{"start":{"line":238,"column":15},"end":{"line":238,"column":26}},"loc":{"start":{"line":238,"column":40},"end":{"line":245,"column":null}}},"23":{"name":"(anonymous_43)","decl":{"start":{"line":240,"column":41},"end":{"line":240,"column":47}},"loc":{"start":{"line":240,"column":52},"end":{"line":241,"column":null}}},"24":{"name":"(anonymous_44)","decl":{"start":{"line":240,"column":52},"end":{"line":240,"column":null}},"loc":{"start":{"line":240,"column":52},"end":{"line":241,"column":null}}},"25":{"name":"generatePassword","decl":{"start":{"line":253,"column":15},"end":{"line":253,"column":31}},"loc":{"start":{"line":264,"column":3},"end":{"line":267,"column":null}}}},"branchMap":{"0":{"loc":{"start":{"line":47,"column":4},"end":{"line":60,"column":null}},"type":"if","locations":[{"start":{"line":47,"column":4},"end":{"line":60,"column":null}},{"start":{"line":47,"column":4},"end":{"line":60,"column":null}}]},"1":{"loc":{"start":{"line":48,"column":6},"end":{"line":51,"column":null}},"type":"if","locations":[{"start":{"line":48,"column":6},"end":{"line":51,"column":null}},{"start":{"line":48,"column":6},"end":{"line":51,"column":null}}]},"2":{"loc":{"start":{"line":54,"column":11},"end":{"line":60,"column":null}},"type":"if","locations":[{"start":{"line":54,"column":11},"end":{"line":60,"column":null}},{"start":{"line":54,"column":11},"end":{"line":60,"column":null}}]},"3":{"loc":{"start":{"line":73,"column":2},"end":{"line":75,"column":null}},"type":"if","locations":[{"start":{"line":73,"column":2},"end":{"line":75,"column":null}},{"start":{"line":73,"column":2},"end":{"line":75,"column":null}}]},"4":{"loc":{"start":{"line":150,"column":6},"end":{"line":150,"column":35}},"type":"cond-expr","locations":[{"start":{"line":150,"column":6},"end":{"line":150,"column":35}},{"start":{"line":151,"column":6},"end":{"line":151,"column":40}}]},"5":{"loc":{"start":{"line":163,"column":4},"end":{"line":165,"column":null}},"type":"if","locations":[{"start":{"line":163,"column":4},"end":{"line":165,"column":null}},{"start":{"line":163,"column":4},"end":{"line":165,"column":null}}]}},"s":{"0":4,"1":4,"2":4,"3":4,"4":4,"5":4,"6":24,"7":24,"8":15,"9":9,"10":4,"11":3,"12":3,"13":1,"14":5,"15":1,"16":1,"17":4,"18":4,"19":19,"20":19,"21":3,"22":16,"23":16,"24":17,"25":17,"26":17,"27":14,"28":14,"29":3,"30":3,"31":3,"32":3,"33":3,"34":3,"35":2,"36":2,"37":1,"38":2,"39":1,"40":1,"41":2,"42":1,"43":1,"44":4,"45":2,"46":1,"47":1,"48":1,"49":2,"50":2,"51":1,"52":1,"53":4,"54":1,"55":1,"56":1,"57":1,"58":1,"59":2,"60":2,"61":2,"62":1,"63":1,"64":1,"65":1,"66":1,"67":1,"68":2,"69":1,"70":2,"71":2,"72":4,"73":4,"74":2,"75":2,"76":2,"77":1,"78":4},"f":{"0":24,"1":19,"2":17,"3":17,"4":17,"5":14,"6":14,"7":3,"8":3,"9":3,"10":2,"11":1,"12":2,"13":1,"14":4,"15":1,"16":4,"17":1,"18":1,"19":1,"20":2,"21":2,"22":2,"23":4,"24":4,"25":1},"b":{"0":[4,5],"1":[3,1],"2":[1,4],"3":[3,16],"4":[1,1],"5":[1,1]}}
,"/home/oscar/work/storedsafe/browser_extension/storedsafe-browser-extension-refactor/src/model/storedsafe/test/data/find.ts": {"path":"/home/oscar/work/storedsafe/browser_extension/storedsafe-browser-extension-refactor/src/model/storedsafe/test/data/find.ts","statementMap":{"0":{"start":{"line":1,"column":13},"end":{"line":39,"column":null}},"1":{"start":{"line":40,"column":13},"end":{"line":40,"column":null}},"2":{"start":{"line":42,"column":13},"end":{"line":73,"column":null}},"3":{"start":{"line":76,"column":13},"end":{"line":76,"column":null}}},"fnMap":{},"branchMap":{},"s":{"0":2,"1":2,"2":2,"3":2},"f":{},"b":{}}
,"/home/oscar/work/storedsafe/browser_extension/storedsafe-browser-extension-refactor/src/model/storedsafe/test/data/sessions.ts": {"path":"/home/oscar/work/storedsafe/browser_extension/storedsafe-browser-extension-refactor/src/model/storedsafe/test/data/sessions.ts","statementMap":{"0":{"start":{"line":1,"column":13},"end":{"line":13,"column":null}},"1":{"start":{"line":14,"column":13},"end":{"line":14,"column":null}},"2":{"start":{"line":16,"column":13},"end":{"line":28,"column":null}},"3":{"start":{"line":29,"column":13},"end":{"line":29,"column":null}},"4":{"start":{"line":31,"column":13},"end":{"line":43,"column":null}},"5":{"start":{"line":44,"column":13},"end":{"line":44,"column":null}}},"fnMap":{},"branchMap":{},"s":{"0":4,"1":4,"2":4,"3":4,"4":4,"5":4},"f":{},"b":{}}
,"/home/oscar/work/storedsafe/browser_extension/storedsafe-browser-extension-refactor/src/model/storedsafe/test/data/siteInfo.ts": {"path":"/home/oscar/work/storedsafe/browser_extension/storedsafe-browser-extension-refactor/src/model/storedsafe/test/data/siteInfo.ts","statementMap":{"0":{"start":{"line":1,"column":13},"end":{"line":30,"column":null}},"1":{"start":{"line":32,"column":13},"end":{"line":61,"column":null}}},"fnMap":{},"branchMap":{},"s":{"0":1,"1":1},"f":{},"b":{}}
}
