TN:
SF:src/components/DebugStorage/DebugStorage.tsx
FN:4,debugStorage
FN:5,isMap
FN:7,(anonymous_3)
FN:13,drawMap
FN:14,(anonymous_5)
FN:25,drawArray
FN:26,(anonymous_7)
FN:33,drawFunction
FN:37,drawObject
FN:38,(anonymous_10)
FN:76,(anonymous_11)
FNF:11
FNH:0
FNDA:0,debugStorage
FNDA:0,isMap
FNDA:0,(anonymous_3)
FNDA:0,drawMap
FNDA:0,(anonymous_5)
FNDA:0,drawArray
FNDA:0,(anonymous_7)
FNDA:0,drawFunction
FNDA:0,drawObject
FNDA:0,(anonymous_10)
FNDA:0,(anonymous_11)
DA:1,0
DA:2,0
DA:6,0
DA:8,0
DA:14,0
DA:15,0
DA:26,0
DA:27,0
DA:34,0
DA:38,0
DA:39,0
DA:47,0
DA:49,0
DA:50,0
DA:51,0
DA:52,0
DA:53,0
DA:54,0
DA:56,0
DA:58,0
DA:59,0
DA:60,0
DA:61,0
DA:65,0
DA:66,0
DA:76,0
DA:81,0
LF:27
LH:0
BRDA:8,0,0,0
BRDA:8,0,1,0
BRDA:8,0,2,0
BRDA:47,1,0,0
BRDA:47,1,1,0
BRDA:49,2,0,0
BRDA:49,2,1,0
BRDA:50,3,0,0
BRDA:50,3,1,0
BRDA:51,4,0,0
BRDA:51,4,1,0
BRDA:52,5,0,0
BRDA:52,5,1,0
BRDA:53,6,0,0
BRDA:53,6,1,0
BRDA:58,7,0,0
BRDA:58,7,1,0
BRDA:60,8,0,0
BRDA:60,8,1,0
BRDA:62,9,0,0
BRDA:62,9,1,0
BRDA:86,10,0,0
BRDA:86,10,1,0
BRDA:90,11,0,0
BRDA:90,11,1,0
BRDA:94,12,0,0
BRDA:94,12,1,0
BRF:27
BRH:0
end_of_record
TN:
SF:src/components/Popup/Popup.tsx
FN:111,(anonymous_6)
FN:120,(anonymous_7)
FN:126,(anonymous_8)
FNF:3
FNH:0
FNDA:0,(anonymous_6)
FNDA:0,(anonymous_7)
FNDA:0,(anonymous_8)
DA:1,0
DA:2,0
DA:3,0
DA:4,0
DA:5,0
DA:8,0
DA:111,0
DA:117,0
DA:119,0
DA:120,0
DA:123,0
DA:124,0
DA:126,0
DA:127,0
DA:131,0
DA:139,0
DA:148,0
LF:17
LH:0
BRDA:141,0,0,0
BRDA:141,0,1,0
BRDA:142,1,0,0
BRDA:142,1,1,0
BRDA:154,2,0,0
BRDA:154,2,1,0
BRF:6
BRH:0
end_of_record
TN:
SF:src/components/Popup/layout/TopMenu.tsx
FN:13,(anonymous_6)
FN:20,(anonymous_7)
FN:24,(anonymous_8)
FN:25,(anonymous_9)
FNF:4
FNH:0
FNDA:0,(anonymous_6)
FNDA:0,(anonymous_7)
FNDA:0,(anonymous_8)
FNDA:0,(anonymous_9)
DA:1,0
DA:2,0
DA:3,0
DA:4,0
DA:5,0
DA:13,0
DA:18,0
DA:20,0
DA:21,0
DA:24,0
DA:25,0
DA:28,0
LF:12
LH:0
BRDA:32,0,0,0
BRDA:32,0,1,0
BRF:2
BRH:0
end_of_record
TN:
SF:src/components/common/input/Button.tsx
FN:15,(anonymous_2)
FNF:1
FNH:1
FNDA:8,(anonymous_2)
DA:1,1
DA:2,1
DA:15,1
DA:19,8
DA:20,8
DA:22,8
DA:28,8
DA:36,1
LF:8
LH:8
BRDA:24,0,0,1
BRDA:24,0,1,7
BRF:2
BRH:2
end_of_record
TN:
SF:src/components/common/input/Checkbox.tsx
FN:5,(anonymous_6)
FNF:1
FNH:1
FNDA:2,(anonymous_6)
DA:1,1
DA:2,1
DA:5,1
DA:6,2
LF:4
LH:4
BRF:0
BRH:0
end_of_record
TN:
SF:src/components/common/input/MenuButton.tsx
FN:12,(anonymous_2)
FNF:1
FNH:1
FNDA:5,(anonymous_2)
DA:1,2
DA:2,2
DA:12,2
DA:14,5
DA:15,5
DA:17,5
DA:19,5
LF:7
LH:7
BRF:0
BRH:0
end_of_record
TN:
SF:src/components/common/input/Radio.tsx
FN:6,(anonymous_6)
FNF:1
FNH:1
FNDA:2,(anonymous_6)
DA:1,1
DA:2,1
DA:6,1
DA:7,2
LF:4
LH:4
BRF:0
BRH:0
end_of_record
TN:
SF:src/components/common/input/SearchBar.tsx
FN:35,(anonymous_2)
FN:43,(anonymous_3)
FN:62,(anonymous_4)
FNF:3
FNH:3
FNDA:4,(anonymous_2)
FNDA:1,(anonymous_3)
FNDA:1,(anonymous_4)
DA:1,1
DA:2,1
DA:3,1
DA:5,1
DA:35,1
DA:40,4
DA:41,4
DA:43,4
DA:44,1
DA:45,1
DA:47,4
DA:63,1
DA:81,1
LF:13
LH:13
BRDA:50,0,0,1
BRDA:50,0,1,3
BRDA:68,1,0,1
BRDA:68,1,1,3
BRF:4
BRH:4
end_of_record
TN:
SF:src/components/common/input/Select.tsx
FN:6,(anonymous_2)
FNF:1
FNH:1
FNDA:1,(anonymous_2)
DA:1,1
DA:2,1
DA:6,1
DA:7,1
DA:8,1
DA:9,1
LF:6
LH:6
BRF:0
BRH:0
end_of_record
TN:
SF:src/components/common/layout/Banner.tsx
FN:9,(anonymous_1)
FNF:1
FNH:1
FNDA:1,(anonymous_1)
DA:1,1
DA:2,1
DA:3,1
DA:9,1
DA:12,1
LF:5
LH:5
BRF:0
BRH:0
end_of_record
TN:
SF:src/components/common/layout/ListView.tsx
FN:15,(anonymous_6)
FN:21,(anonymous_7)
FN:27,(anonymous_8)
FN:29,(anonymous_9)
FNF:4
FNH:4
FNDA:6,(anonymous_6)
FNDA:3,(anonymous_7)
FNDA:10,(anonymous_8)
FNDA:3,(anonymous_9)
DA:1,1
DA:2,1
DA:15,1
DA:19,6
DA:21,6
DA:22,3
DA:25,6
DA:27,6
DA:28,10
DA:29,10
DA:30,3
DA:31,1
DA:33,2
DA:37,10
DA:42,10
DA:52,6
LF:16
LH:16
BRDA:30,0,0,1
BRDA:30,0,1,2
BRDA:39,1,0,2
BRDA:39,1,1,8
BRDA:39,2,0,2
BRDA:39,2,1,6
BRDA:53,3,0,2
BRDA:53,3,1,4
BRF:8
BRH:8
end_of_record
TN:
SF:src/components/common/layout/LoadingComponent.tsx
FN:5,(anonymous_1)
FNF:1
FNH:1
FNDA:1,(anonymous_1)
DA:1,1
DA:2,1
DA:3,1
DA:5,1
DA:6,1
LF:5
LH:5
BRF:0
BRH:0
end_of_record
TN:
SF:src/components/common/layout/LoadingSpinner.tsx
FN:8,(anonymous_1)
FNF:1
FNH:1
FNDA:6,(anonymous_1)
DA:1,2
DA:2,2
DA:8,2
DA:11,6
DA:16,2
LF:5
LH:5
BRF:0
BRH:0
end_of_record
TN:
SF:src/components/common/layout/Logo.tsx
FN:5,(anonymous_1)
FNF:1
FNH:1
FNDA:2,(anonymous_1)
DA:1,2
DA:2,2
DA:3,2
DA:5,2
DA:6,2
LF:5
LH:5
BRF:0
BRH:0
end_of_record
TN:
SF:src/components/common/layout/Menu.tsx
FN:15,(anonymous_1)
FN:19,(anonymous_2)
FN:20,(anonymous_3)
FN:30,(anonymous_4)
FNF:4
FNH:4
FNDA:3,(anonymous_1)
FNDA:6,(anonymous_2)
FNDA:2,(anonymous_3)
FNDA:6,(anonymous_4)
DA:1,1
DA:2,1
DA:15,1
DA:19,3
DA:20,6
DA:21,2
DA:22,2
DA:26,3
DA:31,6
LF:9
LH:9
BRDA:27,0,0,2
BRDA:27,0,1,1
BRF:2
BRH:2
end_of_record
TN:
SF:src/components/common/layout/MenuIcon.tsx
FN:8,(anonymous_1)
FNF:1
FNH:1
FNDA:2,(anonymous_1)
DA:1,1
DA:2,1
DA:8,1
DA:11,2
LF:4
LH:4
BRDA:12,0,0,1
BRDA:12,0,1,1
BRF:2
BRH:2
end_of_record
TN:
SF:src/components/common/layout/Message.tsx
FN:9,(anonymous_1)
FNF:1
FNH:1
FNDA:5,(anonymous_1)
DA:1,1
DA:2,1
DA:9,1
DA:13,5
DA:16,1
LF:5
LH:5
BRF:0
BRH:0
end_of_record
TN:
SF:src/containers/DebugStorage.tsx
FN:4,(anonymous_6)
FN:9,(anonymous_7)
FN:13,(anonymous_8)
FN:16,(anonymous_9)
FN:22,(anonymous_10)
FN:25,(anonymous_11)
FN:31,(anonymous_12)
FN:34,(anonymous_13)
FN:38,(anonymous_14)
FNF:9
FNH:0
FNDA:0,(anonymous_6)
FNDA:0,(anonymous_7)
FNDA:0,(anonymous_8)
FNDA:0,(anonymous_9)
FNDA:0,(anonymous_10)
FNDA:0,(anonymous_11)
FNDA:0,(anonymous_12)
FNDA:0,(anonymous_13)
FNDA:0,(anonymous_14)
DA:1,0
DA:2,0
DA:4,0
DA:5,0
DA:6,0
DA:7,0
DA:9,0
DA:10,0
DA:11,0
DA:14,0
DA:17,0
DA:20,0
DA:23,0
DA:26,0
DA:29,0
DA:32,0
DA:35,0
DA:38,0
DA:39,0
DA:43,0
DA:46,0
LF:21
LH:0
BRDA:14,0,0,0
BRDA:14,0,1,0
BRDA:23,1,0,0
BRDA:23,1,1,0
BRDA:32,2,0,0
BRDA:32,2,1,0
BRF:6
BRH:0
end_of_record
TN:
SF:src/containers/Extension.tsx
FN:10,(anonymous_7)
FN:38,(anonymous_8)
FN:43,(anonymous_9)
FNF:3
FNH:0
FNDA:0,(anonymous_7)
FNDA:0,(anonymous_8)
FNDA:0,(anonymous_9)
DA:5,0
DA:6,0
DA:8,0
DA:10,0
DA:11,0
DA:12,0
DA:13,0
DA:38,0
DA:39,0
DA:43,0
DA:44,0
DA:45,0
DA:47,0
DA:48,0
DA:51,0
DA:52,0
DA:55,0
DA:60,0
DA:72,0
LF:19
LH:0
BRDA:10,0,0,0
BRDA:10,0,1,0
BRDA:46,1,0,0
BRDA:46,1,1,0
BRDA:46,1,2,0
BRDA:62,2,0,0
BRDA:62,2,1,0
BRDA:63,3,0,0
BRDA:63,3,1,0
BRF:9
BRH:0
end_of_record
TN:
SF:src/containers/Popup.tsx
FN:4,(anonymous_1)
FN:5,(anonymous_2)
FN:6,(anonymous_3)
FN:15,(anonymous_4)
FNF:4
FNH:0
FNDA:0,(anonymous_1)
FNDA:0,(anonymous_2)
FNDA:0,(anonymous_3)
FNDA:0,(anonymous_4)
DA:1,0
DA:2,0
DA:4,0
DA:5,0
DA:6,0
DA:7,0
DA:11,0
DA:15,0
DA:21,0
LF:9
LH:0
BRF:0
BRH:0
end_of_record
TN:
SF:src/model/storage/Blacklist.ts
FN:14,get
FN:28,set
FN:44,add
FN:59,remove
FN:61,(anonymous_4)
FN:69,clear
FNF:6
FNH:6
FNDA:12,get
FNDA:4,set
FNDA:3,add
FNDA:1,remove
FNDA:3,(anonymous_4)
FNDA:1,clear
DA:8,1
DA:15,12
DA:16,12
DA:17,10
DA:19,2
DA:20,2
DA:29,4
DA:30,4
DA:32,1
DA:45,3
DA:46,3
DA:47,1
DA:49,2
DA:50,2
DA:51,2
DA:60,1
DA:61,3
DA:62,1
DA:70,1
DA:73,1
LF:20
LH:20
BRDA:17,0,0,1
BRDA:17,0,1,9
BRDA:46,1,0,1
BRDA:46,1,1,2
BRF:4
BRH:4
end_of_record
TN:
SF:src/model/storage/Preferences.ts
FN:13,get
FN:27,set
FN:43,setLastUsedSite
FN:55,updateSitePreferences
FN:74,clear
FNF:5
FNH:5
FNDA:11,get
FNDA:4,set
FNDA:2,setLastUsedSite
FNDA:1,updateSitePreferences
FNDA:1,clear
DA:14,11
DA:15,11
DA:16,9
DA:18,2
DA:19,2
DA:28,4
DA:29,4
DA:31,1
DA:44,2
DA:45,2
DA:59,1
DA:60,1
DA:67,1
DA:75,1
DA:78,1
LF:15
LH:15
BRDA:16,0,0,3
BRDA:16,0,1,6
BRF:2
BRH:2
end_of_record
TN:
SF:src/model/storage/Sessions.ts
FN:14,get
FN:29,set
FN:48,add
FN:59,remove
FN:72,clear
FNF:5
FNH:5
FNDA:49,get
FNDA:12,set
FNDA:5,add
FNDA:5,remove
FNDA:2,clear
DA:15,49
DA:16,49
DA:17,47
DA:19,2
DA:20,2
DA:30,12
DA:31,12
DA:35,1
DA:49,5
DA:50,5
DA:51,5
DA:60,5
DA:61,5
DA:62,5
DA:63,5
DA:65,5
DA:73,2
DA:76,5
LF:18
LH:18
BRDA:17,0,0,4
BRDA:17,0,1,43
BRF:2
BRH:2
end_of_record
TN:
SF:src/model/storage/Settings.ts
FN:99,(anonymous_0)
FN:104,(anonymous_1)
FN:117,get
FN:142,set
FN:161,update
FNF:5
FNH:5
FNDA:27,(anonymous_0)
FNDA:55,(anonymous_1)
FNDA:16,get
FNDA:5,set
FNDA:5,update
DA:23,1
DA:24,1
DA:39,1
DA:64,1
DA:99,1
DA:104,27
DA:105,55
DA:106,49
DA:118,16
DA:119,16
DA:120,16
DA:121,16
DA:122,2
DA:124,16
DA:125,14
DA:126,9
DA:128,14
DA:129,2
DA:131,14
DA:133,2
DA:135,16
DA:143,5
DA:144,5
DA:145,16
DA:146,14
DA:149,5
DA:150,5
DA:152,1
DA:162,5
DA:163,5
DA:164,5
DA:167,1
LF:32
LH:32
BRDA:102,0,0,25
BRDA:105,1,0,49
BRDA:105,1,1,6
BRDA:121,2,0,2
BRDA:121,2,1,14
BRDA:121,3,0,6
BRDA:121,3,1,10
BRDA:121,4,0,16
BRDA:121,4,1,16
BRDA:125,5,0,9
BRDA:125,5,1,5
BRDA:128,6,0,2
BRDA:128,6,1,12
BRDA:128,7,0,6
BRDA:128,7,1,8
BRDA:128,8,0,14
BRDA:128,8,1,14
BRDA:145,9,0,14
BRDA:145,9,1,2
BRF:19
BRH:19
end_of_record
TN:
SF:src/model/storage/Sites.ts
FN:27,sitesFromCollections
FN:38,get
FN:55,set
FN:71,add
FN:78,(anonymous_4)
FN:78,(anonymous_5)
FN:87,remove
FN:91,(anonymous_7)
FN:94,(anonymous_8)
FN:94,(anonymous_9)
FN:102,fetch
FN:103,(anonymous_11)
FNF:12
FNH:12
FNDA:8,sitesFromCollections
FNDA:11,get
FNDA:3,set
FNDA:2,add
FNDA:2,(anonymous_4)
FNDA:2,(anonymous_5)
FNDA:1,remove
FNDA:3,(anonymous_7)
FNDA:1,(anonymous_8)
FNDA:1,(anonymous_9)
FNDA:5,fetch
FNDA:5,(anonymous_11)
DA:12,1
DA:13,1
DA:28,8
DA:39,11
DA:40,11
DA:41,11
DA:42,9
DA:43,9
DA:44,9
DA:46,2
DA:47,2
DA:56,3
DA:57,3
DA:59,1
DA:72,2
DA:73,2
DA:77,2
DA:78,2
DA:88,1
DA:89,1
DA:91,3
DA:93,1
DA:94,1
DA:103,5
DA:106,1
LF:25
LH:25
BRDA:42,0,0,7
BRDA:42,0,1,2
BRDA:43,1,0,3
BRDA:43,1,1,6
BRF:4
BRH:4
end_of_record
TN:
SF:src/model/storage/TabResults.ts
FN:14,get
FN:21,(anonymous_1)
FN:33,set
FN:37,(anonymous_3)
FN:53,setTabResults
FN:67,removeTabResults
FN:78,purgeHost
FN:95,clear
FNF:8
FNH:8
FNDA:15,get
FNDA:11,(anonymous_1)
FNDA:6,set
FNDA:6,(anonymous_3)
FNDA:3,setTabResults
FNDA:1,removeTabResults
FNDA:1,purgeHost
FNDA:1,clear
DA:15,15
DA:16,15
DA:18,13
DA:20,13
DA:21,11
DA:24,2
DA:25,2
DA:34,6
DA:35,6
DA:37,6
DA:40,1
DA:57,3
DA:58,3
DA:59,3
DA:68,1
DA:69,1
DA:70,1
DA:71,1
DA:79,1
DA:80,1
DA:81,1
DA:82,2
DA:83,3
DA:84,2
DA:88,1
DA:96,1
DA:104,5
LF:27
LH:27
BRDA:18,0,0,3
BRDA:18,0,1,10
BRDA:83,1,0,2
BRDA:83,1,1,1
BRF:4
BRH:4
end_of_record
TN:
SF:src/model/storage/storage.d.ts
FNF:0
FNH:0
LF:0
LH:0
BRF:0
BRH:0
end_of_record
TN:
SF:src/model/storedsafe/AuthHandler.ts
FN:21,login
FN:25,(anonymous_1)
FN:56,logout
FN:57,(anonymous_3)
FN:65,check
FN:67,(anonymous_5)
FNF:6
FNH:6
FNDA:3,login
FNDA:3,(anonymous_1)
FNDA:4,logout
FNDA:3,(anonymous_3)
FNDA:6,check
FNDA:6,(anonymous_5)
DA:25,3
DA:27,3
DA:28,1
DA:29,1
DA:30,1
DA:31,1
DA:34,2
DA:35,2
DA:37,3
DA:39,3
DA:40,3
DA:41,3
DA:42,3
DA:57,4
DA:66,6
DA:67,6
DA:68,2
DA:70,4
DA:71,2
DA:73,2
DA:77,4
LF:21
LH:21
BRDA:27,0,0,1
BRDA:27,0,1,2
BRDA:40,1,0,2
BRDA:40,1,1,1
BRDA:41,2,0,2
BRDA:41,2,1,1
BRDA:70,3,0,2
BRDA:70,3,1,2
BRF:8
BRH:8
end_of_record
TN:
SF:src/model/storedsafe/MiscHandler.ts
FN:25,getVaults
FN:29,(anonymous_1)
FN:35,(anonymous_2)
FN:47,getTemplates
FN:51,(anonymous_4)
FN:61,(anonymous_5)
FN:81,generatePassword
FN:95,(anonymous_7)
FNF:8
FNH:8
FNDA:2,getVaults
FNDA:2,(anonymous_1)
FNDA:1,(anonymous_2)
FNDA:2,getTemplates
FNDA:2,(anonymous_4)
FNDA:6,(anonymous_5)
FNDA:1,generatePassword
FNDA:1,(anonymous_7)
DA:27,2
DA:28,2
DA:29,2
DA:33,1
DA:35,2
DA:50,2
DA:51,2
DA:53,2
DA:54,2
DA:56,4
DA:57,2
DA:62,6
DA:63,6
DA:72,2
DA:94,1
DA:95,1
DA:97,1
DA:100,4
LF:18
LH:18
BRDA:56,0,0,2
BRDA:56,0,1,2
BRF:2
BRH:2
end_of_record
TN:
SF:src/model/storedsafe/ObjectHandler.ts
FN:26,(anonymous_0)
FN:40,(anonymous_1)
FN:75,find
FN:80,(anonymous_3)
FN:86,(anonymous_4)
FN:103,decrypt
FN:108,(anonymous_6)
FN:110,(anonymous_7)
FN:112,(anonymous_8)
FN:122,add
FN:126,(anonymous_10)
FNF:11
FNH:11
FNDA:3,(anonymous_0)
FNDA:9,(anonymous_1)
FNDA:4,find
FNDA:2,(anonymous_3)
FNDA:6,(anonymous_4)
FNDA:1,decrypt
FNDA:1,(anonymous_6)
FNDA:1,(anonymous_7)
FNDA:1,(anonymous_8)
FNDA:1,add
FNDA:1,(anonymous_10)
DA:26,4
DA:34,3
DA:35,3
DA:36,3
DA:37,3
DA:40,3
DA:46,9
DA:49,9
DA:56,9
DA:66,3
DA:79,4
DA:80,2
DA:82,2
DA:83,2
DA:84,4
DA:85,4
DA:86,6
DA:88,4
DA:89,4
DA:90,2
DA:92,2
DA:94,2
DA:107,1
DA:108,1
DA:110,1
DA:111,1
DA:112,1
DA:114,1
DA:126,1
DA:129,4
LF:30
LH:30
BRDA:29,0,0,2
BRDA:50,1,0,3
BRDA:50,1,1,6
BRDA:51,2,0,1
BRDA:51,2,1,2
BRDA:89,3,0,2
BRDA:89,3,1,2
BRF:7
BRH:7
end_of_record
TN:
SF:src/model/storedsafe/StoredSafe.ts
FN:40,handleErrors
FN:71,getHandler
FN:85,makeRequest
FN:86,(anonymous_4)
FN:88,(anonymous_5)
FN:101,login
FN:106,(anonymous_7)
FN:118,logout
FN:132,logoutAll
FN:134,(anonymous_10)
FN:135,(anonymous_11)
FN:147,check
FN:158,checkAll
FN:179,find
FN:189,decrypt
FN:198,addObject
FN:209,tabFind
FN:212,(anonymous_18)
FN:238,getSiteInfo
FN:240,(anonymous_20)
FN:253,generatePassword
FNF:21
FNH:21
FNDA:24,handleErrors
FNDA:19,getHandler
FNDA:17,makeRequest
FNDA:17,(anonymous_4)
FNDA:14,(anonymous_5)
FNDA:3,login
FNDA:3,(anonymous_7)
FNDA:2,logout
FNDA:1,logoutAll
FNDA:2,(anonymous_10)
FNDA:1,(anonymous_11)
FNDA:4,check
FNDA:1,checkAll
FNDA:4,find
FNDA:1,decrypt
FNDA:1,addObject
FNDA:1,tabFind
FNDA:2,(anonymous_18)
FNDA:2,getSiteInfo
FNDA:4,(anonymous_20)
FNDA:1,generatePassword
DA:8,4
DA:9,4
DA:10,4
DA:11,4
DA:12,4
DA:13,4
DA:43,24
DA:44,24
DA:45,15
DA:47,9
DA:48,4
DA:49,3
DA:50,3
DA:53,1
DA:54,5
DA:55,1
DA:59,1
DA:61,4
DA:62,4
DA:72,19
DA:73,19
DA:74,3
DA:76,16
DA:77,16
DA:86,17
DA:87,17
DA:88,14
DA:105,3
DA:106,3
DA:107,3
DA:108,3
DA:109,3
DA:119,2
DA:120,2
DA:122,1
DA:124,2
DA:133,1
DA:134,1
DA:135,2
DA:136,1
DA:139,1
DA:148,4
DA:149,2
DA:159,1
DA:160,1
DA:161,1
DA:162,2
DA:163,2
DA:164,1
DA:167,1
DA:180,4
DA:190,1
DA:199,1
DA:210,1
DA:211,1
DA:212,1
DA:213,2
DA:214,2
DA:217,1
DA:219,1
DA:222,1
DA:223,1
DA:224,1
DA:225,2
DA:227,1
DA:239,2
DA:240,2
DA:241,4
DA:242,2
DA:243,2
DA:244,2
DA:266,1
DA:269,4
LF:73
LH:73
BRDA:47,0,0,4
BRDA:47,0,1,5
BRDA:48,1,0,3
BRDA:48,1,1,1
BRDA:54,2,0,1
BRDA:54,2,1,4
BRDA:73,3,0,3
BRDA:73,3,1,16
BRDA:150,4,0,1
BRDA:150,4,1,1
BRDA:163,5,0,1
BRDA:163,5,1,1
BRF:12
BRH:12
end_of_record
TN:
SF:src/model/storedsafe/storedsafe.d.ts
FNF:0
FNH:0
LF:0
LH:0
BRF:0
BRH:0
end_of_record
TN:
SF:src/model/storedsafe/test/data/find.ts
FNF:0
FNH:0
DA:1,2
DA:40,2
DA:42,2
DA:76,2
LF:4
LH:4
BRF:0
BRH:0
end_of_record
TN:
SF:src/model/storedsafe/test/data/sessions.ts
FNF:0
FNH:0
DA:1,4
DA:14,4
DA:16,4
DA:29,4
DA:31,4
DA:44,4
LF:6
LH:6
BRF:0
BRH:0
end_of_record
TN:
SF:src/model/storedsafe/test/data/siteInfo.ts
FNF:0
FNH:0
DA:1,1
DA:32,1
LF:2
LH:2
BRF:0
BRH:0
end_of_record
TN:
SF:src/scripts/background.ts
FN:30,invalidateSession
FN:40,invalidateAllSessions
FN:51,getTokenLife
FN:58,setupKeepAlive
FN:59,(anonymous_4)
FN:66,(anonymous_5)
FN:67,(anonymous_6)
FN:79,setupTimers
FN:80,(anonymous_8)
FN:88,(anonymous_9)
FN:102,urlToNeedle
FN:112,selectResult
FN:124,decryptResult
FN:130,(anonymous_13)
FN:142,parseResult
FN:155,tabFill
FN:168,fill
FN:181,tabFind
FN:197,copyToClipboard
FN:202,(anonymous_19)
FN:203,(anonymous_20)
FN:216,updateOnlineStatus
FN:218,(anonymous_22)
FN:224,(anonymous_23)
FN:233,onStartup
FN:234,(anonymous_25)
FN:245,handleSessionsChange
FN:259,onStorageChange
FN:276,createContextMenu
FN:288,onInstalled
FN:296,(anonymous_30)
FN:310,clearIdleTimer
FN:318,setupIdleTimer
FN:319,(anonymous_33)
FN:326,(anonymous_34)
FN:327,(anonymous_35)
FN:338,onIdle
FN:351,tryOpenPopup
FN:362,onMenuClick
FN:365,(anonymous_39)
FN:395,(anonymous_40)
FN:396,(anonymous_41)
FN:397,(anonymous_42)
FN:416,(anonymous_43)
FN:434,onMessage
FNF:45
FNH:0
FNDA:0,invalidateSession
FNDA:0,invalidateAllSessions
FNDA:0,getTokenLife
FNDA:0,setupKeepAlive
FNDA:0,(anonymous_4)
FNDA:0,(anonymous_5)
FNDA:0,(anonymous_6)
FNDA:0,setupTimers
FNDA:0,(anonymous_8)
FNDA:0,(anonymous_9)
FNDA:0,urlToNeedle
FNDA:0,selectResult
FNDA:0,decryptResult
FNDA:0,(anonymous_13)
FNDA:0,parseResult
FNDA:0,tabFill
FNDA:0,fill
FNDA:0,tabFind
FNDA:0,copyToClipboard
FNDA:0,(anonymous_19)
FNDA:0,(anonymous_20)
FNDA:0,updateOnlineStatus
FNDA:0,(anonymous_22)
FNDA:0,(anonymous_23)
FNDA:0,onStartup
FNDA:0,(anonymous_25)
FNDA:0,handleSessionsChange
FNDA:0,onStorageChange
FNDA:0,createContextMenu
FNDA:0,onInstalled
FNDA:0,(anonymous_30)
FNDA:0,clearIdleTimer
FNDA:0,setupIdleTimer
FNDA:0,(anonymous_33)
FNDA:0,(anonymous_34)
FNDA:0,(anonymous_35)
FNDA:0,onIdle
FNDA:0,tryOpenPopup
FNDA:0,onMenuClick
FNDA:0,(anonymous_39)
FNDA:0,(anonymous_40)
FNDA:0,(anonymous_41)
FNDA:0,(anonymous_42)
FNDA:0,(anonymous_43)
FNDA:0,onMessage
DA:12,0
DA:13,0
DA:14,0
DA:15,0
DA:16,0
DA:22,0
DA:31,0
DA:32,0
DA:33,0
DA:34,0
DA:41,0
DA:42,0
DA:43,0
DA:44,0
DA:52,0
DA:59,0
DA:60,0
DA:61,0
DA:64,0
DA:65,0
DA:66,0
DA:67,0
DA:68,0
DA:80,0
DA:81,0
DA:82,0
DA:83,0
DA:84,0
DA:85,0
DA:86,0
DA:89,0
DA:103,0
DA:104,0
DA:113,0
DA:114,0
DA:115,0
DA:118,0
DA:128,0
DA:129,0
DA:130,0
DA:133,0
DA:134,0
DA:136,0
DA:145,0
DA:146,0
DA:147,0
DA:149,0
DA:159,0
DA:169,0
DA:170,0
DA:171,0
DA:172,0
DA:173,0
DA:182,0
DA:183,0
DA:184,0
DA:185,0
DA:186,0
DA:187,0
DA:201,0
DA:202,0
DA:203,0
DA:204,0
DA:217,0
DA:218,0
DA:219,0
DA:222,0
DA:225,0
DA:234,0
DA:235,0
DA:236,0
DA:237,0
DA:246,0
DA:247,0
DA:248,0
DA:250,0
DA:251,0
DA:264,0
DA:265,0
DA:267,0
DA:268,0
DA:277,0
DA:293,0
DA:296,0
DA:297,0
DA:298,0
DA:302,0
DA:303,0
DA:311,0
DA:312,0
DA:319,0
DA:320,0
DA:322,0
DA:323,0
DA:325,0
DA:326,0
DA:327,0
DA:328,0
DA:339,0
DA:340,0
DA:341,0
DA:342,0
DA:343,0
DA:352,0
DA:353,0
DA:355,0
DA:363,0
DA:365,0
DA:366,0
DA:368,0
DA:371,0
DA:394,0
DA:395,0
DA:396,0
DA:398,0
DA:401,0
DA:402,0
DA:405,0
DA:406,0
DA:407,0
DA:408,0
DA:409,0
DA:410,0
DA:416,0
DA:417,0
DA:418,0
DA:423,0
DA:424,0
DA:426,0
DA:441,0
DA:442,0
DA:443,0
DA:445,0
DA:452,0
DA:455,0
DA:458,0
DA:461,0
DA:464,0
DA:467,0
DA:470,0
DA:473,0
LF:141
LH:0
BRDA:104,0,0,0
BRDA:104,0,1,0
BRDA:114,1,0,0
BRDA:114,1,1,0
BRDA:128,2,0,0
BRDA:128,2,1,0
BRDA:130,3,0,0
BRDA:130,3,1,0
BRDA:133,4,0,0
BRDA:133,4,1,0
BRDA:170,5,0,0
BRDA:170,5,1,0
BRDA:186,6,0,0
BRDA:186,6,1,0
BRDA:199,7,0,0
BRDA:217,8,0,0
BRDA:217,8,1,0
BRDA:264,9,0,0
BRDA:264,9,1,0
BRDA:267,10,0,0
BRDA:267,10,1,0
BRDA:267,11,0,0
BRDA:267,11,1,0
BRDA:267,12,0,0
BRDA:267,12,1,0
BRDA:302,13,0,0
BRDA:302,13,1,0
BRDA:302,14,0,0
BRDA:302,14,1,0
BRDA:322,15,0,0
BRDA:322,15,1,0
BRDA:339,16,0,0
BRDA:339,16,1,0
BRDA:341,17,0,0
BRDA:341,17,1,0
BRDA:342,18,0,0
BRDA:342,18,1,0
BRDA:364,19,0,0
BRDA:364,19,1,0
BRDA:402,20,0,0
BRDA:402,20,1,0
BRDA:409,21,0,0
BRDA:409,21,1,0
BRDA:442,22,0,0
BRDA:442,22,1,0
BRF:45
BRH:0
end_of_record
TN:
SF:src/scripts/content_script.ts
FN:12,(anonymous_0)
FN:114,isElementFillable
FN:129,isMatch
FN:146,getFormType
FN:209,scanPage
FN:218,(anonymous_5)
FN:232,(anonymous_6)
FN:240,(anonymous_7)
FN:269,fillForm
FN:308,onMessage
FNF:10
FNH:0
FNDA:0,(anonymous_0)
FNDA:0,isElementFillable
FNDA:0,isMatch
FNDA:0,getFormType
FNDA:0,scanPage
FNDA:0,(anonymous_5)
FNDA:0,(anonymous_6)
FNDA:0,(anonymous_7)
FNDA:0,fillForm
FNDA:0,onMessage
DA:12,0
DA:13,0
DA:14,0
DA:15,0
DA:16,0
DA:17,0
DA:18,0
DA:19,0
DA:49,0
DA:80,0
DA:115,0
DA:133,0
DA:134,0
DA:135,0
DA:136,0
DA:147,0
DA:149,0
DA:150,0
DA:151,0
DA:155,0
DA:156,0
DA:157,0
DA:158,0
DA:159,0
DA:164,0
DA:165,0
DA:166,0
DA:167,0
DA:168,0
DA:169,0
DA:170,0
DA:171,0
DA:172,0
DA:173,0
DA:178,0
DA:180,0
DA:182,0
DA:188,0
DA:196,0
DA:201,0
DA:210,0
DA:211,0
DA:212,0
DA:213,0
DA:214,0
DA:215,0
DA:217,0
DA:218,0
DA:219,0
DA:220,0
DA:221,0
DA:222,0
DA:223,0
DA:224,0
DA:225,0
DA:229,0
DA:232,0
DA:237,0
DA:238,0
DA:240,0
DA:245,0
DA:270,0
DA:271,0
DA:272,0
DA:273,0
DA:274,0
DA:275,0
DA:276,0
DA:277,0
DA:278,0
DA:279,0
DA:280,0
DA:283,0
DA:284,0
DA:288,0
DA:311,0
DA:312,0
DA:317,0
LF:78
LH:0
BRDA:12,0,0,0
BRDA:12,0,1,0
BRDA:115,1,0,0
BRDA:115,1,1,0
BRDA:133,2,0,0
BRDA:133,2,1,0
BRDA:137,3,0,0
BRDA:137,3,1,0
BRDA:137,3,2,0
BRDA:150,4,0,0
BRDA:150,4,1,0
BRDA:150,5,0,0
BRDA:150,5,1,0
BRDA:156,6,0,0
BRDA:156,6,1,0
BRDA:156,7,0,0
BRDA:156,7,1,0
BRDA:158,8,0,0
BRDA:158,8,1,0
BRDA:171,9,0,0
BRDA:171,9,1,0
BRDA:171,10,0,0
BRDA:171,10,1,0
BRDA:171,10,2,0
BRDA:172,11,0,0
BRDA:172,11,1,0
BRDA:172,12,0,0
BRDA:172,12,1,0
BRDA:172,12,2,0
BRDA:178,13,0,0
BRDA:178,13,1,0
BRDA:180,14,0,0
BRDA:180,14,1,0
BRDA:214,15,0,0
BRDA:214,15,1,0
BRDA:217,16,0,0
BRDA:217,16,1,0
BRDA:224,17,0,0
BRDA:224,17,1,0
BRDA:224,18,0,0
BRDA:224,18,1,0
BRDA:237,19,0,0
BRDA:237,19,1,0
BRDA:269,20,0,0
BRDA:273,21,0,0
BRDA:273,21,1,0
BRDA:273,22,0,0
BRDA:273,22,1,0
BRDA:276,23,0,0
BRDA:276,23,1,0
BRDA:283,24,0,0
BRDA:283,24,1,0
BRDA:288,25,0,0
BRDA:288,25,1,0
BRDA:288,26,0,0
BRDA:288,26,1,0
BRDA:311,27,0,0
BRDA:311,27,1,0
BRF:58
BRH:0
end_of_record
TN:
SF:src/types/import-png.d.ts
FNF:0
FNH:0
LF:0
LH:0
BRF:0
BRH:0
end_of_record
TN:
SF:src/types/import-svg.d.ts
FNF:0
FNH:0
LF:0
LH:0
BRF:0
BRH:0
end_of_record
