TN:
SF:src/model/storage/Blacklist.ts
FN:14,get
FN:28,set
FN:44,add
FN:59,remove
FN:61,(anonymous_15)
FN:69,clear
FNF:6
FNH:6
FNDA:12,get
FNDA:4,set
FNDA:3,add
FNDA:1,remove
FNDA:3,(anonymous_15)
FNDA:1,clear
DA:8,1
DA:15,12
DA:16,12
DA:17,10
DA:19,2
DA:20,2
DA:29,4
DA:30,4
DA:32,1
DA:45,3
DA:46,3
DA:47,1
DA:49,2
DA:50,2
DA:51,2
DA:60,1
DA:61,3
DA:62,1
DA:70,1
DA:73,1
LF:20
LH:20
BRDA:17,0,0,1
BRDA:17,0,1,9
BRDA:46,1,0,1
BRDA:46,1,1,2
BRF:4
BRH:4
end_of_record
TN:
SF:src/model/storage/Preferences.ts
FN:13,get
FN:27,set
FN:43,setLastUsedSite
FN:55,updateSitePreferences
FN:74,clear
FNF:5
FNH:5
FNDA:11,get
FNDA:4,set
FNDA:2,setLastUsedSite
FNDA:1,updateSitePreferences
FNDA:1,clear
DA:14,11
DA:15,11
DA:16,9
DA:18,2
DA:19,2
DA:28,4
DA:29,4
DA:31,1
DA:44,2
DA:45,2
DA:59,1
DA:60,1
DA:67,1
DA:75,1
DA:78,1
LF:15
LH:15
BRDA:16,0,0,3
BRDA:16,0,1,6
BRF:2
BRH:2
end_of_record
TN:
SF:src/model/storage/Sessions.ts
FN:14,get
FN:29,set
FN:48,add
FN:59,remove
FN:72,clear
FNF:5
FNH:5
FNDA:43,get
FNDA:10,set
FNDA:5,add
FNDA:4,remove
FNDA:1,clear
DA:15,43
DA:16,43
DA:17,41
DA:19,2
DA:20,2
DA:30,10
DA:31,10
DA:35,1
DA:49,5
DA:50,5
DA:51,5
DA:60,4
DA:61,4
DA:62,4
DA:63,4
DA:65,4
DA:73,1
DA:76,2
LF:18
LH:18
BRDA:17,0,0,4
BRDA:17,0,1,37
BRF:2
BRH:2
end_of_record
TN:
SF:src/model/storage/Settings.ts
FN:99,(anonymous_7)
FN:104,(anonymous_8)
FN:117,get
FN:142,set
FN:161,update
FNF:5
FNH:5
FNDA:27,(anonymous_7)
FNDA:55,(anonymous_8)
FNDA:16,get
FNDA:5,set
FNDA:5,update
DA:23,1
DA:24,1
DA:39,1
DA:64,1
DA:99,1
DA:104,27
DA:105,55
DA:106,49
DA:118,16
DA:119,16
DA:120,16
DA:121,16
DA:122,2
DA:124,16
DA:125,14
DA:126,9
DA:128,14
DA:129,2
DA:131,14
DA:133,2
DA:135,16
DA:143,5
DA:144,5
DA:145,16
DA:146,14
DA:149,5
DA:150,5
DA:152,1
DA:162,5
DA:163,5
DA:164,5
DA:167,1
LF:32
LH:32
BRDA:102,0,0,25
BRDA:105,1,0,49
BRDA:105,1,1,6
BRDA:121,2,0,2
BRDA:121,2,1,14
BRDA:121,3,0,6
BRDA:121,3,1,10
BRDA:121,4,0,16
BRDA:121,4,1,16
BRDA:125,5,0,9
BRDA:125,5,1,5
BRDA:128,6,0,2
BRDA:128,6,1,12
BRDA:128,7,0,6
BRDA:128,7,1,8
BRDA:128,8,0,14
BRDA:128,8,1,14
BRDA:145,9,0,14
BRDA:145,9,1,2
BRF:19
BRH:19
end_of_record
TN:
SF:src/model/storage/Sites.ts
FN:27,sitesFromCollections
FN:38,get
FN:55,set
FN:71,add
FN:78,(anonymous_14)
FN:78,(anonymous_15)
FN:78,(anonymous_16)
FN:87,remove
FN:91,(anonymous_19)
FN:94,(anonymous_20)
FN:94,(anonymous_21)
FN:94,(anonymous_22)
FN:102,fetch
FN:103,(anonymous_25)
FNF:14
FNH:14
FNDA:8,sitesFromCollections
FNDA:11,get
FNDA:3,set
FNDA:2,add
FNDA:2,(anonymous_14)
FNDA:2,(anonymous_15)
FNDA:2,(anonymous_16)
FNDA:1,remove
FNDA:3,(anonymous_19)
FNDA:1,(anonymous_20)
FNDA:1,(anonymous_21)
FNDA:1,(anonymous_22)
FNDA:5,fetch
FNDA:5,(anonymous_25)
DA:12,1
DA:13,1
DA:28,8
DA:39,11
DA:40,11
DA:41,11
DA:42,9
DA:43,9
DA:44,9
DA:46,2
DA:47,2
DA:56,3
DA:57,3
DA:59,1
DA:72,2
DA:73,2
DA:77,2
DA:78,2
DA:88,1
DA:89,1
DA:91,3
DA:93,1
DA:94,1
DA:103,5
DA:106,1
LF:25
LH:25
BRDA:42,0,0,7
BRDA:42,0,1,2
BRDA:43,1,0,3
BRDA:43,1,1,6
BRF:4
BRH:4
end_of_record
TN:
SF:src/model/storage/TabResults.ts
FN:14,get
FN:21,(anonymous_9)
FN:33,set
FN:37,(anonymous_12)
FN:53,setTabResults
FN:67,removeTabResults
FN:78,purgeHost
FN:95,clear
FNF:8
FNH:8
FNDA:15,get
FNDA:11,(anonymous_9)
FNDA:6,set
FNDA:6,(anonymous_12)
FNDA:3,setTabResults
FNDA:1,removeTabResults
FNDA:1,purgeHost
FNDA:1,clear
DA:15,15
DA:16,15
DA:18,13
DA:20,13
DA:21,11
DA:24,2
DA:25,2
DA:34,6
DA:35,6
DA:37,6
DA:40,1
DA:57,3
DA:58,3
DA:59,3
DA:68,1
DA:69,1
DA:70,1
DA:71,1
DA:79,1
DA:80,1
DA:81,1
DA:82,2
DA:83,3
DA:84,2
DA:88,1
DA:96,1
DA:104,2
LF:27
LH:27
BRDA:18,0,0,3
BRDA:18,0,1,10
BRDA:83,1,0,2
BRDA:83,1,1,1
BRF:4
BRH:4
end_of_record
TN:
SF:src/model/storedsafe/AuthHandler.ts
FN:21,login
FN:25,(anonymous_9)
FN:25,(anonymous_10)
FN:55,logout
FN:56,(anonymous_13)
FN:56,(anonymous_14)
FN:64,check
FN:66,(anonymous_17)
FN:66,(anonymous_18)
FNF:9
FNH:9
FNDA:3,login
FNDA:3,(anonymous_9)
FNDA:3,(anonymous_10)
FNDA:1,logout
FNDA:1,(anonymous_13)
FNDA:1,(anonymous_14)
FNDA:7,check
FNDA:7,(anonymous_17)
FNDA:7,(anonymous_18)
DA:25,3
DA:27,3
DA:28,1
DA:29,1
DA:30,1
DA:31,1
DA:33,2
DA:34,2
DA:36,3
DA:38,3
DA:39,3
DA:40,3
DA:41,3
DA:56,1
DA:65,7
DA:66,7
DA:67,5
DA:69,2
DA:73,1
LF:19
LH:19
BRDA:27,0,0,1
BRDA:27,0,1,2
BRDA:39,1,0,2
BRDA:39,1,1,1
BRDA:40,2,0,2
BRDA:40,2,1,1
BRF:6
BRH:6
end_of_record
TN:
SF:src/model/storedsafe/MiscHandler.ts
FN:25,getVaults
FN:29,(anonymous_9)
FN:29,(anonymous_10)
FN:36,(anonymous_11)
FN:48,getTemplates
FN:52,(anonymous_14)
FN:52,(anonymous_15)
FN:54,(anonymous_16)
FN:58,(anonymous_17)
FN:76,generatePassword
FN:90,(anonymous_20)
FN:90,(anonymous_21)
FNF:12
FNH:0
FNDA:0,getVaults
FNDA:0,(anonymous_9)
FNDA:0,(anonymous_10)
FNDA:0,(anonymous_11)
FNDA:0,getTemplates
FNDA:0,(anonymous_14)
FNDA:0,(anonymous_15)
FNDA:0,(anonymous_16)
FNDA:0,(anonymous_17)
FNDA:0,generatePassword
FNDA:0,(anonymous_20)
FNDA:0,(anonymous_21)
DA:27,0
DA:28,0
DA:29,0
DA:33,0
DA:34,0
DA:36,0
DA:51,0
DA:52,0
DA:54,0
DA:59,0
DA:60,0
DA:89,0
DA:90,0
DA:92,0
DA:95,1
LF:15
LH:1
BRDA:33,0,0,0
BRDA:33,0,1,0
BRDA:33,1,0,0
BRDA:33,1,1,0
BRDA:34,2,0,0
BRDA:34,2,1,0
BRF:6
BRH:0
end_of_record
TN:
SF:src/model/storedsafe/ObjectHandler.ts
FN:26,(anonymous_7)
FN:39,(anonymous_8)
FN:74,find
FN:79,(anonymous_11)
FN:79,(anonymous_12)
FN:85,(anonymous_13)
FN:100,decrypt
FN:105,(anonymous_16)
FN:105,(anonymous_17)
FN:107,(anonymous_18)
FN:109,(anonymous_19)
FN:119,add
FN:123,(anonymous_22)
FN:123,(anonymous_23)
FNF:14
FNH:11
FNDA:3,(anonymous_7)
FNDA:9,(anonymous_8)
FNDA:5,find
FNDA:5,(anonymous_11)
FNDA:5,(anonymous_12)
FNDA:2,(anonymous_13)
FNDA:1,decrypt
FNDA:1,(anonymous_16)
FNDA:1,(anonymous_17)
FNDA:1,(anonymous_18)
FNDA:1,(anonymous_19)
FNDA:0,add
FNDA:0,(anonymous_22)
FNDA:0,(anonymous_23)
DA:26,1
DA:32,3
DA:33,3
DA:34,3
DA:35,3
DA:36,3
DA:39,3
DA:45,9
DA:48,9
DA:55,9
DA:65,3
DA:78,5
DA:79,5
DA:81,2
DA:82,2
DA:83,2
DA:84,2
DA:85,2
DA:87,2
DA:88,2
DA:89,2
DA:91,2
DA:104,1
DA:105,1
DA:107,1
DA:108,1
DA:109,1
DA:111,1
DA:123,0
DA:126,1
LF:30
LH:29
BRDA:29,0,0,2
BRDA:33,1,0,0
BRDA:33,1,1,3
BRDA:49,2,0,3
BRDA:49,2,1,6
BRDA:50,3,0,1
BRDA:50,3,1,2
BRDA:88,4,0,0
BRDA:88,4,1,2
BRF:9
BRH:7
end_of_record
TN:
SF:src/model/storedsafe/StoredSafe.ts
FN:40,handleErrors
FN:69,getHandler
FN:83,makeRequest
FN:84,(anonymous_13)
FN:84,(anonymous_14)
FN:86,(anonymous_15)
FN:86,(anonymous_16)
FN:99,login
FN:104,(anonymous_19)
FN:104,(anonymous_20)
FN:108,(anonymous_21)
FN:108,(anonymous_22)
FN:117,logout
FN:120,(anonymous_25)
FN:123,(anonymous_26)
FN:123,(anonymous_27)
FN:131,logoutAll
FN:132,(anonymous_30)
FN:132,(anonymous_31)
FN:133,(anonymous_32)
FN:134,(anonymous_33)
FN:147,check
FN:148,(anonymous_36)
FN:148,(anonymous_37)
FN:159,checkAll
FN:160,(anonymous_40)
FN:160,(anonymous_41)
FN:181,find
FN:182,(anonymous_44)
FN:182,(anonymous_45)
FN:183,(anonymous_46)
FN:195,decrypt
FN:204,addObject
FN:215,tabFind
FN:216,(anonymous_53)
FN:216,(anonymous_54)
FN:218,(anonymous_55)
FN:218,(anonymous_56)
FN:220,(anonymous_57)
FN:224,(anonymous_58)
FN:226,(anonymous_59)
FN:226,(anonymous_60)
FN:244,getSiteInfo
FN:245,(anonymous_63)
FN:245,(anonymous_64)
FN:246,(anonymous_65)
FN:246,(anonymous_66)
FN:260,generatePassword
FNF:48
FNH:32
FNDA:17,handleErrors
FNDA:14,getHandler
FNDA:14,makeRequest
FNDA:14,(anonymous_13)
FNDA:14,(anonymous_14)
FNDA:14,(anonymous_15)
FNDA:14,(anonymous_16)
FNDA:3,login
FNDA:3,(anonymous_19)
FNDA:3,(anonymous_20)
FNDA:3,(anonymous_21)
FNDA:3,(anonymous_22)
FNDA:1,logout
FNDA:0,(anonymous_25)
FNDA:1,(anonymous_26)
FNDA:1,(anonymous_27)
FNDA:0,logoutAll
FNDA:0,(anonymous_30)
FNDA:0,(anonymous_31)
FNDA:0,(anonymous_32)
FNDA:0,(anonymous_33)
FNDA:7,check
FNDA:7,(anonymous_36)
FNDA:7,(anonymous_37)
FNDA:0,checkAll
FNDA:0,(anonymous_40)
FNDA:0,(anonymous_41)
FNDA:5,find
FNDA:5,(anonymous_44)
FNDA:5,(anonymous_45)
FNDA:2,(anonymous_46)
FNDA:1,decrypt
FNDA:0,addObject
FNDA:1,tabFind
FNDA:1,(anonymous_53)
FNDA:1,(anonymous_54)
FNDA:3,(anonymous_55)
FNDA:3,(anonymous_56)
FNDA:2,(anonymous_57)
FNDA:3,(anonymous_58)
FNDA:1,(anonymous_59)
FNDA:1,(anonymous_60)
FNDA:0,getSiteInfo
FNDA:0,(anonymous_63)
FNDA:0,(anonymous_64)
FNDA:0,(anonymous_65)
FNDA:0,(anonymous_66)
FNDA:0,generatePassword
DA:8,1
DA:9,1
DA:10,1
DA:11,1
DA:12,1
DA:13,1
DA:43,17
DA:44,17
DA:45,12
DA:46,12
DA:49,5
DA:50,5
DA:51,5
DA:52,0
DA:53,0
DA:57,0
DA:59,0
DA:60,0
DA:70,14
DA:71,14
DA:72,0
DA:74,14
DA:75,14
DA:84,14
DA:85,14
DA:86,14
DA:103,3
DA:104,3
DA:105,3
DA:106,3
DA:108,3
DA:118,1
DA:121,0
DA:123,1
DA:132,0
DA:133,0
DA:134,0
DA:135,0
DA:138,0
DA:148,7
DA:149,7
DA:160,0
DA:161,0
DA:162,0
DA:163,0
DA:164,0
DA:165,0
DA:168,0
DA:182,5
DA:183,5
DA:184,2
DA:196,1
DA:205,0
DA:216,1
DA:217,1
DA:218,3
DA:219,3
DA:222,2
DA:224,3
DA:226,1
DA:227,1
DA:228,1
DA:229,3
DA:231,1
DA:245,0
DA:246,0
DA:247,0
DA:248,0
DA:249,0
DA:250,0
DA:273,0
DA:276,1
LF:72
LH:45
BRDA:45,0,0,12
BRDA:45,0,1,0
BRDA:49,1,0,5
BRDA:49,1,1,0
BRDA:52,2,0,0
BRDA:52,2,1,0
BRDA:71,3,0,0
BRDA:71,3,1,14
BRDA:150,4,0,5
BRDA:150,4,1,2
BRDA:164,5,0,0
BRDA:164,5,1,0
BRDA:224,6,0,2
BRDA:224,6,1,1
BRF:14
BRH:7
end_of_record
